Running: fuse.exe -relaunch -intstyle "ise" -incremental -lib "unisims_ver" -lib "unimacro_ver" -lib "xilinxcorelib_ver" -lib "secureip" -o "C:/Users/vmartin/Documents/GitHub/embeddedLab/xilinx/lab1/lab1_top_module_isim_beh.exe" -prj "C:/Users/vmartin/Documents/GitHub/embeddedLab/xilinx/lab1/lab1_top_module_beh.prj" "work.lab1_top_module" "work.glbl" 
ISim P.20131013 (signature 0x7708f090)
Number of CPUs detected in this system: 4
Turning on mult-threading, number of parallel sub-compilation jobs: 8 
Determining compilation order of HDL files
Analyzing Verilog file "C:/Users/vmartin/Documents/GitHub/embeddedLab/xilinx/lab1/mealyStateMachineLab1.v" into library work
Analyzing Verilog file "C:/Users/vmartin/Documents/GitHub/embeddedLab/xilinx/lab1/incrementToValue.v" into library work
Analyzing Verilog file "C:/Users/vmartin/Documents/GitHub/embeddedLab/xilinx/lab1/clock.v" into library work
Analyzing Verilog file "C:/Users/vmartin/Documents/GitHub/embeddedLab/xilinx/lab1/BCD_From_7bit_Binary.v" into library work
Analyzing Verilog file "C:/Users/vmartin/Documents/GitHub/embeddedLab/xilinx/lab1/lab1_top_module.v" into library work
Analyzing Verilog file "C:/Xilinx/14.7/ISE_DS/ISE//verilog/src/glbl.v" into library work
Starting static elaboration
Completed static elaboration
Compiling module mealyStateMachineLab1
Compiling module clock
Compiling module incrementToValue
Compiling module BCD_From_7bit_Binary
Compiling module lab1_top_module
Compiling module glbl
Time Resolution for simulation is 1ps.
Waiting for 1 sub-compilation(s) to finish...
Compiled 6 Verilog Units
Built simulation executable C:/Users/vmartin/Documents/GitHub/embeddedLab/xilinx/lab1/lab1_top_module_isim_beh.exe
Fuse Memory Usage: 25832 KB
Fuse CPU Usage: 763 ms
