ISim log file
Running: C:\Users\vmartin\Documents\GitHub\embeddedLab\xilinx\lab1\lab1_top_module_isim_beh.exe -intstyle ise -gui -tclbatch isim.cmd -wdb C:/Users/vmartin/Documents/GitHub/embeddedLab/xilinx/lab1/lab1_top_module_isim_beh.wdb 
ISim P.20131013 (signature 0x7708f090)
WARNING: A WEBPACK license was found.
WARNING: Please use Xilinx License Configuration Manager to check out a full ISim license.
WARNING: ISim will run in Lite mode. Please refer to the ISim documentation for more information on the differences between the Lite and the Full version.
This is a Lite version of ISim.
Time resolution is 1 ps
# onerror resume
# wave add /
# run 1000 ns
Simulator is doing circuit initialization process.
Finished circuit initialization process.
# run all
# isim force add /lab1_top_module/CLK 1 -radix bin -value 0 -radix bin -time 500 fs -repeat 1 ps
# isim force add /lab1_top_module/CLK 1 -radix bin -value 0 -radix bin -time 500 fs -repeat 1 ps
# restart
# run 1.00us
Simulator is doing circuit initialization process.
Finished circuit initialization process.
# isim force add /lab1_top_module/CLK 1 -radix bin -value 0 -radix bin -time 1 ps -repeat 2 ps
# isim force add /lab1_top_module/CLK 1 -radix bin -value 0 -radix bin -time 1 ps -repeat 2 ps
# isim force add /lab1_top_module/CLK 1 -radix bin -value 0 -radix bin -time 10 ps -repeat 20 ps
# isim force add /lab1_top_module/CLK 1 -radix bin -value 0 -radix bin -time 10 ps -repeat 20 ps
# restart
# run 1.00us
Simulator is doing circuit initialization process.
Finished circuit initialization process.
ISim P.20131013 (signature 0x7708f090)
WARNING: A WEBPACK license was found.
WARNING: Please use Xilinx License Configuration Manager to check out a full ISim license.
WARNING: ISim will run in Lite mode. Please refer to the ISim documentation for more information on the differences between the Lite and the Full version.
This is a Lite version of ISim.
# run 1000 ns
Simulator is doing circuit initialization process.
Finished circuit initialization process.
