--------------------------------------------------------------------------------
Release 14.7 Trace  (nt64)
Copyright (c) 1995-2013 Xilinx, Inc.  All rights reserved.

C:\Xilinx\14.7\ISE_DS\ISE\bin\nt64\unwrapped\trce.exe -intstyle ise -v 3 -s 3
-n 3 -fastpaths -xml lab1_top_module.twx lab1_top_module.ncd -o
lab1_top_module.twr lab1_top_module.pcf -ucf atlys.ucf

Design file:              lab1_top_module.ncd
Physical constraint file: lab1_top_module.pcf
Device,package,speed:     xc6slx45,csg324,C,-3 (PRODUCTION 1.23 2013-10-13)
Report level:             verbose report

Environment Variable      Effect 
--------------------      ------ 
NONE                      No environment variables were set
--------------------------------------------------------------------------------

INFO:Timing:2698 - No timing constraints found, doing default enumeration.
INFO:Timing:3412 - To improve timing, see the Timing Closure User Guide (UG612).
INFO:Timing:2752 - To get complete path coverage, use the unconstrained paths 
   option. All paths that are not constrained will be reported in the 
   unconstrained paths section(s) of the report.
INFO:Timing:3339 - The clock-to-out numbers in this timing report are based on 
   a 50 Ohm transmission line loading model.  For the details of this model, 
   and for more information on accounting for different loading conditions, 
   please see the device datasheet.



Data Sheet report:
-----------------
All values displayed in nanoseconds (ns)

Setup/Hold to clock BTNL
------------+------------+------------+------------+------------+-------------------------------------------+--------+
            |Max Setup to|  Process   |Max Hold to |  Process   |                                           | Clock  |
Source      | clk (edge) |   Corner   | clk (edge) |   Corner   |Internal Clock(s)                          | Phase  |
------------+------------+------------+------------+------------+-------------------------------------------+--------+
SW<0>       |    1.294(F)|      SLOW  |    1.058(F)|      SLOW  |incrementer/currentValue[6]_GND_4_o_OR_40_o|   0.000|
SW<1>       |    1.876(F)|      SLOW  |    0.431(F)|      SLOW  |incrementer/currentValue[6]_GND_4_o_OR_40_o|   0.000|
SW<2>       |    1.678(F)|      SLOW  |    0.346(F)|      SLOW  |incrementer/currentValue[6]_GND_4_o_OR_40_o|   0.000|
SW<3>       |   -0.431(F)|      FAST  |    2.536(F)|      SLOW  |incrementer/currentValue[6]_GND_4_o_OR_40_o|   0.000|
SW<4>       |   -0.704(F)|      FAST  |    2.851(F)|      SLOW  |incrementer/currentValue[6]_GND_4_o_OR_40_o|   0.000|
SW<5>       |   -0.360(F)|      FAST  |    2.216(F)|      SLOW  |incrementer/currentValue[6]_GND_4_o_OR_40_o|   0.000|
SW<6>       |   -0.425(F)|      FAST  |    1.984(F)|      SLOW  |incrementer/currentValue[6]_GND_4_o_OR_40_o|   0.000|
------------+------------+------------+------------+------------+-------------------------------------------+--------+

Setup/Hold to clock BTNR
------------+------------+------------+------------+------------+-------------------------------------------+--------+
            |Max Setup to|  Process   |Max Hold to |  Process   |                                           | Clock  |
Source      | clk (edge) |   Corner   | clk (edge) |   Corner   |Internal Clock(s)                          | Phase  |
------------+------------+------------+------------+------------+-------------------------------------------+--------+
SW<0>       |   -0.543(F)|      FAST  |    3.321(F)|      SLOW  |incrementer/currentValue[6]_GND_4_o_OR_40_o|   0.000|
SW<1>       |   -0.107(F)|      FAST  |    2.694(F)|      SLOW  |incrementer/currentValue[6]_GND_4_o_OR_40_o|   0.000|
SW<2>       |   -0.282(F)|      FAST  |    2.609(F)|      SLOW  |incrementer/currentValue[6]_GND_4_o_OR_40_o|   0.000|
SW<3>       |   -1.847(F)|      FAST  |    4.799(F)|      SLOW  |incrementer/currentValue[6]_GND_4_o_OR_40_o|   0.000|
SW<4>       |   -2.120(F)|      FAST  |    5.114(F)|      SLOW  |incrementer/currentValue[6]_GND_4_o_OR_40_o|   0.000|
SW<5>       |   -1.776(F)|      FAST  |    4.479(F)|      SLOW  |incrementer/currentValue[6]_GND_4_o_OR_40_o|   0.000|
SW<6>       |   -1.841(F)|      FAST  |    4.247(F)|      SLOW  |incrementer/currentValue[6]_GND_4_o_OR_40_o|   0.000|
------------+------------+------------+------------+------------+-------------------------------------------+--------+

Setup/Hold to clock BTNU
------------+------------+------------+------------+------------+-------------------------------------------+--------+
            |Max Setup to|  Process   |Max Hold to |  Process   |                                           | Clock  |
Source      | clk (edge) |   Corner   | clk (edge) |   Corner   |Internal Clock(s)                          | Phase  |
------------+------------+------------+------------+------------+-------------------------------------------+--------+
SW<0>       |    1.082(F)|      SLOW  |    1.284(F)|      SLOW  |incrementer/currentValue[6]_GND_4_o_OR_40_o|   0.000|
SW<1>       |    1.664(F)|      SLOW  |    0.657(F)|      SLOW  |incrementer/currentValue[6]_GND_4_o_OR_40_o|   0.000|
SW<2>       |    1.466(F)|      SLOW  |    0.572(F)|      SLOW  |incrementer/currentValue[6]_GND_4_o_OR_40_o|   0.000|
SW<3>       |   -0.635(F)|      FAST  |    2.762(F)|      SLOW  |incrementer/currentValue[6]_GND_4_o_OR_40_o|   0.000|
SW<4>       |   -0.908(F)|      FAST  |    3.077(F)|      SLOW  |incrementer/currentValue[6]_GND_4_o_OR_40_o|   0.000|
SW<5>       |   -0.564(F)|      FAST  |    2.442(F)|      SLOW  |incrementer/currentValue[6]_GND_4_o_OR_40_o|   0.000|
SW<6>       |   -0.629(F)|      FAST  |    2.210(F)|      SLOW  |incrementer/currentValue[6]_GND_4_o_OR_40_o|   0.000|
------------+------------+------------+------------+------------+-------------------------------------------+--------+

Clock to Setup on destination clock BTNL
---------------+---------+---------+---------+---------+
               | Src:Rise| Src:Fall| Src:Rise| Src:Fall|
Source Clock   |Dest:Rise|Dest:Rise|Dest:Fall|Dest:Fall|
---------------+---------+---------+---------+---------+
BTNL           |         |         |    0.321|    0.321|
BTNR           |         |         |    2.584|    2.584|
BTNU           |         |         |    0.547|    0.547|
CLK            |         |         |    0.135|         |
---------------+---------+---------+---------+---------+

Clock to Setup on destination clock BTNR
---------------+---------+---------+---------+---------+
               | Src:Rise| Src:Fall| Src:Rise| Src:Fall|
Source Clock   |Dest:Rise|Dest:Rise|Dest:Fall|Dest:Fall|
---------------+---------+---------+---------+---------+
BTNL           |         |         |   -1.117|   -1.117|
BTNR           |         |         |    0.444|    0.444|
BTNU           |         |         |   -0.899|   -0.899|
CLK            |         |         |    0.135|         |
---------------+---------+---------+---------+---------+

Clock to Setup on destination clock BTNU
---------------+---------+---------+---------+---------+
               | Src:Rise| Src:Fall| Src:Rise| Src:Fall|
Source Clock   |Dest:Rise|Dest:Rise|Dest:Fall|Dest:Fall|
---------------+---------+---------+---------+---------+
BTNL           |         |         |    0.109|    0.109|
BTNR           |         |         |    2.372|    2.372|
BTNU           |         |         |    0.335|    0.335|
CLK            |         |         |    0.135|         |
---------------+---------+---------+---------+---------+

Clock to Setup on destination clock CLK
---------------+---------+---------+---------+---------+
               | Src:Rise| Src:Fall| Src:Rise| Src:Fall|
Source Clock   |Dest:Rise|Dest:Rise|Dest:Fall|Dest:Fall|
---------------+---------+---------+---------+---------+
BTNL           |    2.273|    2.273|         |         |
BTNR           |    4.536|    4.536|         |         |
BTNU           |    2.499|    2.499|         |         |
CLK            |    6.937|         |         |         |
---------------+---------+---------+---------+---------+


Analysis completed Thu Feb 13 13:22:49 2014 
--------------------------------------------------------------------------------

Trace Settings:
-------------------------
Trace Settings 

Peak Memory Usage: 291 MB



