Running: /data/fhiggins/xilinx_se/ISE_DS/ISE/bin/lin64/unwrapped/fuse -intstyle ise -incremental -lib unisims_ver -lib unimacro_ver -lib xilinxcorelib_ver -o /home/students/tuc56100/xilinx/lab12/tb_bp_cu_isim_beh.exe -prj /home/students/tuc56100/xilinx/lab12/tb_bp_cu_beh.prj work.tb_bp_cu work.glbl 
ISim O.76xd (signature 0x8ddf5b5d)
Number of CPUs detected in this system: 4
Turning on mult-threading, number of parallel sub-compilation jobs: 8 
Determining compilation order of HDL files
Analyzing Verilog file "/home/students/tuc56100/xilinx/lab12/bp_cu.v" into library work
Analyzing Verilog file "/home/students/tuc56100/xilinx/lab12/tb_bp_cu.v" into library work
Analyzing Verilog file "/data/fhiggins/xilinx_se/ISE_DS/ISE//verilog/src/glbl.v" into library work
Starting static elaboration
Completed static elaboration
Fuse Memory Usage: 93488 KB
Fuse CPU Usage: 1500 ms
Compiling module bp_cu
Compiling module tb_bp_cu
Compiling module glbl
Time Resolution for simulation is 1ps.
Compiled 3 Verilog Units
Built simulation executable /home/students/tuc56100/xilinx/lab12/tb_bp_cu_isim_beh.exe
Fuse Memory Usage: 651672 KB
Fuse CPU Usage: 1530 ms
GCC CPU Usage: 410 ms
