ISim log file
Running: /home/students/tuc56100/xilinx/lab12/tb_bp_cu_isim_beh.exe -intstyle ise -gui -tclbatch isim.cmd -wdb /home/students/tuc56100/xilinx/lab12/tb_bp_cu_isim_beh.wdb 
ISim O.76xd (signature 0x8ddf5b5d)
This is a Full version of ISim.
Time resolution is 1 ps
# onerror resume
# wave add /
# run 1000 ns
Simulator is doing circuit initialization process.
Inputs: rst, ir -- Outputs: rf_s, alu_s, rf_w_addr, rf_rq_addr, rf_w_wr, ud_flags, datam_addr
Finished circuit initialization process.
1 xxxxxxxxxxxxxxxx | 0 000 0000 0000 00 0 00000000
0 0000010100001111 | 0 000 0000 0000 00 0 00000000
0 0000010100001111 | 0 000 1111 0000 00 0 00001111
0 0000010100001111 | 1 000 0101 0000 11 0 00001111
Simulation complete!!!
Stopped at time : 91 ns : File "/home/students/tuc56100/xilinx/lab12/tb_bp_cu.v" Line 98
# restart
# run all
Simulator is doing circuit initialization process.
Inputs: rst, ir -- Outputs: rf_s, alu_s, rf_w_addr, rf_rq_addr, rf_w_wr, ud_flags, datam_addr
Finished circuit initialization process.
1 xxxxxxxxxxxxxxxx | 0 000 0000 0000 00 0 00000000
0 0000010100001111 | 0 000 0000 0000 00 0 00000000
0 0000010100001111 | 0 000 1111 0000 00 0 00001111
0 0000010100001111 | 1 000 0101 0000 11 0 00001111
Simulation complete!!!
Stopped at time : 91 ns : File "/home/students/tuc56100/xilinx/lab12/tb_bp_cu.v" Line 98
