ISim log file
Running: /home/students/tuc56100/xilinx/lab3/tb_svn_seg_decoder_isim_beh.exe -intstyle ise -gui -tclbatch isim.cmd -wdb /home/students/tuc56100/xilinx/lab3/tb_svn_seg_decoder_isim_beh.wdb 
INFO: There is another simulation running in the same directory. Using database file name isim1.wdb.
ISim O.76xd (signature 0x8ddf5b5d)
----------------------------------------------------------------------
INFO:Security:50 - The XILINXD_LICENSE_FILE environment variable is set to '2100@electro2:c:xilinx_licensexilinx.lic'.
INFO:Security:53 - The LM_LICENSE_FILE environment variable is not set.
WARNING:Security:43 - No license file was found in the standard Xilinx license directory.
WARNING:Security:44 - Since no license file was found,
       please run the Xilinx License Configuration Manager
       (xlcm or "Manage Xilinx Licenses")
       to assist in obtaining a license.
WARNING:Security:42 - Your license support version '2012.09' for ISIM expires in 16 days after which you will not qualify for Xilinx software updates or new releases.


----------------------------------------------------------------------
This is a Full version of ISim.
Time resolution is 1 ps
# onerror resume
# wave add /
# run 1000 ns
Simulator is doing circuit initialization process.
Finished circuit initialization process.
# run all
Simulation complete!!!
Stopped at time : 3200 ns : File "/home/students/tuc56100/xilinx/lab3/tb_svn_seg_decoder.v" Line 52
# run all
# run all
# run all
# run all
# run all
# help
Usage: help [<command_name>]
Type "help <command>" for help on commands.
Valid commands are: bp, cls, describe, divider, dump, group, help, hwcosim, init, isim, marker, ntrace, onerror, put, quit, restart, resume, run, saif, scope, sdfanno, show, specify, step, stop, test, vcd, virtualbus, wave, wcfg
bp < list | <add <file_name> <line_number>> | <remove <file_name> <line_number>> | <del <index_list>> | clear >
cls
describe <object_name>
divider add <name> [-into <id>] [-color <color>]
dump [-p [<process_name>]]
group add <name> [-into <id>]
help [<command_name>]
hwcosim < set <property> <value> > | < get <propery> > 
init
isim <  < <ptrace|ltrace> <on|off> > | < set <userunit|arraydisplaylength|maxtraceablesize|radix> <value> > | < get <userunit|arraydisplaylength|maxtraceablesize|radix> > | < condition <list | <add <options>> | <remove <options>> > | < force < <add <options>> | <remove <options>> > >
marker add <time>
ntrace <  start | stop | < select [-o <on|off>] < <-m <path_name> [-l <all|this>]> | <-n <signal_name>> > >
onerror {<script>}
put <hdl_object_name> <value> [-radix <type>]
quit [-f | -s]
restart
resume
run [ all | continue | <<time> [<unit>]> ]
saif < <open [-scope <path_name>] [-file <file_name>] [-level <nesting_level>] [-allnets] > |  close >
scope [.. | <path_name>]
sdfanno <-min|-typ|-max> <file_name> [-nowarn] [-noerror] [-root <path_name>]
show < time | port | scope | signal | variable | constant | <child [-r]> | <<driver|load|value> <hdl_object_name>> >
specify < <pathpulse <int> [<int>]> | <pulsestyle <onevent|ondetect>> | showcancelled | noshowcancelled >
step
stop
test <hdl_object_name> <value> [-radix <type>]
vcd < <dumpfile <file_name>> | dumpflush | dumpon | dumpoff | <dumpvars -m <path_name> [-l <level>]> | <dumplimit <size>> >
virtualbus add <name> [-into <id>] [-reverse] [-radix <radix>] [-color <color>]
wave <add [options] [<object_name>...]> | <log [options] [<object_name>...]>
wcfg new | open <fileName> | save <fileName> | select <fileName>
# test
Incorrect usage of command 'test'
Usage: test <hdl_object_name> <value> [-radix <type>]
for detailed help use 'help test'
# test all
Incorrect usage of command 'test'
Usage: test <hdl_object_name> <value> [-radix <type>]
for detailed help use 'help test'
# run all
# run
# run help
Incorrect usage of command 'run'
Usage: run [ all | continue | <<time> [<unit>]> ]
for detailed help use 'help run'
# run continue
# run all
INFO: There is another simulation running in the same directory. Using database file name isim1.wdb.
ISim O.76xd (signature 0x8ddf5b5d)
----------------------------------------------------------------------
INFO:Security:50 - The XILINXD_LICENSE_FILE environment variable is set to '2100@electro2:c:xilinx_licensexilinx.lic'.
INFO:Security:53 - The LM_LICENSE_FILE environment variable is not set.
WARNING:Security:43 - No license file was found in the standard Xilinx license directory.
WARNING:Security:44 - Since no license file was found,
       please run the Xilinx License Configuration Manager
       (xlcm or "Manage Xilinx Licenses")
       to assist in obtaining a license.
WARNING:Security:42 - Your license support version '2012.09' for ISIM expires in 16 days after which you will not qualify for Xilinx software updates or new releases.


----------------------------------------------------------------------
This is a Full version of ISim.
# run 1000 ns
Simulator is doing circuit initialization process.
Finished circuit initialization process.
# run all
Simulation complete!!!
Stopped at time : 3200 ns : File "/home/students/tuc56100/xilinx/lab3/tb_svn_seg_decoder.v" Line 52
# run all
# run all
INFO: There is another simulation running in the same directory. Using database file name isim1.wdb.
ISim O.76xd (signature 0x8ddf5b5d)
----------------------------------------------------------------------
INFO:Security:50 - The XILINXD_LICENSE_FILE environment variable is set to '2100@electro2:c:xilinx_licensexilinx.lic'.
INFO:Security:53 - The LM_LICENSE_FILE environment variable is not set.
WARNING:Security:43 - No license file was found in the standard Xilinx license directory.
WARNING:Security:44 - Since no license file was found,
       please run the Xilinx License Configuration Manager
       (xlcm or "Manage Xilinx Licenses")
       to assist in obtaining a license.
WARNING:Security:42 - Your license support version '2012.09' for ISIM expires in 16 days after which you will not qualify for Xilinx software updates or new releases.


----------------------------------------------------------------------
This is a Full version of ISim.
# run 1000 ns
Simulator is doing circuit initialization process.
Finished circuit initialization process.
# exit 0
# run all
Simulation complete!!!
Stopped at time : 3200 ns : File "/home/students/tuc56100/xilinx/lab3/tb_svn_seg_decoder.v" Line 52
# run all
# run all
ISim O.76xd (signature 0x8ddf5b5d)
----------------------------------------------------------------------
INFO:Security:50 - The XILINXD_LICENSE_FILE environment variable is set to '2100@electro2:c:xilinx_licensexilinx.lic'.
INFO:Security:53 - The LM_LICENSE_FILE environment variable is not set.
WARNING:Security:43 - No license file was found in the standard Xilinx license directory.
WARNING:Security:44 - Since no license file was found,
       please run the Xilinx License Configuration Manager
       (xlcm or "Manage Xilinx Licenses")
       to assist in obtaining a license.
WARNING:Security:42 - Your license support version '2012.09' for ISIM expires in 16 days after which you will not qualify for Xilinx software updates or new releases.


----------------------------------------------------------------------
This is a Full version of ISim.
# run 1000 ns
Simulator is doing circuit initialization process.
Finished circuit initialization process.
# run all
Simulation complete!!!
Stopped at time : 3200 ns : File "/home/students/tuc56100/xilinx/lab3/tb_svn_seg_decoder.v" Line 52
# run all
# restart
# run all
Simulator is doing circuit initialization process.
Finished circuit initialization process.
Simulation complete!!!
Stopped at time : 3200 ns : File "/home/students/tuc56100/xilinx/lab3/tb_svn_seg_decoder.v" Line 52
# exit 0
