Release 14.7 - xst P.20131013 (lin64)
Copyright (c) 1995-2013 Xilinx, Inc.  All rights reserved.
--> 
Parameter TMPDIR set to xst/projnav.tmp


Total REAL time to Xst completion: 0.00 secs
Total CPU time to Xst completion: 0.12 secs
 
--> 
Parameter xsthdpdir set to xst


Total REAL time to Xst completion: 0.00 secs
Total CPU time to Xst completion: 0.12 secs
 
--> 
Reading design: lab2_top_module.prj

TABLE OF CONTENTS
  1) Synthesis Options Summary
  2) HDL Parsing
  3) HDL Elaboration
  4) HDL Synthesis
       4.1) HDL Synthesis Report
  5) Advanced HDL Synthesis
       5.1) Advanced HDL Synthesis Report
  6) Low Level Synthesis
  7) Partition Report
  8) Design Summary
       8.1) Primitive and Black Box Usage
       8.2) Device utilization summary
       8.3) Partition Resource Summary
       8.4) Timing Report
            8.4.1) Clock Information
            8.4.2) Asynchronous Control Signals Information
            8.4.3) Timing Summary
            8.4.4) Timing Details
            8.4.5) Cross Clock Domains Report


=========================================================================
*                      Synthesis Options Summary                        *
=========================================================================
---- Source Parameters
Input File Name                    : "lab2_top_module.prj"
Ignore Synthesis Constraint File   : NO

---- Target Parameters
Output File Name                   : "lab2_top_module"
Output Format                      : NGC
Target Device                      : xc6slx45-3-csg324

---- Source Options
Top Module Name                    : lab2_top_module
Automatic FSM Extraction           : YES
FSM Encoding Algorithm             : Auto
Safe Implementation                : No
FSM Style                          : LUT
RAM Extraction                     : Yes
RAM Style                          : Auto
ROM Extraction                     : Yes
Shift Register Extraction          : YES
ROM Style                          : Auto
Resource Sharing                   : YES
Asynchronous To Synchronous        : NO
Shift Register Minimum Size        : 2
Use DSP Block                      : Auto
Automatic Register Balancing       : No

---- Target Options
LUT Combining                      : Auto
Reduce Control Sets                : Auto
Add IO Buffers                     : YES
Global Maximum Fanout              : 100000
Add Generic Clock Buffer(BUFG)     : 16
Register Duplication               : YES
Optimize Instantiated Primitives   : NO
Use Clock Enable                   : Auto
Use Synchronous Set                : Auto
Use Synchronous Reset              : Auto
Pack IO Registers into IOBs        : Auto
Equivalent register Removal        : YES

---- General Options
Optimization Goal                  : Speed
Optimization Effort                : 1
Power Reduction                    : NO
Keep Hierarchy                     : No
Netlist Hierarchy                  : As_Optimized
RTL Output                         : Yes
Global Optimization                : AllClockNets
Read Cores                         : YES
Write Timing Constraints           : NO
Cross Clock Analysis               : NO
Hierarchy Separator                : /
Bus Delimiter                      : <>
Case Specifier                     : Maintain
Slice Utilization Ratio            : 100
BRAM Utilization Ratio             : 100
DSP48 Utilization Ratio            : 100
Auto BRAM Packing                  : NO
Slice Utilization Ratio Delta      : 5

=========================================================================


=========================================================================
*                          HDL Parsing                                  *
=========================================================================
Analyzing Verilog file "/home/vmartin/Developer/embeddedLab/xilinx/lab2_redo/pbdebounce.v" into library work
Parsing module <pbdebounce>.
Analyzing Verilog file "/home/vmartin/Developer/embeddedLab/xilinx/lab2_redo/clock.v" into library work
Parsing module <clock>.
Analyzing Verilog file "/home/vmartin/Developer/embeddedLab/xilinx/lab2_redo/bcd_add_datapath.v" into library work
Parsing module <bcd_add_datapath>.
Analyzing Verilog file "/home/vmartin/Developer/embeddedLab/xilinx/lab2_redo/bcd_add_controller_ver2.v" into library work
Parsing module <bcd_add_controller_ver2>.
Analyzing Verilog file "/home/vmartin/Developer/embeddedLab/xilinx/lab2_redo/lab2_top_module.v" into library work
Parsing module <lab2_top_module>.

=========================================================================
*                            HDL Elaboration                            *
=========================================================================

Elaborating module <lab2_top_module>.

Elaborating module <clock>.

Elaborating module <pbdebounce>.

Elaborating module <bcd_add_controller_ver2>.
WARNING:HDLCompiler:91 - "/home/vmartin/Developer/embeddedLab/xilinx/lab2_redo/bcd_add_controller_ver2.v" Line 65: Signal <init> missing in the sensitivity list is added for synthesis purposes. HDL and post-synthesis simulations may differ as a result.
WARNING:HDLCompiler:91 - "/home/vmartin/Developer/embeddedLab/xilinx/lab2_redo/bcd_add_controller_ver2.v" Line 114: Signal <loadA> missing in the sensitivity list is added for synthesis purposes. HDL and post-synthesis simulations may differ as a result.
WARNING:HDLCompiler:91 - "/home/vmartin/Developer/embeddedLab/xilinx/lab2_redo/bcd_add_controller_ver2.v" Line 150: Signal <loadB> missing in the sensitivity list is added for synthesis purposes. HDL and post-synthesis simulations may differ as a result.
WARNING:HDLCompiler:91 - "/home/vmartin/Developer/embeddedLab/xilinx/lab2_redo/bcd_add_controller_ver2.v" Line 184: Signal <displayB> missing in the sensitivity list is added for synthesis purposes. HDL and post-synthesis simulations may differ as a result.
WARNING:HDLCompiler:91 - "/home/vmartin/Developer/embeddedLab/xilinx/lab2_redo/bcd_add_controller_ver2.v" Line 216: Signal <displayA> missing in the sensitivity list is added for synthesis purposes. HDL and post-synthesis simulations may differ as a result.
WARNING:HDLCompiler:91 - "/home/vmartin/Developer/embeddedLab/xilinx/lab2_redo/bcd_add_controller_ver2.v" Line 250: Signal <displayLS> missing in the sensitivity list is added for synthesis purposes. HDL and post-synthesis simulations may differ as a result.
WARNING:HDLCompiler:91 - "/home/vmartin/Developer/embeddedLab/xilinx/lab2_redo/bcd_add_controller_ver2.v" Line 284: Signal <displayMS> missing in the sensitivity list is added for synthesis purposes. HDL and post-synthesis simulations may differ as a result.

Elaborating module <bcd_add_datapath>.
WARNING:HDLCompiler:413 - "/home/vmartin/Developer/embeddedLab/xilinx/lab2_redo/bcd_add_datapath.v" Line 79: Result of 7-bit expression is truncated to fit in 4-bit target.
WARNING:HDLCompiler:413 - "/home/vmartin/Developer/embeddedLab/xilinx/lab2_redo/bcd_add_datapath.v" Line 80: Result of 7-bit expression is truncated to fit in 4-bit target.
WARNING:HDLCompiler:413 - "/home/vmartin/Developer/embeddedLab/xilinx/lab2_redo/bcd_add_datapath.v" Line 83: Result of 7-bit expression is truncated to fit in 4-bit target.
WARNING:HDLCompiler:413 - "/home/vmartin/Developer/embeddedLab/xilinx/lab2_redo/bcd_add_datapath.v" Line 84: Result of 7-bit expression is truncated to fit in 4-bit target.
WARNING:HDLCompiler:413 - "/home/vmartin/Developer/embeddedLab/xilinx/lab2_redo/bcd_add_datapath.v" Line 87: Result of 8-bit expression is truncated to fit in 4-bit target.
WARNING:HDLCompiler:413 - "/home/vmartin/Developer/embeddedLab/xilinx/lab2_redo/bcd_add_datapath.v" Line 88: Result of 7-bit expression is truncated to fit in 4-bit target.

=========================================================================
*                           HDL Synthesis                               *
=========================================================================

Synthesizing Unit <lab2_top_module>.
    Related source file is "/home/vmartin/Developer/embeddedLab/xilinx/lab2_redo/lab2_top_module.v".
        SLOWCLOCK = 5000000
    Summary:
	no macro.
Unit <lab2_top_module> synthesized.

Synthesizing Unit <clock>.
    Related source file is "/home/vmartin/Developer/embeddedLab/xilinx/lab2_redo/clock.v".
    Found 1-bit register for signal <sclclk>.
    Found 32-bit register for signal <clkq>.
    Found 32-bit adder for signal <clkq[31]_GND_2_o_add_1_OUT> created at line 12.
    Found 32-bit comparator greater for signal <n0001> created at line 13
    Summary:
	inferred   1 Adder/Subtractor(s).
	inferred  33 D-type flip-flop(s).
	inferred   1 Comparator(s).
Unit <clock> synthesized.

Synthesizing Unit <pbdebounce>.
    Related source file is "/home/vmartin/Developer/embeddedLab/xilinx/lab2_redo/pbdebounce.v".
    Found 1-bit register for signal <pbreg>.
    Found 3-bit register for signal <pbshift<2:0>>.
    Summary:
	inferred   4 D-type flip-flop(s).
Unit <pbdebounce> synthesized.

Synthesizing Unit <bcd_add_controller_ver2>.
    Related source file is "/home/vmartin/Developer/embeddedLab/xilinx/lab2_redo/bcd_add_controller_ver2.v".
        INIT = 0
        WAIT = 1
        LOAD_A = 2
        DISPLAY_A = 3
        LOAD_B = 4
        DISPLAY_B = 5
        DISPLAY_MS = 6
        DISPLAY_LS = 7
    Found 4-bit register for signal <state>.
    Found finite state machine <FSM_0> for signal <state>.
    -----------------------------------------------------------------------
    | States             | 8                                              |
    | Transitions        | 33                                             |
    | Inputs             | 18                                             |
    | Outputs            | 10                                             |
    | Clock              | clock (rising_edge)                            |
    | Power Up State     | 0000                                           |
    | Encoding           | auto                                           |
    | Implementation     | LUT                                            |
    -----------------------------------------------------------------------
WARNING:Xst:737 - Found 1-bit latch for signal <init>. Latches may be generated from incomplete case or if statements. We do not recommend the use of latches in FPGA/CPLD designs, as they may lead to timing problems.
WARNING:Xst:737 - Found 1-bit latch for signal <loadA>. Latches may be generated from incomplete case or if statements. We do not recommend the use of latches in FPGA/CPLD designs, as they may lead to timing problems.
WARNING:Xst:737 - Found 1-bit latch for signal <loadB>. Latches may be generated from incomplete case or if statements. We do not recommend the use of latches in FPGA/CPLD designs, as they may lead to timing problems.
WARNING:Xst:737 - Found 1-bit latch for signal <displayA>. Latches may be generated from incomplete case or if statements. We do not recommend the use of latches in FPGA/CPLD designs, as they may lead to timing problems.
WARNING:Xst:737 - Found 1-bit latch for signal <displayB>. Latches may be generated from incomplete case or if statements. We do not recommend the use of latches in FPGA/CPLD designs, as they may lead to timing problems.
WARNING:Xst:737 - Found 1-bit latch for signal <displayLS>. Latches may be generated from incomplete case or if statements. We do not recommend the use of latches in FPGA/CPLD designs, as they may lead to timing problems.
WARNING:Xst:737 - Found 1-bit latch for signal <displayMS>. Latches may be generated from incomplete case or if statements. We do not recommend the use of latches in FPGA/CPLD designs, as they may lead to timing problems.
    Summary:
	inferred   7 Latch(s).
	inferred   8 Multiplexer(s).
	inferred   1 Finite State Machine(s).
Unit <bcd_add_controller_ver2> synthesized.

Synthesizing Unit <bcd_add_datapath>.
    Related source file is "/home/vmartin/Developer/embeddedLab/xilinx/lab2_redo/bcd_add_datapath.v".
    Found 1-bit register for signal <init_ack>.
    Found 1-bit register for signal <load_a_ack>.
    Found 1-bit register for signal <load_b_ack>.
    Found 1-bit register for signal <display_a_ack>.
    Found 1-bit register for signal <display_b_ack>.
    Found 1-bit register for signal <display_ls_ack>.
    Found 1-bit register for signal <display_ms_ack>.
    Found 7-bit register for signal <A>.
    Found 8-bit register for signal <output_value>.
    Found 7-bit register for signal <B>.
    Found 8-bit adder for signal <n0089> created at line 76.
    Summary:
	inferred   1 Adder/Subtractor(s).
	inferred  29 D-type flip-flop(s).
	inferred   3 Multiplexer(s).
Unit <bcd_add_datapath> synthesized.

Synthesizing Unit <div_7u_7u>.
    Related source file is "".
    Found 14-bit adder for signal <n0236> created at line 0.
    Found 14-bit adder for signal <GND_13_o_b[6]_add_1_OUT> created at line 0.
    Found 13-bit adder for signal <n0240> created at line 0.
    Found 13-bit adder for signal <GND_13_o_b[6]_add_3_OUT> created at line 0.
    Found 12-bit adder for signal <n0244> created at line 0.
    Found 12-bit adder for signal <GND_13_o_b[6]_add_5_OUT> created at line 0.
    Found 11-bit adder for signal <n0248> created at line 0.
    Found 11-bit adder for signal <GND_13_o_b[6]_add_7_OUT> created at line 0.
    Found 10-bit adder for signal <n0252> created at line 0.
    Found 10-bit adder for signal <GND_13_o_b[6]_add_9_OUT> created at line 0.
    Found 9-bit adder for signal <n0256> created at line 0.
    Found 9-bit adder for signal <GND_13_o_b[6]_add_11_OUT> created at line 0.
    Found 8-bit adder for signal <n0260> created at line 0.
    Found 8-bit adder for signal <GND_13_o_b[6]_add_13_OUT> created at line 0.
    Found 14-bit comparator lessequal for signal <BUS_0001> created at line 0
    Found 13-bit comparator lessequal for signal <BUS_0002> created at line 0
    Found 12-bit comparator lessequal for signal <BUS_0003> created at line 0
    Found 11-bit comparator lessequal for signal <BUS_0004> created at line 0
    Found 10-bit comparator lessequal for signal <BUS_0005> created at line 0
    Found 9-bit comparator lessequal for signal <BUS_0006> created at line 0
    Found 8-bit comparator lessequal for signal <BUS_0007> created at line 0
    Found 7-bit comparator lessequal for signal <BUS_0008> created at line 0
    Summary:
	inferred  14 Adder/Subtractor(s).
	inferred   8 Comparator(s).
	inferred  43 Multiplexer(s).
Unit <div_7u_7u> synthesized.

Synthesizing Unit <mod_4u_7u>.
    Related source file is "".
    Found 11-bit adder for signal <n0134> created at line 0.
    Found 11-bit adder for signal <GND_14_o_b[6]_add_1_OUT> created at line 0.
    Found 10-bit adder for signal <n0138> created at line 0.
    Found 10-bit adder for signal <GND_14_o_b[6]_add_3_OUT> created at line 0.
    Found 9-bit adder for signal <n0142> created at line 0.
    Found 9-bit adder for signal <GND_14_o_b[6]_add_5_OUT> created at line 0.
    Found 8-bit adder for signal <n0146> created at line 0.
    Found 8-bit adder for signal <GND_14_o_b[6]_add_7_OUT> created at line 0.
    Found 7-bit adder for signal <n0150> created at line 0.
    Found 7-bit adder for signal <GND_14_o_b[6]_add_9_OUT> created at line 0.
    Found 11-bit comparator lessequal for signal <BUS_0001> created at line 0
    Found 10-bit comparator lessequal for signal <BUS_0002> created at line 0
    Found 9-bit comparator lessequal for signal <BUS_0003> created at line 0
    Found 8-bit comparator lessequal for signal <BUS_0004> created at line 0
    Found 7-bit comparator lessequal for signal <BUS_0005> created at line 0
    Summary:
	inferred  10 Adder/Subtractor(s).
	inferred   5 Comparator(s).
	inferred  20 Multiplexer(s).
Unit <mod_4u_7u> synthesized.

Synthesizing Unit <div_7u_4u>.
    Related source file is "".
    Found 11-bit adder for signal <n0201> created at line 0.
    Found 11-bit adder for signal <GND_15_o_b[3]_add_1_OUT> created at line 0.
    Found 10-bit adder for signal <n0205> created at line 0.
    Found 10-bit adder for signal <GND_15_o_b[3]_add_3_OUT> created at line 0.
    Found 9-bit adder for signal <n0209> created at line 0.
    Found 9-bit adder for signal <GND_15_o_b[3]_add_5_OUT> created at line 0.
    Found 8-bit adder for signal <n0213> created at line 0.
    Found 8-bit adder for signal <GND_15_o_b[3]_add_7_OUT> created at line 0.
    Found 7-bit adder for signal <n0217> created at line 0.
    Found 7-bit adder for signal <a[6]_b[3]_add_9_OUT[6:0]> created at line 0.
    Found 7-bit adder for signal <n0221> created at line 0.
    Found 7-bit adder for signal <a[6]_GND_15_o_add_11_OUT[6:0]> created at line 0.
    Found 7-bit adder for signal <n0225> created at line 0.
    Found 7-bit adder for signal <a[6]_GND_15_o_add_13_OUT[6:0]> created at line 0.
    Found 11-bit comparator lessequal for signal <BUS_0001> created at line 0
    Found 10-bit comparator lessequal for signal <BUS_0002> created at line 0
    Found 9-bit comparator lessequal for signal <BUS_0003> created at line 0
    Found 8-bit comparator lessequal for signal <BUS_0004> created at line 0
    Found 7-bit comparator lessequal for signal <BUS_0005> created at line 0
    Found 7-bit comparator lessequal for signal <BUS_0006> created at line 0
    Found 7-bit comparator lessequal for signal <BUS_0007> created at line 0
    Found 7-bit comparator lessequal for signal <BUS_0008> created at line 0
    Summary:
	inferred  14 Adder/Subtractor(s).
	inferred   8 Comparator(s).
	inferred  31 Multiplexer(s).
Unit <div_7u_4u> synthesized.

Synthesizing Unit <mod_4u_4u>.
    Related source file is "".
    Found 8-bit adder for signal <n0104> created at line 0.
    Found 8-bit adder for signal <GND_16_o_b[3]_add_1_OUT> created at line 0.
    Found 7-bit adder for signal <n0108> created at line 0.
    Found 7-bit adder for signal <GND_16_o_b[3]_add_3_OUT> created at line 0.
    Found 6-bit adder for signal <n0112> created at line 0.
    Found 6-bit adder for signal <GND_16_o_b[3]_add_5_OUT> created at line 0.
    Found 5-bit adder for signal <n0116> created at line 0.
    Found 5-bit adder for signal <GND_16_o_b[3]_add_7_OUT> created at line 0.
    Found 4-bit adder for signal <n0120> created at line 0.
    Found 4-bit adder for signal <a[3]_b[3]_add_9_OUT[3:0]> created at line 0.
    Found 8-bit comparator lessequal for signal <BUS_0001> created at line 0
    Found 7-bit comparator lessequal for signal <BUS_0002> created at line 0
    Found 6-bit comparator lessequal for signal <BUS_0003> created at line 0
    Found 5-bit comparator lessequal for signal <BUS_0004> created at line 0
    Found 4-bit comparator lessequal for signal <BUS_0005> created at line 0
    Summary:
	inferred  10 Adder/Subtractor(s).
	inferred   5 Comparator(s).
	inferred  14 Multiplexer(s).
Unit <mod_4u_4u> synthesized.

Synthesizing Unit <div_8u_7u>.
    Related source file is "".
    Found 15-bit adder for signal <GND_17_o_b[6]_add_1_OUT> created at line 0.
    Found 14-bit adder for signal <GND_17_o_b[6]_add_3_OUT> created at line 0.
    Found 13-bit adder for signal <GND_17_o_b[6]_add_5_OUT> created at line 0.
    Found 12-bit adder for signal <GND_17_o_b[6]_add_7_OUT> created at line 0.
    Found 11-bit adder for signal <GND_17_o_b[6]_add_9_OUT> created at line 0.
    Found 10-bit adder for signal <GND_17_o_b[6]_add_11_OUT> created at line 0.
    Found 9-bit adder for signal <GND_17_o_b[6]_add_13_OUT> created at line 0.
    Found 8-bit adder for signal <a[7]_b[6]_add_15_OUT[7:0]> created at line 0.
    Found 15-bit comparator lessequal for signal <BUS_0001> created at line 0
    Found 14-bit comparator lessequal for signal <BUS_0002> created at line 0
    Found 13-bit comparator lessequal for signal <BUS_0003> created at line 0
    Found 12-bit comparator lessequal for signal <BUS_0004> created at line 0
    Found 11-bit comparator lessequal for signal <BUS_0005> created at line 0
    Found 10-bit comparator lessequal for signal <BUS_0006> created at line 0
    Found 9-bit comparator lessequal for signal <BUS_0007> created at line 0
    Found 8-bit comparator lessequal for signal <BUS_0008> created at line 0
    Found 8-bit comparator lessequal for signal <BUS_0009> created at line 0
    Summary:
	inferred   8 Adder/Subtractor(s).
	inferred   9 Comparator(s).
	inferred  50 Multiplexer(s).
Unit <div_8u_7u> synthesized.

=========================================================================
HDL Synthesis Report

Macro Statistics
# Adders/Subtractors                                   : 140
 10-bit adder                                          : 17
 11-bit adder                                          : 17
 12-bit adder                                          : 5
 13-bit adder                                          : 5
 14-bit adder                                          : 5
 15-bit adder                                          : 1
 32-bit adder                                          : 1
 4-bit adder                                           : 6
 5-bit adder                                           : 6
 6-bit adder                                           : 6
 7-bit adder                                           : 30
 8-bit adder                                           : 24
 9-bit adder                                           : 17
# Registers                                            : 20
 1-bit register                                        : 12
 3-bit register                                        : 4
 32-bit register                                       : 1
 7-bit register                                        : 2
 8-bit register                                        : 1
# Latches                                              : 7
 1-bit latch                                           : 7
# Comparators                                          : 80
 10-bit comparator lessequal                           : 9
 11-bit comparator lessequal                           : 9
 12-bit comparator lessequal                           : 3
 13-bit comparator lessequal                           : 3
 14-bit comparator lessequal                           : 3
 15-bit comparator lessequal                           : 1
 32-bit comparator greater                             : 1
 4-bit comparator lessequal                            : 3
 5-bit comparator lessequal                            : 3
 6-bit comparator lessequal                            : 3
 7-bit comparator lessequal                            : 20
 8-bit comparator lessequal                            : 13
 9-bit comparator lessequal                            : 9
# Multiplexers                                         : 342
 1-bit 2-to-1 multiplexer                              : 320
 4-bit 2-to-1 multiplexer                              : 6
 7-bit 2-to-1 multiplexer                              : 11
 8-bit 2-to-1 multiplexer                              : 5
# FSMs                                                 : 1

=========================================================================

=========================================================================
*                       Advanced HDL Synthesis                          *
=========================================================================


Synthesizing (advanced) Unit <clock>.
The following registers are absorbed into counter <clkq>: 1 register on signal <clkq>.
Unit <clock> synthesized (advanced).

=========================================================================
Advanced HDL Synthesis Report

Macro Statistics
# Adders/Subtractors                                   : 75
 32-bit adder                                          : 1
 4-bit adder carry in                                  : 30
 7-bit adder carry in                                  : 35
 8-bit adder                                           : 9
# Counters                                             : 1
 32-bit up counter                                     : 1
# Registers                                            : 46
 Flip-Flops                                            : 46
# Comparators                                          : 80
 10-bit comparator lessequal                           : 9
 11-bit comparator lessequal                           : 9
 12-bit comparator lessequal                           : 3
 13-bit comparator lessequal                           : 3
 14-bit comparator lessequal                           : 3
 15-bit comparator lessequal                           : 1
 32-bit comparator greater                             : 1
 4-bit comparator lessequal                            : 3
 5-bit comparator lessequal                            : 3
 6-bit comparator lessequal                            : 3
 7-bit comparator lessequal                            : 20
 8-bit comparator lessequal                            : 13
 9-bit comparator lessequal                            : 9
# Multiplexers                                         : 342
 1-bit 2-to-1 multiplexer                              : 320
 4-bit 2-to-1 multiplexer                              : 6
 7-bit 2-to-1 multiplexer                              : 11
 8-bit 2-to-1 multiplexer                              : 5
# FSMs                                                 : 1

=========================================================================

=========================================================================
*                         Low Level Synthesis                           *
=========================================================================
Analyzing FSM <MFsm> for best encoding.
Optimizing FSM <M1/FSM_0> on signal <state[1:4]> with user encoding.
-------------------
 State | Encoding
-------------------
 0000  | 0000
 0010  | 0010
 0100  | 0100
 0111  | 0111
 0110  | 0110
 0011  | 0011
 0001  | 0001
 0101  | 0101
-------------------

Optimizing unit <lab2_top_module> ...

Optimizing unit <bcd_add_datapath> ...

Optimizing unit <div_7u_7u> ...

Optimizing unit <mod_4u_7u> ...

Optimizing unit <div_7u_4u> ...

Optimizing unit <mod_4u_4u> ...

Optimizing unit <bcd_add_controller_ver2> ...
WARNING:Xst:1293 - FF/Latch <M2/output_value_7> has a constant value of 0 in block <lab2_top_module>. This FF/Latch will be trimmed during the optimization process.
WARNING:Xst:1896 - Due to other FF/Latch trimming, FF/Latch <M2/output_value_6> has a constant value of 0 in block <lab2_top_module>. This FF/Latch will be trimmed during the optimization process.
WARNING:Xst:1896 - Due to other FF/Latch trimming, FF/Latch <M2/output_value_5> has a constant value of 0 in block <lab2_top_module>. This FF/Latch will be trimmed during the optimization process.
WARNING:Xst:1896 - Due to other FF/Latch trimming, FF/Latch <M2/output_value_4> has a constant value of 0 in block <lab2_top_module>. This FF/Latch will be trimmed during the optimization process.
WARNING:Xst:1896 - Due to other FF/Latch trimming, FF/Latch <M2/output_value_3> has a constant value of 0 in block <lab2_top_module>. This FF/Latch will be trimmed during the optimization process.
WARNING:Xst:1896 - Due to other FF/Latch trimming, FF/Latch <M2/output_value_2> has a constant value of 0 in block <lab2_top_module>. This FF/Latch will be trimmed during the optimization process.
WARNING:Xst:1293 - FF/Latch <clock50/clkq_23> has a constant value of 0 in block <lab2_top_module>. This FF/Latch will be trimmed during the optimization process.
WARNING:Xst:1896 - Due to other FF/Latch trimming, FF/Latch <clock50/clkq_24> has a constant value of 0 in block <lab2_top_module>. This FF/Latch will be trimmed during the optimization process.
WARNING:Xst:1896 - Due to other FF/Latch trimming, FF/Latch <clock50/clkq_25> has a constant value of 0 in block <lab2_top_module>. This FF/Latch will be trimmed during the optimization process.
WARNING:Xst:1896 - Due to other FF/Latch trimming, FF/Latch <clock50/clkq_26> has a constant value of 0 in block <lab2_top_module>. This FF/Latch will be trimmed during the optimization process.
WARNING:Xst:1896 - Due to other FF/Latch trimming, FF/Latch <clock50/clkq_27> has a constant value of 0 in block <lab2_top_module>. This FF/Latch will be trimmed during the optimization process.
WARNING:Xst:1896 - Due to other FF/Latch trimming, FF/Latch <clock50/clkq_28> has a constant value of 0 in block <lab2_top_module>. This FF/Latch will be trimmed during the optimization process.
WARNING:Xst:1896 - Due to other FF/Latch trimming, FF/Latch <clock50/clkq_29> has a constant value of 0 in block <lab2_top_module>. This FF/Latch will be trimmed during the optimization process.
WARNING:Xst:1896 - Due to other FF/Latch trimming, FF/Latch <clock50/clkq_30> has a constant value of 0 in block <lab2_top_module>. This FF/Latch will be trimmed during the optimization process.
WARNING:Xst:1896 - Due to other FF/Latch trimming, FF/Latch <clock50/clkq_31> has a constant value of 0 in block <lab2_top_module>. This FF/Latch will be trimmed during the optimization process.

Mapping all equations...
Building and optimizing final netlist ...
Found area constraint ratio of 100 (+ 5) on block lab2_top_module, actual ratio is 0.

Final Macro Processing ...

=========================================================================
Final Register Report

Macro Statistics
# Registers                                            : 66
 Flip-Flops                                            : 66

=========================================================================

=========================================================================
*                           Partition Report                            *
=========================================================================

Partition Implementation Status
-------------------------------

  No Partitions were found in this design.

-------------------------------

=========================================================================
*                            Design Summary                             *
=========================================================================

Top Level Output File Name         : lab2_top_module.ngc

Primitive and Black Box Usage:
------------------------------
# BELS                             : 233
#      GND                         : 1
#      INV                         : 3
#      LUT1                        : 44
#      LUT2                        : 34
#      LUT3                        : 4
#      LUT4                        : 7
#      LUT5                        : 24
#      LUT6                        : 10
#      MUXCY                       : 59
#      VCC                         : 1
#      XORCY                       : 46
# FlipFlops/Latches                : 73
#      FD                          : 43
#      FDE                         : 17
#      FDR                         : 6
#      LD                          : 7
# Clock Buffers                    : 1
#      BUFGP                       : 1
# IO Buffers                       : 19
#      IBUF                        : 11
#      OBUF                        : 8

Device utilization summary:
---------------------------

Selected Device : 6slx45csg324-3 


Slice Logic Utilization: 
 Number of Slice Registers:              73  out of  54576     0%  
 Number of Slice LUTs:                  126  out of  27288     0%  
    Number used as Logic:               126  out of  27288     0%  

Slice Logic Distribution: 
 Number of LUT Flip Flop pairs used:    148
   Number with an unused Flip Flop:      75  out of    148    50%  
   Number with an unused LUT:            22  out of    148    14%  
   Number of fully used LUT-FF pairs:    51  out of    148    34%  
   Number of unique control sets:         8

IO Utilization: 
 Number of IOs:                          20
 Number of bonded IOBs:                  20  out of    218     9%  

Specific Feature Utilization:
 Number of BUFG/BUFGCTRLs:                1  out of     16     6%  

---------------------------
Partition Resource Summary:
---------------------------

  No Partitions were found in this design.

---------------------------


=========================================================================
Timing Report

NOTE: THESE TIMING NUMBERS ARE ONLY A SYNTHESIS ESTIMATE.
      FOR ACCURATE TIMING INFORMATION PLEASE REFER TO THE TRACE REPORT
      GENERATED AFTER PLACE-and-ROUTE.

Clock Information:
------------------
---------------------------------------------------------------------+-------------------------------+-------+
Clock Signal                                                         | Clock buffer(FF name)         | Load  |
---------------------------------------------------------------------+-------------------------------+-------+
CLK                                                                  | BUFGP                         | 50    |
clock50/sclclk                                                       | NONE(debounce_right/pbshift_2)| 16    |
M1/state[3]_GND_4_o_MUX_192_o(M1/Mmux_state[3]_GND_4_o_MUX_192_o15:O)| NONE(*)(M1/displayMS)         | 7     |
---------------------------------------------------------------------+-------------------------------+-------+
(*) This 1 clock signal(s) are generated by combinatorial logic,
and XST is not able to identify which are the primary clock signals.
Please use the CLOCK_SIGNAL constraint to specify the clock signal(s) generated by combinatorial logic.
INFO:Xst:2169 - HDL ADVISOR - Some clock signals were not automatically buffered by XST with BUFG/BUFR resources. Please use the buffer_type constraint in order to insert these buffers to the clock signals to help prevent skew problems.

Asynchronous Control Signals Information:
----------------------------------------
No asynchronous control signals found in this design

Timing Summary:
---------------
Speed Grade: -3

   Minimum period: 5.063ns (Maximum Frequency: 197.525MHz)
   Minimum input arrival time before clock: 2.391ns
   Maximum output required time after clock: 3.597ns
   Maximum combinational path delay: No path found

Timing Details:
---------------
All values displayed in nanoseconds (ns)

=========================================================================
Timing constraint: Default period analysis for Clock 'CLK'
  Clock period: 5.063ns (frequency: 197.525MHz)
  Total number of paths / destination ports: 13369 / 37
-------------------------------------------------------------------------
Delay:               5.063ns (Levels of Logic = 26)
  Source:            clock50/clkq_0 (FF)
  Destination:       clock50/sclclk (FF)
  Source Clock:      CLK rising
  Destination Clock: CLK rising

  Data Path: clock50/clkq_0 to clock50/sclclk
                                Gate     Net
    Cell:in->out      fanout   Delay   Delay  Logical Name (Net Name)
    ----------------------------------------  ------------
     FD:C->Q               2   0.447   0.616  clock50/clkq_0 (clock50/clkq_0)
     INV:I->O              1   0.206   0.000  clock50/Madd_clkq[31]_GND_2_o_add_1_OUT_lut<0>_INV_0 (clock50/Madd_clkq[31]_GND_2_o_add_1_OUT_lut<0>)
     MUXCY:S->O            1   0.172   0.000  clock50/Madd_clkq[31]_GND_2_o_add_1_OUT_cy<0> (clock50/Madd_clkq[31]_GND_2_o_add_1_OUT_cy<0>)
     MUXCY:CI->O           1   0.019   0.000  clock50/Madd_clkq[31]_GND_2_o_add_1_OUT_cy<1> (clock50/Madd_clkq[31]_GND_2_o_add_1_OUT_cy<1>)
     MUXCY:CI->O           1   0.019   0.000  clock50/Madd_clkq[31]_GND_2_o_add_1_OUT_cy<2> (clock50/Madd_clkq[31]_GND_2_o_add_1_OUT_cy<2>)
     MUXCY:CI->O           1   0.019   0.000  clock50/Madd_clkq[31]_GND_2_o_add_1_OUT_cy<3> (clock50/Madd_clkq[31]_GND_2_o_add_1_OUT_cy<3>)
     MUXCY:CI->O           1   0.019   0.000  clock50/Madd_clkq[31]_GND_2_o_add_1_OUT_cy<4> (clock50/Madd_clkq[31]_GND_2_o_add_1_OUT_cy<4>)
     MUXCY:CI->O           1   0.019   0.000  clock50/Madd_clkq[31]_GND_2_o_add_1_OUT_cy<5> (clock50/Madd_clkq[31]_GND_2_o_add_1_OUT_cy<5>)
     MUXCY:CI->O           1   0.019   0.000  clock50/Madd_clkq[31]_GND_2_o_add_1_OUT_cy<6> (clock50/Madd_clkq[31]_GND_2_o_add_1_OUT_cy<6>)
     MUXCY:CI->O           1   0.019   0.000  clock50/Madd_clkq[31]_GND_2_o_add_1_OUT_cy<7> (clock50/Madd_clkq[31]_GND_2_o_add_1_OUT_cy<7>)
     MUXCY:CI->O           1   0.019   0.000  clock50/Madd_clkq[31]_GND_2_o_add_1_OUT_cy<8> (clock50/Madd_clkq[31]_GND_2_o_add_1_OUT_cy<8>)
     MUXCY:CI->O           1   0.019   0.000  clock50/Madd_clkq[31]_GND_2_o_add_1_OUT_cy<9> (clock50/Madd_clkq[31]_GND_2_o_add_1_OUT_cy<9>)
     MUXCY:CI->O           1   0.019   0.000  clock50/Madd_clkq[31]_GND_2_o_add_1_OUT_cy<10> (clock50/Madd_clkq[31]_GND_2_o_add_1_OUT_cy<10>)
     MUXCY:CI->O           1   0.019   0.000  clock50/Madd_clkq[31]_GND_2_o_add_1_OUT_cy<11> (clock50/Madd_clkq[31]_GND_2_o_add_1_OUT_cy<11>)
     MUXCY:CI->O           1   0.019   0.000  clock50/Madd_clkq[31]_GND_2_o_add_1_OUT_cy<12> (clock50/Madd_clkq[31]_GND_2_o_add_1_OUT_cy<12>)
     MUXCY:CI->O           1   0.019   0.000  clock50/Madd_clkq[31]_GND_2_o_add_1_OUT_cy<13> (clock50/Madd_clkq[31]_GND_2_o_add_1_OUT_cy<13>)
     MUXCY:CI->O           1   0.019   0.000  clock50/Madd_clkq[31]_GND_2_o_add_1_OUT_cy<14> (clock50/Madd_clkq[31]_GND_2_o_add_1_OUT_cy<14>)
     MUXCY:CI->O           1   0.019   0.000  clock50/Madd_clkq[31]_GND_2_o_add_1_OUT_cy<15> (clock50/Madd_clkq[31]_GND_2_o_add_1_OUT_cy<15>)
     MUXCY:CI->O           1   0.019   0.000  clock50/Madd_clkq[31]_GND_2_o_add_1_OUT_cy<16> (clock50/Madd_clkq[31]_GND_2_o_add_1_OUT_cy<16>)
     MUXCY:CI->O           1   0.019   0.000  clock50/Madd_clkq[31]_GND_2_o_add_1_OUT_cy<17> (clock50/Madd_clkq[31]_GND_2_o_add_1_OUT_cy<17>)
     MUXCY:CI->O           1   0.019   0.000  clock50/Madd_clkq[31]_GND_2_o_add_1_OUT_cy<18> (clock50/Madd_clkq[31]_GND_2_o_add_1_OUT_cy<18>)
     XORCY:CI->O           2   0.180   0.961  clock50/Madd_clkq[31]_GND_2_o_add_1_OUT_xor<19> (clock50/clkq[31]_GND_2_o_add_1_OUT<19>)
     LUT5:I0->O            0   0.203   0.000  clock50/Mcompar_n0001_lutdi2 (clock50/Mcompar_n0001_lutdi2)
     MUXCY:DI->O           1   0.145   0.000  clock50/Mcompar_n0001_cy<2> (clock50/Mcompar_n0001_cy<2>)
     MUXCY:CI->O           1   0.019   0.000  clock50/Mcompar_n0001_cy<3> (clock50/Mcompar_n0001_cy<3>)
     MUXCY:CI->O           1   0.019   0.000  clock50/Mcompar_n0001_cy<4> (clock50/Mcompar_n0001_cy<4>)
     MUXCY:CI->O          24   0.258   1.172  clock50/Mcompar_n0001_cy<5> (clock50/Mcompar_n0001_cy<5>)
     FDE:CE                    0.322          clock50/sclclk
    ----------------------------------------
    Total                      5.063ns (2.313ns logic, 2.750ns route)
                                       (45.7% logic, 54.3% route)

=========================================================================
Timing constraint: Default period analysis for Clock 'clock50/sclclk'
  Clock period: 1.780ns (frequency: 561.940MHz)
  Total number of paths / destination ports: 24 / 12
-------------------------------------------------------------------------
Delay:               1.780ns (Levels of Logic = 1)
  Source:            debounce_right/pbreg (FF)
  Destination:       debounce_right/pbreg (FF)
  Source Clock:      clock50/sclclk rising
  Destination Clock: clock50/sclclk rising

  Data Path: debounce_right/pbreg to debounce_right/pbreg
                                Gate     Net
    Cell:in->out      fanout   Delay   Delay  Logical Name (Net Name)
    ----------------------------------------  ------------
     FD:C->Q               4   0.447   1.028  debounce_right/pbreg (debounce_right/pbreg)
     LUT5:I0->O            1   0.203   0.000  debounce_right/pbreg_rstpot (debounce_right/pbreg_rstpot)
     FD:D                      0.102          debounce_right/pbreg
    ----------------------------------------
    Total                      1.780ns (0.752ns logic, 1.028ns route)
                                       (42.3% logic, 57.7% route)

=========================================================================
Timing constraint: Default period analysis for Clock 'M1/state[3]_GND_4_o_MUX_192_o'
  Clock period: 2.087ns (frequency: 479.191MHz)
  Total number of paths / destination ports: 6 / 6
-------------------------------------------------------------------------
Delay:               2.087ns (Levels of Logic = 1)
  Source:            M1/loadA (LATCH)
  Destination:       M1/loadA (LATCH)
  Source Clock:      M1/state[3]_GND_4_o_MUX_192_o falling
  Destination Clock: M1/state[3]_GND_4_o_MUX_192_o falling

  Data Path: M1/loadA to M1/loadA
                                Gate     Net
    Cell:in->out      fanout   Delay   Delay  Logical Name (Net Name)
    ----------------------------------------  ------------
     LD:G->Q              16   0.498   1.349  M1/loadA (M1/loadA)
     LUT5:I0->O            1   0.203   0.000  M1/Mmux_state[3]_loadA_MUX_205_o11 (M1/state[3]_loadA_MUX_205_o)
     LD:D                      0.037          M1/loadA
    ----------------------------------------
    Total                      2.087ns (0.738ns logic, 1.349ns route)
                                       (35.4% logic, 64.6% route)

=========================================================================
Timing constraint: Default OFFSET IN BEFORE for Clock 'clock50/sclclk'
  Total number of paths / destination ports: 8 / 8
-------------------------------------------------------------------------
Offset:              2.391ns (Levels of Logic = 2)
  Source:            BTNR (PAD)
  Destination:       debounce_right/pbreg (FF)
  Destination Clock: clock50/sclclk rising

  Data Path: BTNR to debounce_right/pbreg
                                Gate     Net
    Cell:in->out      fanout   Delay   Delay  Logical Name (Net Name)
    ----------------------------------------  ------------
     IBUF:I->O             2   1.222   0.864  BTNR_IBUF (BTNR_IBUF)
     LUT5:I1->O            1   0.203   0.000  debounce_right/pbreg_rstpot (debounce_right/pbreg_rstpot)
     FD:D                      0.102          debounce_right/pbreg
    ----------------------------------------
    Total                      2.391ns (1.527ns logic, 0.864ns route)
                                       (63.9% logic, 36.1% route)

=========================================================================
Timing constraint: Default OFFSET IN BEFORE for Clock 'CLK'
  Total number of paths / destination ports: 14 / 14
-------------------------------------------------------------------------
Offset:              1.940ns (Levels of Logic = 1)
  Source:            SW<6> (PAD)
  Destination:       M2/B_6 (FF)
  Destination Clock: CLK rising

  Data Path: SW<6> to M2/B_6
                                Gate     Net
    Cell:in->out      fanout   Delay   Delay  Logical Name (Net Name)
    ----------------------------------------  ------------
     IBUF:I->O             2   1.222   0.616  SW_6_IBUF (SW_6_IBUF)
     FDE:D                     0.102          M2/A_6
    ----------------------------------------
    Total                      1.940ns (1.324ns logic, 0.616ns route)
                                       (68.2% logic, 31.8% route)

=========================================================================
Timing constraint: Default OFFSET OUT AFTER for Clock 'CLK'
  Total number of paths / destination ports: 2 / 2
-------------------------------------------------------------------------
Offset:              3.597ns (Levels of Logic = 1)
  Source:            M2/output_value_1 (FF)
  Destination:       LED<1> (PAD)
  Source Clock:      CLK rising

  Data Path: M2/output_value_1 to LED<1>
                                Gate     Net
    Cell:in->out      fanout   Delay   Delay  Logical Name (Net Name)
    ----------------------------------------  ------------
     FDE:C->Q              1   0.447   0.579  M2/output_value_1 (M2/output_value_1)
     OBUF:I->O                 2.571          LED_1_OBUF (LED<1>)
    ----------------------------------------
    Total                      3.597ns (3.018ns logic, 0.579ns route)
                                       (83.9% logic, 16.1% route)

=========================================================================

Cross Clock Domains Report:
--------------------------

Clock to Setup on destination clock CLK
-----------------------------+---------+---------+---------+---------+
                             | Src:Rise| Src:Fall| Src:Rise| Src:Fall|
Source Clock                 |Dest:Rise|Dest:Rise|Dest:Fall|Dest:Fall|
-----------------------------+---------+---------+---------+---------+
CLK                          |    5.063|         |         |         |
M1/state[3]_GND_4_o_MUX_192_o|         |    3.208|         |         |
clock50/sclclk               |    2.695|         |         |         |
-----------------------------+---------+---------+---------+---------+

Clock to Setup on destination clock M1/state[3]_GND_4_o_MUX_192_o
-----------------------------+---------+---------+---------+---------+
                             | Src:Rise| Src:Fall| Src:Rise| Src:Fall|
Source Clock                 |Dest:Rise|Dest:Rise|Dest:Fall|Dest:Fall|
-----------------------------+---------+---------+---------+---------+
CLK                          |         |         |    1.989|         |
M1/state[3]_GND_4_o_MUX_192_o|         |         |    2.087|         |
-----------------------------+---------+---------+---------+---------+

Clock to Setup on destination clock clock50/sclclk
---------------+---------+---------+---------+---------+
               | Src:Rise| Src:Fall| Src:Rise| Src:Fall|
Source Clock   |Dest:Rise|Dest:Rise|Dest:Fall|Dest:Fall|
---------------+---------+---------+---------+---------+
clock50/sclclk |    1.780|         |         |         |
---------------+---------+---------+---------+---------+

=========================================================================


Total REAL time to Xst completion: 13.00 secs
Total CPU time to Xst completion: 9.92 secs
 
--> 


Total memory usage is 394264 kilobytes

Number of errors   :    0 (   0 filtered)
Number of warnings :   35 (   0 filtered)
Number of infos    :    1 (   0 filtered)

