--------------------------------------------------------------------------------
Release 13.3 Trace  (lin64)
Copyright (c) 1995-2011 Xilinx, Inc.  All rights reserved.

/data/fhiggins/xilinx_se/ISE_DS/ISE/bin/lin64/unwrapped/trce -intstyle ise -v 3
-s 4 -n 3 -fastpaths -xml lab2_top_io_wrapper_preroute.twx
lab2_top_io_wrapper_map.ncd -o lab2_top_io_wrapper_preroute.twr
lab2_top_io_wrapper.pcf -ucf 2612_ver3.ucf

Design file:              lab2_top_io_wrapper_map.ncd
Physical constraint file: lab2_top_io_wrapper.pcf
Device,package,speed:     xc3s500e,fg320,-4 (PRODUCTION 1.27 2011-10-03)
Report level:             verbose report

Environment Variable      Effect 
--------------------      ------ 
NONE                      No environment variables were set
--------------------------------------------------------------------------------

INFO:Timing:2698 - No timing constraints found, doing default enumeration.
INFO:Timing:2752 - To get complete path coverage, use the unconstrained paths 
   option. All paths that are not constrained will be reported in the 
   unconstrained paths section(s) of the report.
INFO:Timing:3284 - This timing report was generated using estimated delay 
   information.  For accurate numbers, please refer to the post Place and Route 
   timing report.
INFO:Timing:3339 - The clock-to-out numbers in this timing report are based on 
   a 50 Ohm transmission line loading model.  For the details of this model, 
   and for more information on accounting for different loading conditions, 
   please see the device datasheet.
INFO:Timing:3390 - This architecture does not support a default System Jitter 
   value, please add SYSTEM_JITTER constraint to the UCF to modify the Clock 
   Uncertainty calculation.
INFO:Timing:3389 - This architecture does not support 'Discrete Jitter' and 
   'Phase Error' calculations, these terms will be zero in the Clock 
   Uncertainty calculation.  Please make appropriate modification to 
   SYSTEM_JITTER to account for the unsupported Discrete Jitter and Phase 
   Error.



Data Sheet report:
-----------------
All values displayed in nanoseconds (ns)

Pad to Pad
---------------+---------------+---------+
Source Pad     |Destination Pad|  Delay  |
---------------+---------------+---------+
sw<0>          |Led<0>         |    5.452|
sw<1>          |Led<0>         |    5.452|
sw<2>          |Led<0>         |    5.452|
sw<3>          |Led<0>         |    5.452|
---------------+---------------+---------+


Analysis completed Tue Sep  4 18:38:33 2012 
--------------------------------------------------------------------------------

Trace Settings:
-------------------------
Trace Settings 

Peak Memory Usage: 345 MB



