Release 14.3 - ngc2edif P.40xd (nt)
Copyright (c) 1995-2012 Xilinx, Inc.  All rights reserved.
Reading design elapsedtimens3.ngc ...
WARNING:NetListWriters:298 - No output is written to elapsedtimens3.xncf,
   ignored.
Processing design ...
   Preping design's networks ...
   Preping design's macros ...
  finished :Prep
Writing EDIF netlist file elapsedtimens3.edif ...
ngc2edif: Total memory usage is 73836 kilobytes

Release 14.3 - ngc2edif P.40xd (nt)
Copyright (c) 1995-2012 Xilinx, Inc.  All rights reserved.
Reading design elapsedtimens3.ngc ...
WARNING:NetListWriters:298 - No output is written to elapsedtimens3.xncf,
   ignored.
Processing design ...
   Preping design's networks ...
   Preping design's macros ...
  finished :Prep
Writing EDIF netlist file elapsedtimens3.edif ...
ngc2edif: Total memory usage is 73404 kilobytes

