Release 13.3 - xst O.76xd (lin64)
Copyright (c) 1995-2011 Xilinx, Inc.  All rights reserved.
--> 
Parameter TMPDIR set to xst/projnav.tmp


Total REAL time to Xst completion: 0.00 secs
Total CPU time to Xst completion: 0.07 secs
 
--> 
Parameter xsthdpdir set to xst


Total REAL time to Xst completion: 0.00 secs
Total CPU time to Xst completion: 0.07 secs
 
--> 
Reading design: lab5_top_io_wrapper.prj

TABLE OF CONTENTS
  1) Synthesis Options Summary
  2) HDL Compilation
  3) Design Hierarchy Analysis
  4) HDL Analysis
  5) HDL Synthesis
     5.1) HDL Synthesis Report
  6) Advanced HDL Synthesis
     6.1) Advanced HDL Synthesis Report
  7) Low Level Synthesis
  8) Partition Report
  9) Final Report
	9.1) Device utilization summary
	9.2) Partition Resource Summary
	9.3) TIMING REPORT


=========================================================================
*                      Synthesis Options Summary                        *
=========================================================================
---- Source Parameters
Input File Name                    : "lab5_top_io_wrapper.prj"
Input Format                       : mixed
Ignore Synthesis Constraint File   : NO

---- Target Parameters
Output File Name                   : "lab5_top_io_wrapper"
Output Format                      : NGC
Target Device                      : xc3s500e-4-fg320

---- Source Options
Top Module Name                    : lab5_top_io_wrapper
Automatic FSM Extraction           : YES
FSM Encoding Algorithm             : Auto
Safe Implementation                : No
FSM Style                          : LUT
RAM Extraction                     : Yes
RAM Style                          : Auto
ROM Extraction                     : Yes
Mux Style                          : Auto
Decoder Extraction                 : YES
Priority Encoder Extraction        : Yes
Shift Register Extraction          : YES
Logical Shifter Extraction         : YES
XOR Collapsing                     : YES
ROM Style                          : Auto
Mux Extraction                     : Yes
Resource Sharing                   : YES
Asynchronous To Synchronous        : NO
Multiplier Style                   : Auto
Automatic Register Balancing       : No

---- Target Options
Add IO Buffers                     : YES
Global Maximum Fanout              : 500
Add Generic Clock Buffer(BUFG)     : 24
Register Duplication               : YES
Slice Packing                      : YES
Optimize Instantiated Primitives   : NO
Use Clock Enable                   : Yes
Use Synchronous Set                : Yes
Use Synchronous Reset              : Yes
Pack IO Registers into IOBs        : Auto
Equivalent register Removal        : YES

---- General Options
Optimization Goal                  : Speed
Optimization Effort                : 1
Keep Hierarchy                     : No
Netlist Hierarchy                  : As_Optimized
RTL Output                         : Yes
Global Optimization                : AllClockNets
Read Cores                         : YES
Write Timing Constraints           : NO
Cross Clock Analysis               : NO
Hierarchy Separator                : /
Bus Delimiter                      : <>
Case Specifier                     : Maintain
Slice Utilization Ratio            : 100
BRAM Utilization Ratio             : 100
Verilog 2001                       : YES
Auto BRAM Packing                  : NO
Slice Utilization Ratio Delta      : 5

=========================================================================


=========================================================================
*                          HDL Compilation                              *
=========================================================================
Compiling verilog file "count4bcd_combin.v" in library work
Compiling verilog file "lab5_top_io_wrapper.v" in library work
Module <count4bcd_combin> compiled
Module <lab5_top_io_wrapper> compiled
No errors in compilation
Analysis of file <"lab5_top_io_wrapper.prj"> succeeded.
 

=========================================================================
*                     Design Hierarchy Analysis                         *
=========================================================================
Analyzing hierarchy for module <lab5_top_io_wrapper> in library <work>.

Analyzing hierarchy for module <count4bcd_combin> in library <work>.


=========================================================================
*                            HDL Analysis                               *
=========================================================================
Analyzing top module <lab5_top_io_wrapper>.
Module <lab5_top_io_wrapper> is correct for synthesis.
 
Analyzing module <count4bcd_combin> in library <work>.
Module <count4bcd_combin> is correct for synthesis.
 

=========================================================================
*                           HDL Synthesis                               *
=========================================================================

Performing bidirectional port resolution...

Synthesizing Unit <count4bcd_combin>.
    Related source file is "count4bcd_combin.v".
WARNING:Xst:1305 - Output <Next_q<3:1>> is never assigned. Tied to value 000.
WARNING:Xst:647 - Input <q<3:1>> is never used. This port will be preserved and left unconnected if it belongs to a top-level block or it belongs to a sub-block and the hierarchy of this sub-block is preserved.
WARNING:Xst:1305 - Output <c_o> is never assigned. Tied to value 0.
WARNING:Xst:737 - Found 1-bit latch for signal <Next_q_0>. Latches may be generated from incomplete case or if statements. We do not recommend the use of latches in FPGA/CPLD designs, as they may lead to timing problems.
Unit <count4bcd_combin> synthesized.


Synthesizing Unit <lab5_top_io_wrapper>.
    Related source file is "lab5_top_io_wrapper.v".
Unit <lab5_top_io_wrapper> synthesized.


=========================================================================
HDL Synthesis Report

Macro Statistics
# Latches                                              : 1
 1-bit latch                                           : 1

=========================================================================

=========================================================================
*                       Advanced HDL Synthesis                          *
=========================================================================


=========================================================================
Advanced HDL Synthesis Report

Macro Statistics
# Latches                                              : 1
 1-bit latch                                           : 1

=========================================================================

=========================================================================
*                         Low Level Synthesis                           *
=========================================================================

Optimizing unit <lab5_top_io_wrapper> ...

Mapping all equations...
Building and optimizing final netlist ...
Found area constraint ratio of 100 (+ 5) on block lab5_top_io_wrapper, actual ratio is 0.

Final Macro Processing ...

=========================================================================
Final Register Report

Found no macro
=========================================================================

=========================================================================
*                           Partition Report                            *
=========================================================================

Partition Implementation Status
-------------------------------

  No Partitions were found in this design.

-------------------------------

=========================================================================
*                            Final Report                               *
=========================================================================
Final Results
RTL Top Level Output File Name     : lab5_top_io_wrapper.ngr
Top Level Output File Name         : lab5_top_io_wrapper
Output Format                      : NGC
Optimization Goal                  : Speed
Keep Hierarchy                     : No

Design Statistics
# IOs                              : 26

Cell Usage :
# BELS                             : 3
#      GND                         : 1
#      INV                         : 1
#      VCC                         : 1
# FlipFlops/Latches                : 1
#      LDE_1                       : 1
# Clock Buffers                    : 1
#      BUFGP                       : 1
# IO Buffers                       : 22
#      IBUF                        : 2
#      OBUF                        : 20
=========================================================================

Device utilization summary:
---------------------------

Selected Device : 3s500efg320-4 

 Number of Slices:                        1  out of   4656     0%  
 Number of 4 input LUTs:                  1  out of   9312     0%  
 Number of IOs:                          26
 Number of bonded IOBs:                  23  out of    232     9%  
    IOB Flip Flops:                       1
 Number of GCLKs:                         1  out of     24     4%  

---------------------------
Partition Resource Summary:
---------------------------

  No Partitions were found in this design.

---------------------------


=========================================================================
TIMING REPORT

NOTE: THESE TIMING NUMBERS ARE ONLY A SYNTHESIS ESTIMATE.
      FOR ACCURATE TIMING INFORMATION PLEASE REFER TO THE TRACE REPORT
      GENERATED AFTER PLACE-and-ROUTE.

Clock Information:
------------------
-----------------------------------+------------------------+-------+
Clock Signal                       | Clock buffer(FF name)  | Load  |
-----------------------------------+------------------------+-------+
sw<5>                              | BUFGP                  | 1     |
-----------------------------------+------------------------+-------+

Asynchronous Control Signals Information:
----------------------------------------
No asynchronous control signals found in this design

Timing Summary:
---------------
Speed Grade: -4

   Minimum period: No path found
   Minimum input arrival time before clock: 3.317ns
   Maximum output required time after clock: 4.368ns
   Maximum combinational path delay: No path found

Timing Detail:
--------------
All values displayed in nanoseconds (ns)

=========================================================================
Timing constraint: Default OFFSET IN BEFORE for Clock 'sw<5>'
  Total number of paths / destination ports: 2 / 2
-------------------------------------------------------------------------
Offset:              3.317ns (Levels of Logic = 2)
  Source:            sw<4> (PAD)
  Destination:       U1/Next_q_0 (LATCH)
  Destination Clock: sw<5> rising

  Data Path: sw<4> to U1/Next_q_0
                                Gate     Net
    Cell:in->out      fanout   Delay   Delay  Logical Name (Net Name)
    ----------------------------------------  ------------
     IBUF:I->O             1   1.218   0.420  sw_4_IBUF (sw_4_IBUF)
     INV:I->O              1   0.704   0.420  U1/Next_q_0_0_not00001_INV_0 (U1/Next_q_0_0_not0000)
     LDE_1:GE                  0.555          U1/Next_q_0
    ----------------------------------------
    Total                      3.317ns (2.477ns logic, 0.840ns route)
                                       (74.7% logic, 25.3% route)

=========================================================================
Timing constraint: Default OFFSET OUT AFTER for Clock 'sw<5>'
  Total number of paths / destination ports: 1 / 1
-------------------------------------------------------------------------
Offset:              4.368ns (Levels of Logic = 1)
  Source:            U1/Next_q_0 (LATCH)
  Destination:       Led<0> (PAD)
  Source Clock:      sw<5> rising

  Data Path: U1/Next_q_0 to Led<0>
                                Gate     Net
    Cell:in->out      fanout   Delay   Delay  Logical Name (Net Name)
    ----------------------------------------  ------------
     LDE_1:G->Q            1   0.676   0.420  U1/Next_q_0 (U1/Next_q_0)
     OBUF:I->O                 3.272          Led_0_OBUF (Led<0>)
    ----------------------------------------
    Total                      4.368ns (3.948ns logic, 0.420ns route)
                                       (90.4% logic, 9.6% route)

=========================================================================


Total REAL time to Xst completion: 9.00 secs
Total CPU time to Xst completion: 8.23 secs
 
--> 


Total memory usage is 603840 kilobytes

Number of errors   :    0 (   0 filtered)
Number of warnings :    4 (   0 filtered)
Number of infos    :    0 (   0 filtered)

