INFO:sim:172 - Generating IP...
Customizing IP...
Release 14.3 - Xilinx CORE Generator IP GUI Launcher P.40xd (nt)
Copyright (c) 1995-2012 Xilinx, Inc.  All rights reserved.
ERROR:coreutil - ERROR:sim - Filter_Selection: Invalid value NULL.
ERROR:coreutil - ERROR:sim - Filter_Selection: Invalid value NULL.
ERROR:coreutil - ERROR:sim - Filter_Selection: Invalid value NULL.
ERROR:coreutil - ERROR:sim - Filter_Selection: Invalid value NULL.
ERROR:coreutil - ERROR:sim - Filter_Selection: Invalid value NULL.
Finished Customizing.
Generating IP...
WARNING:sim:472 - The chosen IP does not support a Verilog behavioral model,
   generating a Verilog structural model instead.
XST: HDL Parsing
XST: HDL Elaboration
XST: HDL Synthesis
XST: Advanced HDL Synthesis
XST: Low Level Synthesis
Generating Implementation files.
Generating NGC file.
Generating Verilog structural model.
Finished Generation.
Generating IP instantiation template...
Generating ASY schematic symbol...
INFO:sim:949 - Finished generation of ASY schematic symbol.
Generating SYM schematic symbol for 'fir1'...
Generating metadata file...
Generating ISE project...
XCO file found: fir1.xco
XMDF file found: fir1_xmdf.tcl
Adding C:/s6EDPGA-v14/Chapter 4/adcdac/ns3ad1firda2/ipcore_dir/tmp/_cg/fir1.asy
-view all -origin_type imported
Adding C:/s6EDPGA-v14/Chapter 4/adcdac/ns3ad1firda2/ipcore_dir/tmp/_cg/fir1.ngc
-view all -origin_type created
Checking file "C:/s6EDPGA-v14/Chapter
4/adcdac/ns3ad1firda2/ipcore_dir/tmp/_cg/fir1.ngc" for project device match ...
File "C:/s6EDPGA-v14/Chapter 4/adcdac/ns3ad1firda2/ipcore_dir/tmp/_cg/fir1.ngc"
device information matches project device.
Adding C:/s6EDPGA-v14/Chapter 4/adcdac/ns3ad1firda2/ipcore_dir/tmp/_cg/fir1.sym
-view all -origin_type imported
Adding C:/s6EDPGA-v14/Chapter 4/adcdac/ns3ad1firda2/ipcore_dir/tmp/_cg/fir1.v
-view all -origin_type created
INFO:HDLCompiler:1845 - Analyzing Verilog file "C:/s6EDPGA-v14/Chapter
   4/adcdac/ns3ad1firda2/ipcore_dir/tmp/_cg/fir1.v" into library work
INFO:ProjectMgmt - Parsing design hierarchy completed successfully.
Adding C:/s6EDPGA-v14/Chapter 4/adcdac/ns3ad1firda2/ipcore_dir/tmp/_cg/fir1.veo
-view all -origin_type imported
INFO:TclTasksC:2116 - The automatic calculation of top has been turned-off.
   Please set the new top explicitly by running the "project set top" command.
   To re-calculate the new top automatically, set the "Auto Implementation Top"
   property to true.
Top level has been set to "/fir1"
Generating README file...
Generating FLIST file...
INFO:sim:948 - Finished FLIST file generation.
Launching README viewer...
Moving files to output directory...
Finished moving files to output directory
Wrote CGP file for project 'fir1'.
