Running: /data/fhiggins/xilinx_se/ISE_DS/ISE/bin/lin64/unwrapped/fuse -intstyle ise -incremental -lib unisims_ver -lib unimacro_ver -lib xilinxcorelib_ver -o /home/students/tuc56100/xilinx/lab6/tb_counter_0to9_isim_beh.exe -prj /home/students/tuc56100/xilinx/lab6/tb_counter_0to9_beh.prj work.tb_counter_0to9 work.glbl 
ISim O.76xd (signature 0x8ddf5b5d)
Number of CPUs detected in this system: 4
Turning on mult-threading, number of parallel sub-compilation jobs: 8 
Determining compilation order of HDL files
Analyzing Verilog file "/home/students/tuc56100/xilinx/lab6/counter_0to9.v" into library work
Analyzing Verilog file "/home/students/tuc56100/xilinx/lab6/tb_counter_0to9.v" into library work
Analyzing Verilog file "/data/fhiggins/xilinx_se/ISE_DS/ISE//verilog/src/glbl.v" into library work
Starting static elaboration
WARNING:HDLCompiler:1016 - "/home/students/tuc56100/xilinx/lab6/tb_counter_0to9.v" Line 26: Port Next_q is not connected to this instance
Completed static elaboration
Fuse Memory Usage: 93464 KB
Fuse CPU Usage: 1520 ms
Compiling module counter_0to9
Compiling module tb_counter_0to9
Compiling module glbl
Time Resolution for simulation is 1ps.
Waiting for 1 sub-compilation(s) to finish...
Compiled 3 Verilog Units
Built simulation executable /home/students/tuc56100/xilinx/lab6/tb_counter_0to9_isim_beh.exe
Fuse Memory Usage: 651656 KB
Fuse CPU Usage: 1530 ms
GCC CPU Usage: 390 ms
