ISim log file
Running: /home/students/tuc56100/xilinx/lab3/tb_svn_seg_decoder_isim_beh.exe -intstyle ise -gui -tclbatch isim.cmd -wdb /home/students/tuc56100/xilinx/lab3/tb_svn_seg_decoder_isim_beh.wdb 
ISim O.76xd (signature 0x8ddf5b5d)
----------------------------------------------------------------------
INFO:Security:50 - The XILINXD_LICENSE_FILE environment variable is set to '2100@electro2:c:xilinx_licensexilinx.lic'.
INFO:Security:53 - The LM_LICENSE_FILE environment variable is not set.
WARNING:Security:43 - No license file was found in the standard Xilinx license directory.
WARNING:Security:44 - Since no license file was found,
       please run the Xilinx License Configuration Manager
       (xlcm or "Manage Xilinx Licenses")
       to assist in obtaining a license.
WARNING:Security:42 - Your license support version '2012.09' for ISIM expires in 8 days after which you will not qualify for Xilinx software updates or new releases.


----------------------------------------------------------------------
This is a Full version of ISim.
Time resolution is 1 ps
# onerror resume
# wave add /
# run 1000 ns
Simulator is doing circuit initialization process.
Finished circuit initialization process.
# exit 0
