Release 13.3 - xst O.76xd (lin64)
Copyright (c) 1995-2011 Xilinx, Inc.  All rights reserved.
--> 
Parameter TMPDIR set to xst/projnav.tmp


Total REAL time to Xst completion: 1.00 secs
Total CPU time to Xst completion: 0.08 secs
 
--> 
Parameter xsthdpdir set to xst


Total REAL time to Xst completion: 1.00 secs
Total CPU time to Xst completion: 0.08 secs
 
--> 
Reading design: lab7_top_io_wrapper.prj

TABLE OF CONTENTS
  1) Synthesis Options Summary
  2) HDL Compilation
  3) Design Hierarchy Analysis
  4) HDL Analysis
  5) HDL Synthesis
     5.1) HDL Synthesis Report
  6) Advanced HDL Synthesis
     6.1) Advanced HDL Synthesis Report
  7) Low Level Synthesis
  8) Partition Report
  9) Final Report
	9.1) Device utilization summary
	9.2) Partition Resource Summary
	9.3) TIMING REPORT


=========================================================================
*                      Synthesis Options Summary                        *
=========================================================================
---- Source Parameters
Input File Name                    : "lab7_top_io_wrapper.prj"
Input Format                       : mixed
Ignore Synthesis Constraint File   : NO

---- Target Parameters
Output File Name                   : "lab7_top_io_wrapper"
Output Format                      : NGC
Target Device                      : xc3s500e-4-fg320

---- Source Options
Top Module Name                    : lab7_top_io_wrapper
Automatic FSM Extraction           : YES
FSM Encoding Algorithm             : Auto
Safe Implementation                : No
FSM Style                          : LUT
RAM Extraction                     : Yes
RAM Style                          : Auto
ROM Extraction                     : Yes
Mux Style                          : Auto
Decoder Extraction                 : YES
Priority Encoder Extraction        : Yes
Shift Register Extraction          : YES
Logical Shifter Extraction         : YES
XOR Collapsing                     : YES
ROM Style                          : Auto
Mux Extraction                     : Yes
Resource Sharing                   : YES
Asynchronous To Synchronous        : NO
Multiplier Style                   : Auto
Automatic Register Balancing       : No

---- Target Options
Add IO Buffers                     : YES
Global Maximum Fanout              : 500
Add Generic Clock Buffer(BUFG)     : 24
Register Duplication               : YES
Slice Packing                      : YES
Optimize Instantiated Primitives   : NO
Use Clock Enable                   : Yes
Use Synchronous Set                : Yes
Use Synchronous Reset              : Yes
Pack IO Registers into IOBs        : Auto
Equivalent register Removal        : YES

---- General Options
Optimization Goal                  : Speed
Optimization Effort                : 1
Keep Hierarchy                     : No
Netlist Hierarchy                  : As_Optimized
RTL Output                         : Yes
Global Optimization                : AllClockNets
Read Cores                         : YES
Write Timing Constraints           : NO
Cross Clock Analysis               : NO
Hierarchy Separator                : /
Bus Delimiter                      : <>
Case Specifier                     : Maintain
Slice Utilization Ratio            : 100
BRAM Utilization Ratio             : 100
Verilog 2001                       : YES
Auto BRAM Packing                  : NO
Slice Utilization Ratio Delta      : 5

=========================================================================


=========================================================================
*                          HDL Compilation                              *
=========================================================================
Compiling verilog file "svn_seg_decoder.v" in library work
Compiling verilog file "dsp_drvr.v" in library work
Module <svn_seg_decoder> compiled
Compiling verilog file "sw_core.v" in library work
Module <dsp_drvr> compiled
Compiling verilog file "lab7_top_io_wrapper.v" in library work
Module <sw_core> compiled
Module <lab7_top_io_wrapper> compiled
No errors in compilation
Analysis of file <"lab7_top_io_wrapper.prj"> succeeded.
 

=========================================================================
*                     Design Hierarchy Analysis                         *
=========================================================================
Analyzing hierarchy for module <lab7_top_io_wrapper> in library <work>.

Analyzing hierarchy for module <sw_core> in library <work>.

Analyzing hierarchy for module <dsp_drvr> in library <work>.

Analyzing hierarchy for module <svn_seg_decoder> in library <work>.


=========================================================================
*                            HDL Analysis                               *
=========================================================================
Analyzing top module <lab7_top_io_wrapper>.
Module <lab7_top_io_wrapper> is correct for synthesis.
 
Analyzing module <sw_core> in library <work>.
Module <sw_core> is correct for synthesis.
 
Analyzing module <dsp_drvr> in library <work>.
Module <dsp_drvr> is correct for synthesis.
 
Analyzing module <svn_seg_decoder> in library <work>.
Module <svn_seg_decoder> is correct for synthesis.
 

=========================================================================
*                           HDL Synthesis                               *
=========================================================================

Performing bidirectional port resolution...

Synthesizing Unit <svn_seg_decoder>.
    Related source file is "svn_seg_decoder.v".
    Found 16x7-bit ROM for signal <seg_out$mux0000>.
    Summary:
	inferred   1 ROM(s).
Unit <svn_seg_decoder> synthesized.


Synthesizing Unit <dsp_drvr>.
    Related source file is "dsp_drvr.v".
    Found 4x4-bit ROM for signal <mux_digit>.
    Found 2-bit up counter for signal <anreg>.
    Found 16-bit register for signal <count>.
    Found 16-bit subtractor for signal <next_count$addsub0000> created at line 42.
    Summary:
	inferred   1 ROM(s).
	inferred   1 Counter(s).
	inferred  16 D-type flip-flop(s).
	inferred   1 Adder/Subtractor(s).
Unit <dsp_drvr> synthesized.


Synthesizing Unit <sw_core>.
    Related source file is "sw_core.v".
WARNING:Xst:647 - Input <run> is never used. This port will be preserved and left unconnected if it belongs to a top-level block or it belongs to a sub-block and the hierarchy of this sub-block is preserved.
WARNING:Xst:1305 - Output <m_sec> is never assigned. Tied to value 0.
Unit <sw_core> synthesized.


Synthesizing Unit <lab7_top_io_wrapper>.
    Related source file is "lab7_top_io_wrapper.v".
Unit <lab7_top_io_wrapper> synthesized.


=========================================================================
HDL Synthesis Report

Macro Statistics
# ROMs                                                 : 2
 16x7-bit ROM                                          : 1
 4x4-bit ROM                                           : 1
# Adders/Subtractors                                   : 1
 16-bit subtractor                                     : 1
# Counters                                             : 1
 2-bit up counter                                      : 1
# Registers                                            : 1
 16-bit register                                       : 1

=========================================================================

=========================================================================
*                       Advanced HDL Synthesis                          *
=========================================================================


=========================================================================
Advanced HDL Synthesis Report

Macro Statistics
# ROMs                                                 : 2
 16x7-bit ROM                                          : 1
 4x4-bit ROM                                           : 1
# Adders/Subtractors                                   : 1
 16-bit subtractor                                     : 1
# Counters                                             : 1
 2-bit up counter                                      : 1
# Registers                                            : 16
 Flip-Flops                                            : 16

=========================================================================

=========================================================================
*                         Low Level Synthesis                           *
=========================================================================

Optimizing unit <lab7_top_io_wrapper> ...

Optimizing unit <dsp_drvr> ...

Mapping all equations...
Building and optimizing final netlist ...
Found area constraint ratio of 100 (+ 5) on block lab7_top_io_wrapper, actual ratio is 0.

Final Macro Processing ...

=========================================================================
Final Register Report

Macro Statistics
# Registers                                            : 18
 Flip-Flops                                            : 18

=========================================================================

=========================================================================
*                           Partition Report                            *
=========================================================================

Partition Implementation Status
-------------------------------

  No Partitions were found in this design.

-------------------------------

=========================================================================
*                            Final Report                               *
=========================================================================
Final Results
RTL Top Level Output File Name     : lab7_top_io_wrapper.ngr
Top Level Output File Name         : lab7_top_io_wrapper
Output Format                      : NGC
Optimization Goal                  : Speed
Keep Hierarchy                     : No

Design Statistics
# IOs                              : 39

Cell Usage :
# BELS                             : 74
#      GND                         : 1
#      INV                         : 16
#      LUT1                        : 1
#      LUT2                        : 19
#      LUT4                        : 4
#      LUT4_L                      : 1
#      MUXCY                       : 15
#      VCC                         : 1
#      XORCY                       : 16
# FlipFlops/Latches                : 18
#      FDR                         : 7
#      FDRE                        : 2
#      FDS                         : 9
# Clock Buffers                    : 1
#      BUFGP                       : 1
# IO Buffers                       : 37
#      IBUF                        : 1
#      OBUF                        : 36
=========================================================================

Device utilization summary:
---------------------------

Selected Device : 3s500efg320-4 

 Number of Slices:                       22  out of   4656     0%  
 Number of Slice Flip Flops:             18  out of   9312     0%  
 Number of 4 input LUTs:                 41  out of   9312     0%  
 Number of IOs:                          39
 Number of bonded IOBs:                  38  out of    232    16%  
 Number of GCLKs:                         1  out of     24     4%  

---------------------------
Partition Resource Summary:
---------------------------

  No Partitions were found in this design.

---------------------------


=========================================================================
TIMING REPORT

NOTE: THESE TIMING NUMBERS ARE ONLY A SYNTHESIS ESTIMATE.
      FOR ACCURATE TIMING INFORMATION PLEASE REFER TO THE TRACE REPORT
      GENERATED AFTER PLACE-and-ROUTE.

Clock Information:
------------------
-----------------------------------+------------------------+-------+
Clock Signal                       | Clock buffer(FF name)  | Load  |
-----------------------------------+------------------------+-------+
clk                                | BUFGP                  | 18    |
-----------------------------------+------------------------+-------+

Asynchronous Control Signals Information:
----------------------------------------
No asynchronous control signals found in this design

Timing Summary:
---------------
Speed Grade: -4

   Minimum period: 5.404ns (Maximum Frequency: 185.048MHz)
   Minimum input arrival time before clock: 3.388ns
   Maximum output required time after clock: 6.149ns
   Maximum combinational path delay: No path found

Timing Detail:
--------------
All values displayed in nanoseconds (ns)

=========================================================================
Timing constraint: Default period analysis for Clock 'clk'
  Clock period: 5.404ns (frequency: 185.048MHz)
  Total number of paths / destination ports: 427 / 36
-------------------------------------------------------------------------
Delay:               5.404ns (Levels of Logic = 16)
  Source:            utop/udd/count_0 (FF)
  Destination:       utop/udd/count_13 (FF)
  Source Clock:      clk rising
  Destination Clock: clk rising

  Data Path: utop/udd/count_0 to utop/udd/count_13
                                Gate     Net
    Cell:in->out      fanout   Delay   Delay  Logical Name (Net Name)
    ----------------------------------------  ------------
     FDS:C->Q              2   0.591   0.622  utop/udd/count_0 (utop/udd/count_0)
     LUT1:I0->O            1   0.704   0.000  utop/udd/Msub_next_count_addsub0000_cy<0>_rt (utop/udd/Msub_next_count_addsub0000_cy<0>_rt)
     MUXCY:S->O            1   0.464   0.000  utop/udd/Msub_next_count_addsub0000_cy<0> (utop/udd/Msub_next_count_addsub0000_cy<0>)
     MUXCY:CI->O           1   0.059   0.000  utop/udd/Msub_next_count_addsub0000_cy<1> (utop/udd/Msub_next_count_addsub0000_cy<1>)
     MUXCY:CI->O           1   0.059   0.000  utop/udd/Msub_next_count_addsub0000_cy<2> (utop/udd/Msub_next_count_addsub0000_cy<2>)
     MUXCY:CI->O           1   0.059   0.000  utop/udd/Msub_next_count_addsub0000_cy<3> (utop/udd/Msub_next_count_addsub0000_cy<3>)
     MUXCY:CI->O           1   0.059   0.000  utop/udd/Msub_next_count_addsub0000_cy<4> (utop/udd/Msub_next_count_addsub0000_cy<4>)
     MUXCY:CI->O           1   0.059   0.000  utop/udd/Msub_next_count_addsub0000_cy<5> (utop/udd/Msub_next_count_addsub0000_cy<5>)
     MUXCY:CI->O           1   0.059   0.000  utop/udd/Msub_next_count_addsub0000_cy<6> (utop/udd/Msub_next_count_addsub0000_cy<6>)
     MUXCY:CI->O           1   0.059   0.000  utop/udd/Msub_next_count_addsub0000_cy<7> (utop/udd/Msub_next_count_addsub0000_cy<7>)
     MUXCY:CI->O           1   0.059   0.000  utop/udd/Msub_next_count_addsub0000_cy<8> (utop/udd/Msub_next_count_addsub0000_cy<8>)
     MUXCY:CI->O           1   0.059   0.000  utop/udd/Msub_next_count_addsub0000_cy<9> (utop/udd/Msub_next_count_addsub0000_cy<9>)
     MUXCY:CI->O           1   0.059   0.000  utop/udd/Msub_next_count_addsub0000_cy<10> (utop/udd/Msub_next_count_addsub0000_cy<10>)
     MUXCY:CI->O           1   0.059   0.000  utop/udd/Msub_next_count_addsub0000_cy<11> (utop/udd/Msub_next_count_addsub0000_cy<11>)
     MUXCY:CI->O           1   0.059   0.000  utop/udd/Msub_next_count_addsub0000_cy<12> (utop/udd/Msub_next_count_addsub0000_cy<12>)
     XORCY:CI->O           1   0.804   0.499  utop/udd/Msub_next_count_addsub0000_xor<13> (utop/udd/next_count_addsub0000<13>)
     LUT2:I1->O            1   0.704   0.000  utop/udd/next_count<13>11 (utop/udd/next_count<13>1)
     FDR:D                     0.308          utop/udd/count_13
    ----------------------------------------
    Total                      5.404ns (4.283ns logic, 1.121ns route)
                                       (79.3% logic, 20.7% route)

=========================================================================
Timing constraint: Default OFFSET IN BEFORE for Clock 'clk'
  Total number of paths / destination ports: 18 / 18
-------------------------------------------------------------------------
Offset:              3.388ns (Levels of Logic = 2)
  Source:            sw<0> (PAD)
  Destination:       utop/udd/count_15 (FF)
  Destination Clock: clk rising

  Data Path: sw<0> to utop/udd/count_15
                                Gate     Net
    Cell:in->out      fanout   Delay   Delay  Logical Name (Net Name)
    ----------------------------------------  ------------
     IBUF:I->O            13   1.218   1.158  sw_0_IBUF (sw_0_IBUF)
     LUT2:I0->O            6   0.704   0.000  utop/udd/next_count<15>11 (utop/udd/next_count<14>1)
     FDS:D                     0.308          utop/udd/count_14
    ----------------------------------------
    Total                      3.388ns (2.230ns logic, 1.158ns route)
                                       (65.8% logic, 34.2% route)

=========================================================================
Timing constraint: Default OFFSET OUT AFTER for Clock 'clk'
  Total number of paths / destination ports: 36 / 18
-------------------------------------------------------------------------
Offset:              6.149ns (Levels of Logic = 2)
  Source:            utop/udd/anreg_0 (FF)
  Destination:       an<2> (PAD)
  Source Clock:      clk rising

  Data Path: utop/udd/anreg_0 to an<2>
                                Gate     Net
    Cell:in->out      fanout   Delay   Delay  Logical Name (Net Name)
    ----------------------------------------  ------------
     FDRE:C->Q             9   0.591   0.995  utop/udd/anreg_0 (utop/udd/anreg_0)
     LUT2:I0->O            4   0.704   0.587  utop/udd/cath<2>1 (JB_0_OBUF)
     OBUF:I->O                 3.272          an_0_OBUF (an<0>)
    ----------------------------------------
    Total                      6.149ns (4.567ns logic, 1.582ns route)
                                       (74.3% logic, 25.7% route)

=========================================================================


Total REAL time to Xst completion: 10.00 secs
Total CPU time to Xst completion: 9.08 secs
 
--> 


Total memory usage is 604852 kilobytes

Number of errors   :    0 (   0 filtered)
Number of warnings :    3 (   0 filtered)
Number of infos    :    0 (   0 filtered)

