Release 14.3 - ngc2edif P.40xd (nt)
Copyright (c) 1995-2012 Xilinx, Inc.  All rights reserved.
Reading design binBCDiter.ngc ...
WARNING:NetListWriters:298 - No output is written to binBCDiter.xncf, ignored.
Processing design ...
   Preping design's networks ...
   Preping design's macros ...
WARNING:NetListWriters:306 - Signal bus M3/Mcompar_clkq_cmp_ge0000_lut<10 : 1>
   on block binBCDiter is not reconstructed, because there are some missing bus
   signals.
  finished :Prep
Writing EDIF netlist file binBCDiter.edif ...
ngc2edif: Total memory usage is 73516 kilobytes

Release 14.3 - ngc2edif P.40xd (nt)
Copyright (c) 1995-2012 Xilinx, Inc.  All rights reserved.
Reading design binBCDiter.ngc ...
WARNING:NetListWriters:298 - No output is written to binBCDiter.xncf, ignored.
Processing design ...
   Preping design's networks ...
   Preping design's macros ...
WARNING:NetListWriters:306 - Signal bus M3/Mcompar_clkq_cmp_ge0000_lut<10 : 1>
   on block binBCDiter is not reconstructed, because there are some missing bus
   signals.
  finished :Prep
Writing EDIF netlist file binBCDiter.edif ...
ngc2edif: Total memory usage is 73260 kilobytes

