ISim log file
Running: /home/students/tuc56100/xilinx/lab9_10/tb_sw_ctrl_isim_beh.exe -intstyle ise -gui -tclbatch isim.cmd -wdb /home/students/tuc56100/xilinx/lab9_10/tb_sw_ctrl_isim_beh.wdb 
ISim O.76xd (signature 0x8ddf5b5d)
This is a Full version of ISim.
Time resolution is 1 ps
# onerror resume
# wave add /
# run 1000 ns
Simulator is doing circuit initialization process.
Finished circuit initialization process.
Mismatch--index           3, async-timer_clr expected 1, received 0
# restart
# run all
Simulator is doing circuit initialization process.
Finished circuit initialization process.
Mismatch--index           3, async-timer_clr expected 1, received 0
Mismatch--index         508, sync-timer_clr expected 1, received 0
Mismatch--index         508, timer_on expected 0, received 1
Mismatch--index         509, async-timer_clr expected 1, received 0
Mismatch--index         511, timer_on expected 0, received 1
Mismatch--index         512, timer_on expected 0, received 1
Mismatch--index         513, timer_on expected 0, received 1
Mismatch--index         514, timer_on expected 0, received 1
Mismatch--index         515, timer_on expected 0, received 1
Mismatch--index         516, timer_on expected 0, received 1
Mismatch--index         517, timer_on expected 0, received 1
Mismatch--index         518, timer_on expected 0, received 1
Mismatch--index         519, timer_on expected 0, received 1
Mismatch--index         520, timer_on expected 0, received 1
Mismatch--index         521, timer_on expected 0, received 1
Mismatch--index         522, timer_on expected 0, received 1
Mismatch--index         523, timer_on expected 0, received 1
Mismatch--index         524, timer_on expected 0, received 1
Mismatch--index         525, timer_on expected 0, received 1
Mismatch--index         526, timer_on expected 0, received 1
Mismatch--index         527, timer_on expected 0, received 1
Mismatch--index         528, timer_on expected 0, received 1
Mismatch--index         529, timer_on expected 0, received 1
Mismatch--index         530, timer_on expected 0, received 1
Mismatch--index         531, timer_on expected 0, received 1
Mismatch--index         532, timer_on expected 0, received 1
Mismatch--index         533, timer_on expected 0, received 1
Mismatch--index         534, timer_on expected 0, received 1
Mismatch--index         535, timer_on expected 0, received 1
Mismatch--index         536, timer_on expected 0, received 1
Mismatch--index         537, timer_on expected 0, received 1
Mismatch--index         538, timer_on expected 0, received 1
Mismatch--index         539, timer_on expected 0, received 1
Mismatch--index         540, timer_on expected 0, received 1
Mismatch--index         541, timer_on expected 0, received 1
Mismatch--index         542, timer_on expected 0, received 1
Mismatch--index         543, timer_on expected 0, received 1
Mismatch--index         544, timer_on expected 0, received 1
Mismatch--index         545, timer_on expected 0, received 1
Mismatch--index         546, timer_on expected 0, received 1
Mismatch--index         547, timer_on expected 0, received 1
Mismatch--index         548, timer_on expected 0, received 1
Mismatch--index         549, timer_on expected 0, received 1
Mismatch--index         550, timer_on expected 0, received 1
Mismatch--index         551, timer_on expected 0, received 1
Mismatch--index         552, timer_on expected 0, received 1
Mismatch--index         553, timer_on expected 0, received 1
Mismatch--index         554, timer_on expected 0, received 1
Mismatch--index         555, timer_on expected 0, received 1
Mismatch--index         556, timer_on expected 0, received 1
Mismatch--index         557, timer_on expected 0, received 1
Mismatch--index         558, timer_on expected 0, received 1
Mismatch--index         559, timer_on expected 0, received 1
Mismatch--index         560, timer_on expected 0, received 1
Mismatch--index         561, timer_on expected 0, received 1
Mismatch--index         562, timer_on expected 0, received 1
Mismatch--index         563, timer_on expected 0, received 1
Mismatch--index         564, timer_on expected 0, received 1
Mismatch--index         565, timer_on expected 0, received 1
Mismatch--index         566, timer_on expected 0, received 1
Mismatch--index         567, timer_on expected 0, received 1
Mismatch--index         568, timer_on expected 0, received 1
Mismatch--index         569, timer_on expected 0, received 1
Mismatch--index         570, timer_on expected 0, received 1
Mismatch--index         571, timer_on expected 0, received 1
Mismatch--index         572, timer_on expected 0, received 1
Mismatch--index         573, timer_on expected 0, received 1
Mismatch--index         574, timer_on expected 0, received 1
Mismatch--index         575, timer_on expected 0, received 1
Mismatch--index         576, timer_on expected 0, received 1
Mismatch--index         577, timer_on expected 0, received 1
Mismatch--index         578, timer_on expected 0, received 1
Mismatch--index         579, timer_on expected 0, received 1
Mismatch--index         580, timer_on expected 0, received 1
Mismatch--index         581, timer_on expected 0, received 1
Mismatch--index         582, timer_on expected 0, received 1
Mismatch--index         583, timer_on expected 0, received 1
Mismatch--index         584, timer_on expected 0, received 1
Mismatch--index         585, timer_on expected 0, received 1
Mismatch--index         586, timer_on expected 0, received 1
Mismatch--index         587, timer_on expected 0, received 1
Mismatch--index         588, timer_on expected 0, received 1
Mismatch--index         589, timer_on expected 0, received 1
Mismatch--index         590, timer_on expected 0, received 1
Mismatch--index         591, timer_on expected 0, received 1
Mismatch--index         592, timer_on expected 0, received 1
Mismatch--index         593, timer_on expected 0, received 1
Mismatch--index         594, timer_on expected 0, received 1
Mismatch--index         595, timer_on expected 0, received 1
Mismatch--index         596, timer_on expected 0, received 1
Mismatch--index         597, timer_on expected 0, received 1
Mismatch--index         598, timer_on expected 0, received 1
Mismatch--index         599, timer_on expected 0, received 1
Mismatch--index         600, timer_on expected 0, received 1
Mismatch--index         601, timer_on expected 0, received 1
Mismatch--index         602, timer_on expected 0, received 1
Mismatch--index         603, timer_on expected 0, received 1
Mismatch--index         604, timer_on expected 0, received 1
Mismatch--index         605, timer_on expected 0, received 1
Mismatch--index         606, timer_on expected 0, received 1
Mismatch--index         607, timer_on expected 0, received 1
Mismatch--index         608, timer_on expected 0, received 1
Mismatch--index         609, timer_on expected 0, received 1
Mismatch--index         610, timer_on expected 0, received 1
Mismatch--index         611, timer_on expected 0, received 1
Mismatch--index         612, timer_on expected 0, received 1
Mismatch--index         613, timer_on expected 0, received 1
Mismatch--index         614, timer_on expected 0, received 1
Mismatch--index         615, timer_on expected 0, received 1
Mismatch--index         616, timer_on expected 0, received 1
Mismatch--index         617, timer_on expected 0, received 1
Mismatch--index         618, timer_on expected 0, received 1
Mismatch--index         619, timer_on expected 0, received 1
Mismatch--index         620, timer_on expected 0, received 1
Mismatch--index         621, timer_on expected 0, received 1
Mismatch--index         622, timer_on expected 0, received 1
Mismatch--index         623, timer_on expected 0, received 1
Mismatch--index         624, timer_on expected 0, received 1
Mismatch--index         625, timer_on expected 0, received 1
Mismatch--index         626, timer_on expected 0, received 1
Mismatch--index         627, timer_on expected 0, received 1
Mismatch--index         628, timer_on expected 0, received 1
Mismatch--index         629, timer_on expected 0, received 1
Mismatch--index         630, timer_on expected 0, received 1
Mismatch--index         631, timer_on expected 0, received 1
Mismatch--index         632, timer_on expected 0, received 1
Mismatch--index         633, timer_on expected 0, received 1
Mismatch--index         634, timer_on expected 0, received 1
Mismatch--index         635, timer_on expected 0, received 1
Mismatch--index         636, timer_on expected 0, received 1
Mismatch--index         637, timer_on expected 0, received 1
Mismatch--index         638, timer_on expected 0, received 1
Mismatch--index         639, timer_on expected 0, received 1
Mismatch--index         640, timer_on expected 0, received 1
Mismatch--index         641, timer_on expected 0, received 1
Mismatch--index         642, timer_on expected 0, received 1
Mismatch--index         643, timer_on expected 0, received 1
Mismatch--index         644, timer_on expected 0, received 1
Mismatch--index         645, timer_on expected 0, received 1
Mismatch--index         646, timer_on expected 0, received 1
Mismatch--index         647, timer_on expected 0, received 1
Mismatch--index         648, timer_on expected 0, received 1
Mismatch--index         649, timer_on expected 0, received 1
Mismatch--index         650, timer_on expected 0, received 1
Mismatch--index         651, timer_on expected 0, received 1
Mismatch--index         652, timer_on expected 0, received 1
Mismatch--index         653, timer_on expected 0, received 1
Mismatch--index         654, timer_on expected 0, received 1
Mismatch--index         655, timer_on expected 0, received 1
Mismatch--index         656, timer_on expected 0, received 1
Mismatch--index         657, timer_on expected 0, received 1
Mismatch--index         658, timer_on expected 0, received 1
Mismatch--index         659, timer_on expected 0, received 1
Mismatch--index         660, timer_on expected 0, received 1
Mismatch--index         661, timer_on expected 0, received 1
Mismatch--index         662, timer_on expected 0, received 1
Mismatch--index         663, timer_on expected 0, received 1
Mismatch--index         664, timer_on expected 0, received 1
Mismatch--index         665, timer_on expected 0, received 1
Mismatch--index         666, timer_on expected 0, received 1
Mismatch--index         667, timer_on expected 0, received 1
Mismatch--index         668, timer_on expected 0, received 1
Mismatch--index         669, timer_on expected 0, received 1
Mismatch--index         670, timer_on expected 0, received 1
Mismatch--index         671, timer_on expected 0, received 1
Mismatch--index         672, timer_on expected 0, received 1
Mismatch--index         673, timer_on expected 0, received 1
Mismatch--index         674, timer_on expected 0, received 1
Mismatch--index         675, timer_on expected 0, received 1
Mismatch--index         676, timer_on expected 0, received 1
Mismatch--index         677, timer_on expected 0, received 1
Mismatch--index         678, timer_on expected 0, received 1
Mismatch--index         679, timer_on expected 0, received 1
Mismatch--index         680, timer_on expected 0, received 1
Mismatch--index         681, timer_on expected 0, received 1
Mismatch--index         682, timer_on expected 0, received 1
Mismatch--index         683, timer_on expected 0, received 1
Mismatch--index         684, timer_on expected 0, received 1
Mismatch--index         685, timer_on expected 0, received 1
Mismatch--index         686, timer_on expected 0, received 1
Mismatch--index         687, timer_on expected 0, received 1
Mismatch--index         688, timer_on expected 0, received 1
Mismatch--index         689, timer_on expected 0, received 1
Mismatch--index         690, timer_on expected 0, received 1
Mismatch--index         691, timer_on expected 0, received 1
Mismatch--index         692, timer_on expected 0, received 1
Mismatch--index         693, timer_on expected 0, received 1
Mismatch--index         694, timer_on expected 0, received 1
Mismatch--index         695, timer_on expected 0, received 1
Mismatch--index         696, timer_on expected 0, received 1
Mismatch--index         697, timer_on expected 0, received 1
Mismatch--index         698, timer_on expected 0, received 1
Mismatch--index         699, timer_on expected 0, received 1
Mismatch--index         700, timer_on expected 0, received 1
Mismatch--index         701, timer_on expected 0, received 1
Mismatch--index         702, timer_on expected 0, received 1
Mismatch--index         703, timer_on expected 0, received 1
Mismatch--index         704, timer_on expected 0, received 1
Mismatch--index         705, timer_on expected 0, received 1
Mismatch--index         706, timer_on expected 0, received 1
Mismatch--index         707, timer_on expected 0, received 1
Mismatch--index         708, timer_on expected 0, received 1
Mismatch--index         709, timer_on expected 0, received 1
Mismatch--index         710, timer_on expected 0, received 1
Mismatch--index         711, timer_on expected 0, received 1
Mismatch--index         712, timer_on expected 0, received 1
Mismatch--index         713, timer_on expected 0, received 1
Mismatch--index         714, timer_on expected 0, received 1
Mismatch--index         715, timer_on expected 0, received 1
Mismatch--index         716, timer_on expected 0, received 1
Mismatch--index         717, timer_on expected 0, received 1
Mismatch--index         718, timer_on expected 0, received 1
Mismatch--index         719, timer_on expected 0, received 1
Mismatch--index         720, timer_on expected 0, received 1
Mismatch--index         721, timer_on expected 0, received 1
Mismatch--index         722, timer_on expected 0, received 1
Mismatch--index         723, timer_on expected 0, received 1
Mismatch--index         724, timer_on expected 0, received 1
Mismatch--index         725, timer_on expected 0, received 1
Mismatch--index         726, timer_on expected 0, received 1
Mismatch--index         727, timer_on expected 0, received 1
Mismatch--index         728, timer_on expected 0, received 1
Mismatch--index         729, timer_on expected 0, received 1
Mismatch--index         730, timer_on expected 0, received 1
Mismatch--index         731, timer_on expected 0, received 1
Mismatch--index         732, timer_on expected 0, received 1
Mismatch--index         733, timer_on expected 0, received 1
Mismatch--index         734, timer_on expected 0, received 1
Mismatch--index         735, timer_on expected 0, received 1
Mismatch--index         736, timer_on expected 0, received 1
Mismatch--index         737, timer_on expected 0, received 1
Mismatch--index         738, timer_on expected 0, received 1
Mismatch--index         739, timer_on expected 0, received 1
Mismatch--index         740, timer_on expected 0, received 1
Mismatch--index         741, timer_on expected 0, received 1
Mismatch--index         742, timer_on expected 0, received 1
Mismatch--index         743, timer_on expected 0, received 1
Mismatch--index         744, timer_on expected 0, received 1
Mismatch--index         745, timer_on expected 0, received 1
Mismatch--index         746, timer_on expected 0, received 1
Mismatch--index         747, timer_on expected 0, received 1
Mismatch--index         748, timer_on expected 0, received 1
Mismatch--index         749, timer_on expected 0, received 1
Mismatch--index         750, timer_on expected 0, received 1
Mismatch--index         751, timer_on expected 0, received 1
Mismatch--index         752, timer_on expected 0, received 1
Mismatch--index         753, timer_on expected 0, received 1
Mismatch--index         754, timer_on expected 0, received 1
Mismatch--index         755, timer_on expected 0, received 1
Mismatch--index         756, timer_on expected 0, received 1
Mismatch--index         757, timer_on expected 0, received 1
Mismatch--index         758, timer_on expected 0, received 1
Mismatch--index         759, timer_on expected 0, received 1
Mismatch--index         760, timer_on expected 0, received 1
Mismatch--index         761, timer_on expected 0, received 1
Mismatch--index         762, timer_on expected 0, received 1
Mismatch--index         763, timer_on expected 0, received 1
Mismatch--index         764, timer_on expected 0, received 1
Mismatch--index         765, timer_on expected 0, received 1
Mismatch--index         766, timer_on expected 0, received 1
Mismatch--index         767, timer_on expected 0, received 1
Mismatch--index         768, timer_on expected 0, received 1
Mismatch--index         769, timer_on expected 0, received 1
Mismatch--index         770, timer_on expected 0, received 1
Mismatch--index         771, timer_on expected 0, received 1
Mismatch--index         772, timer_on expected 0, received 1
Mismatch--index         773, timer_on expected 0, received 1
Mismatch--index         774, timer_on expected 0, received 1
Mismatch--index         775, timer_on expected 0, received 1
Mismatch--index         776, timer_on expected 0, received 1
Mismatch--index         777, timer_on expected 0, received 1
Mismatch--index         778, timer_on expected 0, received 1
Mismatch--index         779, timer_on expected 0, received 1
Mismatch--index         780, timer_on expected 0, received 1
Mismatch--index         781, timer_on expected 0, received 1
Mismatch--index         782, timer_on expected 0, received 1
Mismatch--index         783, timer_on expected 0, received 1
Mismatch--index         784, timer_on expected 0, received 1
Mismatch--index         785, timer_on expected 0, received 1
Mismatch--index         786, timer_on expected 0, received 1
Mismatch--index         787, timer_on expected 0, received 1
Mismatch--index         788, timer_on expected 0, received 1
Mismatch--index         789, timer_on expected 0, received 1
Mismatch--index         790, timer_on expected 0, received 1
Mismatch--index         791, timer_on expected 0, received 1
Mismatch--index         792, timer_on expected 0, received 1
Mismatch--index         793, timer_on expected 0, received 1
Mismatch--index         794, timer_on expected 0, received 1
Mismatch--index         795, timer_on expected 0, received 1
Mismatch--index         796, timer_on expected 0, received 1
Mismatch--index         797, timer_on expected 0, received 1
Mismatch--index         798, timer_on expected 0, received 1
Mismatch--index         799, timer_on expected 0, received 1
Mismatch--index         800, timer_on expected 0, received 1
Mismatch--index         801, timer_on expected 0, received 1
Mismatch--index         802, timer_on expected 0, received 1
Mismatch--index         803, timer_on expected 0, received 1
Mismatch--index         804, timer_on expected 0, received 1
Mismatch--index         805, timer_on expected 0, received 1
Mismatch--index         806, timer_on expected 0, received 1
Mismatch--index         807, timer_on expected 0, received 1
Mismatch--index         808, timer_on expected 0, received 1
Mismatch--index         809, timer_on expected 0, received 1
Mismatch--index         810, timer_on expected 0, received 1
Mismatch--index         811, timer_on expected 0, received 1
Mismatch--index         812, timer_on expected 0, received 1
Mismatch--index         813, timer_on expected 0, received 1
Mismatch--index         814, timer_on expected 0, received 1
Mismatch--index         815, timer_on expected 0, received 1
Mismatch--index         816, timer_on expected 0, received 1
Mismatch--index         817, timer_on expected 0, received 1
Mismatch--index         818, timer_on expected 0, received 1
Mismatch--index         819, timer_on expected 0, received 1
Mismatch--index         820, timer_on expected 0, received 1
Mismatch--index         821, timer_on expected 0, received 1
Mismatch--index         822, timer_on expected 0, received 1
Mismatch--index         823, timer_on expected 0, received 1
Mismatch--index         824, timer_on expected 0, received 1
Mismatch--index         825, timer_on expected 0, received 1
Mismatch--index         826, timer_on expected 0, received 1
Mismatch--index         827, timer_on expected 0, received 1
Mismatch--index         828, timer_on expected 0, received 1
Mismatch--index         829, timer_on expected 0, received 1
Mismatch--index         830, timer_on expected 0, received 1
Mismatch--index         831, timer_on expected 0, received 1
Mismatch--index         832, timer_on expected 0, received 1
Mismatch--index         833, timer_on expected 0, received 1
Mismatch--index         834, timer_on expected 0, received 1
Mismatch--index         835, timer_on expected 0, received 1
Mismatch--index         836, timer_on expected 0, received 1
Mismatch--index         837, timer_on expected 0, received 1
Mismatch--index         838, timer_on expected 0, received 1
Mismatch--index         839, timer_on expected 0, received 1
Mismatch--index         840, timer_on expected 0, received 1
Mismatch--index         841, timer_on expected 0, received 1
Mismatch--index         842, timer_on expected 0, received 1
Mismatch--index         843, timer_on expected 0, received 1
Mismatch--index         844, timer_on expected 0, received 1
Mismatch--index         845, timer_on expected 0, received 1
Mismatch--index         846, timer_on expected 0, received 1
Mismatch--index         847, timer_on expected 0, received 1
Mismatch--index         848, timer_on expected 0, received 1
Mismatch--index         849, timer_on expected 0, received 1
Mismatch--index         850, timer_on expected 0, received 1
Mismatch--index         851, timer_on expected 0, received 1
Mismatch--index         852, timer_on expected 0, received 1
Mismatch--index         853, timer_on expected 0, received 1
Mismatch--index         854, timer_on expected 0, received 1
Mismatch--index         855, timer_on expected 0, received 1
Mismatch--index         856, timer_on expected 0, received 1
Mismatch--index         857, timer_on expected 0, received 1
Mismatch--index         858, timer_on expected 0, received 1
Mismatch--index         859, timer_on expected 0, received 1
Mismatch--index         860, timer_on expected 0, received 1
Mismatch--index         861, timer_on expected 0, received 1
Mismatch--index         862, timer_on expected 0, received 1
Mismatch--index         863, timer_on expected 0, received 1
Mismatch--index         864, timer_on expected 0, received 1
Mismatch--index         865, timer_on expected 0, received 1
Mismatch--index         866, timer_on expected 0, received 1
Mismatch--index         867, timer_on expected 0, received 1
Mismatch--index         868, timer_on expected 0, received 1
Mismatch--index         869, timer_on expected 0, received 1
Mismatch--index         870, timer_on expected 0, received 1
Mismatch--index         871, timer_on expected 0, received 1
Mismatch--index         872, timer_on expected 0, received 1
Mismatch--index         873, timer_on expected 0, received 1
Mismatch--index         874, timer_on expected 0, received 1
Mismatch--index         875, timer_on expected 0, received 1
Mismatch--index         876, timer_on expected 0, received 1
Mismatch--index         877, timer_on expected 0, received 1
Mismatch--index         878, timer_on expected 0, received 1
Mismatch--index         879, timer_on expected 0, received 1
Mismatch--index         880, timer_on expected 0, received 1
Mismatch--index         881, timer_on expected 0, received 1
Mismatch--index         882, timer_on expected 0, received 1
Mismatch--index         883, timer_on expected 0, received 1
Mismatch--index         884, timer_on expected 0, received 1
Mismatch--index         885, timer_on expected 0, received 1
Mismatch--index         886, timer_on expected 0, received 1
Mismatch--index         887, timer_on expected 0, received 1
Mismatch--index         888, timer_on expected 0, received 1
Mismatch--index         889, timer_on expected 0, received 1
Mismatch--index         890, timer_on expected 0, received 1
Mismatch--index         891, timer_on expected 0, received 1
Mismatch--index         892, timer_on expected 0, received 1
Mismatch--index         893, timer_on expected 0, received 1
Mismatch--index         894, timer_on expected 0, received 1
Mismatch--index         895, timer_on expected 0, received 1
Mismatch--index         896, timer_on expected 0, received 1
Mismatch--index         897, timer_on expected 0, received 1
Mismatch--index         898, timer_on expected 0, received 1
Mismatch--index         899, timer_on expected 0, received 1
Mismatch--index         900, timer_on expected 0, received 1
Mismatch--index         901, timer_on expected 0, received 1
Mismatch--index         902, timer_on expected 0, received 1
Mismatch--index         903, timer_on expected 0, received 1
Mismatch--index         904, timer_on expected 0, received 1
Mismatch--index         905, timer_on expected 0, received 1
Mismatch--index         906, timer_on expected 0, received 1
Mismatch--index         907, timer_on expected 0, received 1
Mismatch--index         908, timer_on expected 0, received 1
Mismatch--index         909, timer_on expected 0, received 1
Mismatch--index         910, timer_on expected 0, received 1
Mismatch--index         911, timer_on expected 0, received 1
Mismatch--index         912, timer_on expected 0, received 1
Mismatch--index         913, timer_on expected 0, received 1
Mismatch--index         914, timer_on expected 0, received 1
Mismatch--index         915, timer_on expected 0, received 1
Mismatch--index         916, timer_on expected 0, received 1
Mismatch--index         917, timer_on expected 0, received 1
Mismatch--index         918, timer_on expected 0, received 1
Mismatch--index         919, timer_on expected 0, received 1
Mismatch--index         920, timer_on expected 0, received 1
Mismatch--index         921, timer_on expected 0, received 1
Mismatch--index         922, timer_on expected 0, received 1
Mismatch--index         923, timer_on expected 0, received 1
Mismatch--index         924, timer_on expected 0, received 1
Mismatch--index         925, timer_on expected 0, received 1
Mismatch--index         926, timer_on expected 0, received 1
Mismatch--index         927, timer_on expected 0, received 1
Mismatch--index         928, timer_on expected 0, received 1
Mismatch--index         929, timer_on expected 0, received 1
Mismatch--index         930, timer_on expected 0, received 1
Mismatch--index         931, timer_on expected 0, received 1
Mismatch--index         932, timer_on expected 0, received 1
Mismatch--index         933, timer_on expected 0, received 1
Mismatch--index         934, timer_on expected 0, received 1
Mismatch--index         935, timer_on expected 0, received 1
Mismatch--index         936, timer_on expected 0, received 1
Mismatch--index         937, timer_on expected 0, received 1
Mismatch--index         938, timer_on expected 0, received 1
Mismatch--index         939, timer_on expected 0, received 1
Mismatch--index         940, timer_on expected 0, received 1
Mismatch--index         941, timer_on expected 0, received 1
Mismatch--index         942, timer_on expected 0, received 1
Mismatch--index         943, timer_on expected 0, received 1
Mismatch--index         944, timer_on expected 0, received 1
Mismatch--index         945, timer_on expected 0, received 1
Mismatch--index         946, timer_on expected 0, received 1
Mismatch--index         947, timer_on expected 0, received 1
Mismatch--index         948, timer_on expected 0, received 1
Mismatch--index         949, timer_on expected 0, received 1
Mismatch--index         950, timer_on expected 0, received 1
Mismatch--index         951, timer_on expected 0, received 1
Mismatch--index         952, timer_on expected 0, received 1
Mismatch--index         953, timer_on expected 0, received 1
Mismatch--index         954, timer_on expected 0, received 1
Mismatch--index         955, timer_on expected 0, received 1
Mismatch--index         956, timer_on expected 0, received 1
Mismatch--index         957, timer_on expected 0, received 1
Mismatch--index         958, timer_on expected 0, received 1
Mismatch--index         959, timer_on expected 0, received 1
Mismatch--index         960, timer_on expected 0, received 1
Mismatch--index         961, timer_on expected 0, received 1
Mismatch--index         962, timer_on expected 0, received 1
Mismatch--index         963, timer_on expected 0, received 1
Mismatch--index         964, timer_on expected 0, received 1
Mismatch--index         965, timer_on expected 0, received 1
Mismatch--index         966, timer_on expected 0, received 1
Mismatch--index         967, timer_on expected 0, received 1
Mismatch--index         968, timer_on expected 0, received 1
Mismatch--index         969, timer_on expected 0, received 1
Mismatch--index         970, timer_on expected 0, received 1
Mismatch--index         971, timer_on expected 0, received 1
Mismatch--index         972, timer_on expected 0, received 1
Mismatch--index         973, timer_on expected 0, received 1
Mismatch--index         974, timer_on expected 0, received 1
Mismatch--index         975, timer_on expected 0, received 1
Mismatch--index         976, timer_on expected 0, received 1
Mismatch--index         977, timer_on expected 0, received 1
Mismatch--index         978, timer_on expected 0, received 1
Mismatch--index         979, timer_on expected 0, received 1
Mismatch--index         980, timer_on expected 0, received 1
Mismatch--index         981, timer_on expected 0, received 1
Mismatch--index         982, timer_on expected 0, received 1
Mismatch--index         983, timer_on expected 0, received 1
Mismatch--index         984, timer_on expected 0, received 1
Mismatch--index         985, timer_on expected 0, received 1
Mismatch--index         986, timer_on expected 0, received 1
Mismatch--index         987, timer_on expected 0, received 1
Mismatch--index         988, timer_on expected 0, received 1
Mismatch--index         989, timer_on expected 0, received 1
Mismatch--index         990, timer_on expected 0, received 1
Mismatch--index         991, timer_on expected 0, received 1
Mismatch--index         992, timer_on expected 0, received 1
Mismatch--index         993, timer_on expected 0, received 1
Mismatch--index         994, timer_on expected 0, received 1
Mismatch--index         995, timer_on expected 0, received 1
Mismatch--index         996, timer_on expected 0, received 1
Mismatch--index         997, timer_on expected 0, received 1
Mismatch--index         998, timer_on expected 0, received 1
Mismatch--index         999, timer_on expected 0, received 1
Mismatch--index        1000, timer_on expected 0, received 1
Mismatch--index        1001, timer_on expected 0, received 1
Mismatch--index        1002, timer_on expected 0, received 1
Mismatch--index        1003, timer_on expected 0, received 1
Mismatch--index        1004, timer_on expected 0, received 1
Mismatch--index        1005, timer_on expected 0, received 1
Mismatch--index        1006, timer_on expected 0, received 1
Mismatch--index        1007, timer_on expected 0, received 1
Mismatch--index        1008, timer_on expected 0, received 1
Mismatch--index        1009, timer_on expected 0, received 1
Mismatch--index        1010, timer_on expected 0, received 1
Mismatch--index        1011, timer_on expected 0, received 1
Mismatch--index        1012, timer_on expected 0, received 1
Simulation complete!!!
Stopped at time : 20440 ns : File "/home/students/tuc56100/xilinx/lab9_10/tb_sw_ctrl.v" Line 75
