Release 14.3 - xst P.40xd (nt)
Copyright (c) 1995-2012 Xilinx, Inc.  All rights reserved.
--> Parameter TMPDIR set to xst/projnav.tmp


Total REAL time to Xst completion: 0.00 secs
Total CPU time to Xst completion: 0.37 secs
 
--> Parameter xsthdpdir set to xst


Total REAL time to Xst completion: 0.00 secs
Total CPU time to Xst completion: 0.38 secs
 
--> Reading design: ns3ad1hbda2.prj

TABLE OF CONTENTS
  1) Synthesis Options Summary
  2) HDL Parsing
  3) HDL Elaboration
  4) HDL Synthesis
       4.1) HDL Synthesis Report
  5) Advanced HDL Synthesis
       5.1) Advanced HDL Synthesis Report
  6) Low Level Synthesis
  7) Partition Report
  8) Design Summary
       8.1) Primitive and Black Box Usage
       8.2) Device utilization summary
       8.3) Partition Resource Summary
       8.4) Timing Report
            8.4.1) Clock Information
            8.4.2) Asynchronous Control Signals Information
            8.4.3) Timing Summary
            8.4.4) Timing Details
            8.4.5) Cross Clock Domains Report


=========================================================================
*                      Synthesis Options Summary                        *
=========================================================================
---- Source Parameters
Input File Name                    : "ns3ad1hbda2.prj"
Ignore Synthesis Constraint File   : NO

---- Target Parameters
Output File Name                   : "ns3ad1hbda2"
Output Format                      : NGC
Target Device                      : xc6slx16-3-csg324

---- Source Options
Top Module Name                    : ns3ad1hbda2
Automatic FSM Extraction           : YES
FSM Encoding Algorithm             : Auto
Safe Implementation                : No
FSM Style                          : LUT
RAM Extraction                     : Yes
RAM Style                          : Auto
ROM Extraction                     : Yes
Shift Register Extraction          : YES
ROM Style                          : Auto
Resource Sharing                   : YES
Asynchronous To Synchronous        : NO
Shift Register Minimum Size        : 2
Use DSP Block                      : Auto
Automatic Register Balancing       : No

---- Target Options
LUT Combining                      : Auto
Reduce Control Sets                : Auto
Add IO Buffers                     : YES
Global Maximum Fanout              : 100000
Add Generic Clock Buffer(BUFG)     : 16
Register Duplication               : YES
Optimize Instantiated Primitives   : NO
Use Clock Enable                   : Auto
Use Synchronous Set                : Auto
Use Synchronous Reset              : Auto
Pack IO Registers into IOBs        : Auto
Equivalent register Removal        : YES

---- General Options
Optimization Goal                  : Speed
Optimization Effort                : 1
Power Reduction                    : NO
Keep Hierarchy                     : No
Netlist Hierarchy                  : As_Optimized
RTL Output                         : Yes
Global Optimization                : AllClockNets
Read Cores                         : YES
Write Timing Constraints           : NO
Cross Clock Analysis               : NO
Hierarchy Separator                : /
Bus Delimiter                      : <>
Case Specifier                     : Maintain
Slice Utilization Ratio            : 100
BRAM Utilization Ratio             : 100
DSP48 Utilization Ratio            : 100
Auto BRAM Packing                  : NO
Slice Utilization Ratio Delta      : 5

---- Other Options
Cores Search Directories           : {"ipcore_dir"  }

=========================================================================


=========================================================================
*                          HDL Parsing                                  *
=========================================================================
Analyzing Verilog file "C:\s6EDPGA-v14\Chapter 4\adcdac\ns2ad1hbda2\remote_sources\_\_\_\Chapter 3\peripherals\da2dac.v" into library work
Parsing module <da2dac>.
Analyzing Verilog file "C:\s6EDPGA-v14\Chapter 4\adcdac\ns2ad1hbda2\remote_sources\_\_\_\Chapter 3\peripherals\clock.v" into library work
Parsing module <clock>.
Analyzing Verilog file "C:\s6EDPGA-v14\Chapter 4\adcdac\ns2ad1hbda2\remote_sources\_\_\_\Chapter 3\peripherals\ad1adc.v" into library work
Parsing module <ad1adc>.
Analyzing Verilog file "C:\s6EDPGA-v14\Chapter 4\adcdac\ns2ad1hbda2\ipcore_dir\hb1.v" into library work
Parsing module <hb1>.
Analyzing Verilog file "C:\s6EDPGA-v14\Chapter 4\adcdac\ns2ad1hbda2\ns3ad1hbda2.v" into library work
Parsing module <ns3ad1hbda2>.
Parsing module <genad1hbda2>.

=========================================================================
*                            HDL Elaboration                            *
=========================================================================

Elaborating module <ns3ad1hbda2>.

Elaborating module <ad1adc>.

Elaborating module <da2dac>.
WARNING:HDLCompiler:189 - "C:\s6EDPGA-v14\Chapter 4\adcdac\ns2ad1hbda2\ns3ad1hbda2.v" Line 29: Size mismatch in connection of port <daccmd>. Formal port size is 2-bit while actual signal size is 1-bit.

Elaborating module <genad1hbda2>.
WARNING:HDLCompiler:189 - "C:\s6EDPGA-v14\Chapter 4\adcdac\ns2ad1hbda2\ns3ad1hbda2.v" Line 31: Size mismatch in connection of port <daccmd>. Formal port size is 2-bit while actual signal size is 1-bit.

Elaborating module <hb1>.

Elaborating module <clock>.

=========================================================================
*                           HDL Synthesis                               *
=========================================================================

Synthesizing Unit <ns3ad1hbda2>.
    Related source file is "C:\s6EDPGA-v14\Chapter 4\adcdac\ns2ad1hbda2\ns3ad1hbda2.v".
    Summary:
	no macro.
Unit <ns3ad1hbda2> synthesized.

Synthesizing Unit <ad1adc>.
    Related source file is "C:\s6EDPGA-v14\Chapter 4\adcdac\ns2ad1hbda2\remote_sources\_\_\_\Chapter 3\peripherals\ad1adc.v".
    Found 1-bit register for signal <adcsck>.
    Found 1-bit register for signal <adccs>.
    Found 1-bit register for signal <davadc>.
    Found 12-bit register for signal <adc0data>.
    Found 12-bit register for signal <adc1data>.
    Found 7-bit register for signal <adcstate>.
    Found 64x7-bit Read Only RAM for signal <_n0180>
    Summary:
	inferred   1 RAM(s).
	inferred  34 D-type flip-flop(s).
	inferred  29 Multiplexer(s).
Unit <ad1adc> synthesized.

Synthesizing Unit <da2dac>.
    Related source file is "C:\s6EDPGA-v14\Chapter 4\adcdac\ns2ad1hbda2\remote_sources\_\_\_\Chapter 3\peripherals\da2dac.v".
    Found 1-bit register for signal <davdac>.
    Found 1-bit register for signal <dacsync>.
    Found 1-bit register for signal <dacsck>.
    Found 1-bit register for signal <dacout>.
    Found 6-bit register for signal <dacstate>.
    Found 64x6-bit Read Only RAM for signal <dacstate[5]_PWR_3_o_wide_mux_5_OUT>
    Summary:
	inferred   1 RAM(s).
	inferred  10 D-type flip-flop(s).
	inferred  34 Multiplexer(s).
Unit <da2dac> synthesized.

Synthesizing Unit <genad1hbda2>.
    Related source file is "C:\s6EDPGA-v14\Chapter 4\adcdac\ns2ad1hbda2\ns3ad1hbda2.v".
WARNING:Xst:2935 - Signal 'daccmd', unconnected in block 'genad1hbda2', is tied to its initial value (00).
WARNING:Xst:2935 - Signal 'sclr', unconnected in block 'genad1hbda2', is tied to its initial value (0).
    Register <adcdav> equivalent to <dacdav> has been removed
    Found 1-bit register for signal <dacdav>.
    Found 12-bit register for signal <firdin>.
    Found 1-bit register for signal <nd>.
    Found 12-bit register for signal <dacdata>.
    Summary:
	inferred  26 D-type flip-flop(s).
	inferred   2 Multiplexer(s).
Unit <genad1hbda2> synthesized.

Synthesizing Unit <clock>.
    Related source file is "C:\s6EDPGA-v14\Chapter 4\adcdac\ns2ad1hbda2\remote_sources\_\_\_\Chapter 3\peripherals\clock.v".
    Found 1-bit register for signal <clk>.
    Found 32-bit register for signal <clkq>.
    Found 32-bit adder for signal <clkq[31]_GND_6_o_add_1_OUT> created at line 12.
    Found 32-bit comparator greater for signal <n0001> created at line 13
    Summary:
	inferred   1 Adder/Subtractor(s).
	inferred  33 D-type flip-flop(s).
	inferred   1 Comparator(s).
Unit <clock> synthesized.

=========================================================================
HDL Synthesis Report

Macro Statistics
# RAMs                                                 : 2
 64x6-bit single-port Read Only RAM                    : 1
 64x7-bit single-port Read Only RAM                    : 1
# Adders/Subtractors                                   : 2
 32-bit adder                                          : 2
# Registers                                            : 19
 1-bit register                                        : 11
 12-bit register                                       : 4
 32-bit register                                       : 2
 6-bit register                                        : 1
 7-bit register                                        : 1
# Comparators                                          : 2
 32-bit comparator greater                             : 2
# Multiplexers                                         : 65
 1-bit 2-to-1 multiplexer                              : 37
 12-bit 2-to-1 multiplexer                             : 24
 6-bit 2-to-1 multiplexer                              : 2
 7-bit 2-to-1 multiplexer                              : 2

=========================================================================

=========================================================================
*                       Advanced HDL Synthesis                          *
=========================================================================

Reading core <ipcore_dir/hb1.ngc>.
Loading core <hb1> for timing and area information for instance <M3>.

Synthesizing (advanced) Unit <ad1adc>.
INFO:Xst:3231 - The small RAM <Mram__n0180> will be implemented on LUTs in order to maximize performance and save block RAM resources. If you want to force its implementation on block, use option/constraint ram_style.
    -----------------------------------------------------------------------
    | ram_type           | Distributed                         |          |
    -----------------------------------------------------------------------
    | Port A                                                              |
    |     aspect ratio   | 64-word x 7-bit                     |          |
    |     weA            | connected to signal <GND>           | high     |
    |     addrA          | connected to signal <adcstate[6]_GND_2_o_mux_2_OUT<5:0>> |          |
    |     diA            | connected to signal <GND>           |          |
    |     doA            | connected to internal node          |          |
    -----------------------------------------------------------------------
Unit <ad1adc> synthesized (advanced).

Synthesizing (advanced) Unit <clock>.
The following registers are absorbed into counter <clkq>: 1 register on signal <clkq>.
Unit <clock> synthesized (advanced).

Synthesizing (advanced) Unit <da2dac>.
INFO:Xst:3231 - The small RAM <Mram_dacstate[5]_PWR_3_o_wide_mux_5_OUT> will be implemented on LUTs in order to maximize performance and save block RAM resources. If you want to force its implementation on block, use option/constraint ram_style.
    -----------------------------------------------------------------------
    | ram_type           | Distributed                         |          |
    -----------------------------------------------------------------------
    | Port A                                                              |
    |     aspect ratio   | 64-word x 6-bit                     |          |
    |     weA            | connected to signal <GND>           | high     |
    |     addrA          | connected to signal <dacstate[5]_GND_3_o_mux_2_OUT> |          |
    |     diA            | connected to signal <GND>           |          |
    |     doA            | connected to internal node          |          |
    -----------------------------------------------------------------------
Unit <da2dac> synthesized (advanced).

=========================================================================
Advanced HDL Synthesis Report

Macro Statistics
# RAMs                                                 : 2
 64x6-bit single-port distributed Read Only RAM        : 1
 64x7-bit single-port distributed Read Only RAM        : 1
# Adders/Subtractors                                   : 2
 32-bit adder                                          : 2
# Counters                                             : 2
 32-bit up counter                                     : 2
# Registers                                            : 72
 Flip-Flops                                            : 72
# Comparators                                          : 2
 32-bit comparator greater                             : 2
# Multiplexers                                         : 76
 1-bit 2-to-1 multiplexer                              : 49
 12-bit 2-to-1 multiplexer                             : 23
 6-bit 2-to-1 multiplexer                              : 2
 7-bit 2-to-1 multiplexer                              : 2

=========================================================================

=========================================================================
*                         Low Level Synthesis                           *
=========================================================================

Optimizing unit <ns3ad1hbda2> ...

Optimizing unit <genad1hbda2> ...

Optimizing unit <ad1adc> ...
WARNING:Xst:1293 - FF/Latch <adcstate_6> has a constant value of 0 in block <ad1adc>. This FF/Latch will be trimmed during the optimization process.

Optimizing unit <da2dac> ...
WARNING:Xst:1293 - FF/Latch <M0/adcstate_6> has a constant value of 0 in block <ns3ad1hbda2>. This FF/Latch will be trimmed during the optimization process.
WARNING:Xst:1896 - Due to other FF/Latch trimming, FF/Latch <M4/clkq_5> has a constant value of 0 in block <ns3ad1hbda2>. This FF/Latch will be trimmed during the optimization process.
WARNING:Xst:1896 - Due to other FF/Latch trimming, FF/Latch <M4/clkq_6> has a constant value of 0 in block <ns3ad1hbda2>. This FF/Latch will be trimmed during the optimization process.
WARNING:Xst:1896 - Due to other FF/Latch trimming, FF/Latch <M4/clkq_7> has a constant value of 0 in block <ns3ad1hbda2>. This FF/Latch will be trimmed during the optimization process.
WARNING:Xst:1896 - Due to other FF/Latch trimming, FF/Latch <M4/clkq_8> has a constant value of 0 in block <ns3ad1hbda2>. This FF/Latch will be trimmed during the optimization process.
WARNING:Xst:1896 - Due to other FF/Latch trimming, FF/Latch <M4/clkq_9> has a constant value of 0 in block <ns3ad1hbda2>. This FF/Latch will be trimmed during the optimization process.
WARNING:Xst:1896 - Due to other FF/Latch trimming, FF/Latch <M4/clkq_10> has a constant value of 0 in block <ns3ad1hbda2>. This FF/Latch will be trimmed during the optimization process.
WARNING:Xst:1896 - Due to other FF/Latch trimming, FF/Latch <M4/clkq_11> has a constant value of 0 in block <ns3ad1hbda2>. This FF/Latch will be trimmed during the optimization process.
WARNING:Xst:1896 - Due to other FF/Latch trimming, FF/Latch <M4/clkq_12> has a constant value of 0 in block <ns3ad1hbda2>. This FF/Latch will be trimmed during the optimization process.
WARNING:Xst:1896 - Due to other FF/Latch trimming, FF/Latch <M4/clkq_13> has a constant value of 0 in block <ns3ad1hbda2>. This FF/Latch will be trimmed during the optimization process.
WARNING:Xst:1896 - Due to other FF/Latch trimming, FF/Latch <M4/clkq_14> has a constant value of 0 in block <ns3ad1hbda2>. This FF/Latch will be trimmed during the optimization process.
WARNING:Xst:1896 - Due to other FF/Latch trimming, FF/Latch <M4/clkq_15> has a constant value of 0 in block <ns3ad1hbda2>. This FF/Latch will be trimmed during the optimization process.
WARNING:Xst:1896 - Due to other FF/Latch trimming, FF/Latch <M4/clkq_16> has a constant value of 0 in block <ns3ad1hbda2>. This FF/Latch will be trimmed during the optimization process.
WARNING:Xst:1896 - Due to other FF/Latch trimming, FF/Latch <M4/clkq_17> has a constant value of 0 in block <ns3ad1hbda2>. This FF/Latch will be trimmed during the optimization process.
WARNING:Xst:1896 - Due to other FF/Latch trimming, FF/Latch <M4/clkq_18> has a constant value of 0 in block <ns3ad1hbda2>. This FF/Latch will be trimmed during the optimization process.
WARNING:Xst:1896 - Due to other FF/Latch trimming, FF/Latch <M4/clkq_19> has a constant value of 0 in block <ns3ad1hbda2>. This FF/Latch will be trimmed during the optimization process.
WARNING:Xst:1896 - Due to other FF/Latch trimming, FF/Latch <M4/clkq_20> has a constant value of 0 in block <ns3ad1hbda2>. This FF/Latch will be trimmed during the optimization process.
WARNING:Xst:1896 - Due to other FF/Latch trimming, FF/Latch <M4/clkq_21> has a constant value of 0 in block <ns3ad1hbda2>. This FF/Latch will be trimmed during the optimization process.
WARNING:Xst:1896 - Due to other FF/Latch trimming, FF/Latch <M4/clkq_22> has a constant value of 0 in block <ns3ad1hbda2>. This FF/Latch will be trimmed during the optimization process.
WARNING:Xst:1896 - Due to other FF/Latch trimming, FF/Latch <M4/clkq_23> has a constant value of 0 in block <ns3ad1hbda2>. This FF/Latch will be trimmed during the optimization process.
WARNING:Xst:1896 - Due to other FF/Latch trimming, FF/Latch <M4/clkq_24> has a constant value of 0 in block <ns3ad1hbda2>. This FF/Latch will be trimmed during the optimization process.
WARNING:Xst:1896 - Due to other FF/Latch trimming, FF/Latch <M4/clkq_25> has a constant value of 0 in block <ns3ad1hbda2>. This FF/Latch will be trimmed during the optimization process.
WARNING:Xst:1896 - Due to other FF/Latch trimming, FF/Latch <M4/clkq_26> has a constant value of 0 in block <ns3ad1hbda2>. This FF/Latch will be trimmed during the optimization process.
WARNING:Xst:1896 - Due to other FF/Latch trimming, FF/Latch <M4/clkq_27> has a constant value of 0 in block <ns3ad1hbda2>. This FF/Latch will be trimmed during the optimization process.
WARNING:Xst:1896 - Due to other FF/Latch trimming, FF/Latch <M4/clkq_28> has a constant value of 0 in block <ns3ad1hbda2>. This FF/Latch will be trimmed during the optimization process.
WARNING:Xst:1896 - Due to other FF/Latch trimming, FF/Latch <M4/clkq_29> has a constant value of 0 in block <ns3ad1hbda2>. This FF/Latch will be trimmed during the optimization process.
WARNING:Xst:1896 - Due to other FF/Latch trimming, FF/Latch <M4/clkq_30> has a constant value of 0 in block <ns3ad1hbda2>. This FF/Latch will be trimmed during the optimization process.
WARNING:Xst:1896 - Due to other FF/Latch trimming, FF/Latch <M4/clkq_31> has a constant value of 0 in block <ns3ad1hbda2>. This FF/Latch will be trimmed during the optimization process.
WARNING:Xst:1896 - Due to other FF/Latch trimming, FF/Latch <M5/clkq_7> has a constant value of 0 in block <ns3ad1hbda2>. This FF/Latch will be trimmed during the optimization process.
WARNING:Xst:1896 - Due to other FF/Latch trimming, FF/Latch <M5/clkq_8> has a constant value of 0 in block <ns3ad1hbda2>. This FF/Latch will be trimmed during the optimization process.
WARNING:Xst:1896 - Due to other FF/Latch trimming, FF/Latch <M5/clkq_9> has a constant value of 0 in block <ns3ad1hbda2>. This FF/Latch will be trimmed during the optimization process.
WARNING:Xst:1896 - Due to other FF/Latch trimming, FF/Latch <M5/clkq_10> has a constant value of 0 in block <ns3ad1hbda2>. This FF/Latch will be trimmed during the optimization process.
WARNING:Xst:1896 - Due to other FF/Latch trimming, FF/Latch <M5/clkq_11> has a constant value of 0 in block <ns3ad1hbda2>. This FF/Latch will be trimmed during the optimization process.
WARNING:Xst:1896 - Due to other FF/Latch trimming, FF/Latch <M5/clkq_12> has a constant value of 0 in block <ns3ad1hbda2>. This FF/Latch will be trimmed during the optimization process.
WARNING:Xst:1896 - Due to other FF/Latch trimming, FF/Latch <M5/clkq_13> has a constant value of 0 in block <ns3ad1hbda2>. This FF/Latch will be trimmed during the optimization process.
WARNING:Xst:1896 - Due to other FF/Latch trimming, FF/Latch <M5/clkq_14> has a constant value of 0 in block <ns3ad1hbda2>. This FF/Latch will be trimmed during the optimization process.
WARNING:Xst:1896 - Due to other FF/Latch trimming, FF/Latch <M5/clkq_15> has a constant value of 0 in block <ns3ad1hbda2>. This FF/Latch will be trimmed during the optimization process.
WARNING:Xst:1896 - Due to other FF/Latch trimming, FF/Latch <M5/clkq_16> has a constant value of 0 in block <ns3ad1hbda2>. This FF/Latch will be trimmed during the optimization process.
WARNING:Xst:1896 - Due to other FF/Latch trimming, FF/Latch <M5/clkq_17> has a constant value of 0 in block <ns3ad1hbda2>. This FF/Latch will be trimmed during the optimization process.
WARNING:Xst:1896 - Due to other FF/Latch trimming, FF/Latch <M5/clkq_18> has a constant value of 0 in block <ns3ad1hbda2>. This FF/Latch will be trimmed during the optimization process.
WARNING:Xst:1896 - Due to other FF/Latch trimming, FF/Latch <M5/clkq_19> has a constant value of 0 in block <ns3ad1hbda2>. This FF/Latch will be trimmed during the optimization process.
WARNING:Xst:1896 - Due to other FF/Latch trimming, FF/Latch <M5/clkq_20> has a constant value of 0 in block <ns3ad1hbda2>. This FF/Latch will be trimmed during the optimization process.
WARNING:Xst:1896 - Due to other FF/Latch trimming, FF/Latch <M5/clkq_21> has a constant value of 0 in block <ns3ad1hbda2>. This FF/Latch will be trimmed during the optimization process.
WARNING:Xst:1896 - Due to other FF/Latch trimming, FF/Latch <M5/clkq_22> has a constant value of 0 in block <ns3ad1hbda2>. This FF/Latch will be trimmed during the optimization process.
WARNING:Xst:1896 - Due to other FF/Latch trimming, FF/Latch <M5/clkq_23> has a constant value of 0 in block <ns3ad1hbda2>. This FF/Latch will be trimmed during the optimization process.
WARNING:Xst:1896 - Due to other FF/Latch trimming, FF/Latch <M5/clkq_24> has a constant value of 0 in block <ns3ad1hbda2>. This FF/Latch will be trimmed during the optimization process.
WARNING:Xst:1896 - Due to other FF/Latch trimming, FF/Latch <M5/clkq_25> has a constant value of 0 in block <ns3ad1hbda2>. This FF/Latch will be trimmed during the optimization process.
WARNING:Xst:1896 - Due to other FF/Latch trimming, FF/Latch <M5/clkq_26> has a constant value of 0 in block <ns3ad1hbda2>. This FF/Latch will be trimmed during the optimization process.
WARNING:Xst:1896 - Due to other FF/Latch trimming, FF/Latch <M5/clkq_27> has a constant value of 0 in block <ns3ad1hbda2>. This FF/Latch will be trimmed during the optimization process.
WARNING:Xst:1896 - Due to other FF/Latch trimming, FF/Latch <M5/clkq_28> has a constant value of 0 in block <ns3ad1hbda2>. This FF/Latch will be trimmed during the optimization process.
WARNING:Xst:1896 - Due to other FF/Latch trimming, FF/Latch <M5/clkq_29> has a constant value of 0 in block <ns3ad1hbda2>. This FF/Latch will be trimmed during the optimization process.
WARNING:Xst:1896 - Due to other FF/Latch trimming, FF/Latch <M5/clkq_30> has a constant value of 0 in block <ns3ad1hbda2>. This FF/Latch will be trimmed during the optimization process.
WARNING:Xst:1896 - Due to other FF/Latch trimming, FF/Latch <M5/clkq_31> has a constant value of 0 in block <ns3ad1hbda2>. This FF/Latch will be trimmed during the optimization process.
WARNING:Xst:1896 - Due to other FF/Latch trimming, FF/Latch <M4/clkq_1> has a constant value of 0 in block <ns3ad1hbda2>. This FF/Latch will be trimmed during the optimization process.
WARNING:Xst:1896 - Due to other FF/Latch trimming, FF/Latch <M4/clkq_2> has a constant value of 0 in block <ns3ad1hbda2>. This FF/Latch will be trimmed during the optimization process.
WARNING:Xst:1896 - Due to other FF/Latch trimming, FF/Latch <M4/clkq_3> has a constant value of 0 in block <ns3ad1hbda2>. This FF/Latch will be trimmed during the optimization process.
WARNING:Xst:1896 - Due to other FF/Latch trimming, FF/Latch <M4/clkq_4> has a constant value of 0 in block <ns3ad1hbda2>. This FF/Latch will be trimmed during the optimization process.
INFO:Xst:2261 - The FF/Latch <M5/clkq_0> in Unit <ns3ad1hbda2> is equivalent to the following FF/Latch, which will be removed : <M4/clkq_0> 
INFO:Xst:2261 - The FF/Latch <M4/clk> in Unit <ns3ad1hbda2> is equivalent to the following FF/Latch, which will be removed : <M5/clkq_1> 

Mapping all equations...
Building and optimizing final netlist ...
Found area constraint ratio of 100 (+ 5) on block ns3ad1hbda2, actual ratio is 2.
FlipFlop M4/clk has been replicated 1 time(s)

Final Macro Processing ...

=========================================================================
Final Register Report

Macro Statistics
# Registers                                            : 78
 Flip-Flops                                            : 78

=========================================================================

=========================================================================
*                           Partition Report                            *
=========================================================================

Partition Implementation Status
-------------------------------

  No Partitions were found in this design.

-------------------------------

=========================================================================
*                            Design Summary                             *
=========================================================================

Top Level Output File Name         : ns3ad1hbda2.ngc

Primitive and Black Box Usage:
------------------------------
# BELS                             : 308
#      GND                         : 3
#      INV                         : 7
#      LUT1                        : 28
#      LUT2                        : 36
#      LUT3                        : 37
#      LUT4                        : 33
#      LUT5                        : 10
#      LUT6                        : 45
#      MUXCY                       : 34
#      MUXCY_D                     : 12
#      MUXCY_L                     : 18
#      MUXF7                       : 1
#      VCC                         : 2
#      XORCY                       : 42
# FlipFlops/Latches                : 208
#      FD                          : 58
#      FDE                         : 81
#      FDR                         : 37
#      FDRE                        : 25
#      FDS                         : 6
#      FDSE                        : 1
# Shift Registers                  : 55
#      SRLC16E                     : 55
# Clock Buffers                    : 2
#      BUFG                        : 1
#      BUFGP                       : 1
# IO Buffers                       : 14
#      IBUF                        : 4
#      OBUF                        : 10
# DSPs                             : 1
#      DSP48A1                     : 1

Device utilization summary:
---------------------------

Selected Device : 6slx16csg324-3 


Slice Logic Utilization: 
 Number of Slice Registers:             208  out of  18224     1%  
 Number of Slice LUTs:                  251  out of   9112     2%  
    Number used as Logic:               196  out of   9112     2%  
    Number used as Memory:               55  out of   2176     2%  
       Number used as SRL:               55

Slice Logic Distribution: 
 Number of LUT Flip Flop pairs used:    272
   Number with an unused Flip Flop:      64  out of    272    23%  
   Number with an unused LUT:            21  out of    272     7%  
   Number of fully used LUT-FF pairs:   187  out of    272    68%  
   Number of unique control sets:        19

IO Utilization: 
 Number of IOs:                          15
 Number of bonded IOBs:                  15  out of    232     6%  

Specific Feature Utilization:
 Number of BUFG/BUFGCTRLs:                2  out of     16    12%  
 Number of DSP48A1s:                      1  out of     32     3%  

---------------------------
Partition Resource Summary:
---------------------------

  No Partitions were found in this design.

---------------------------


=========================================================================
Timing Report

NOTE: THESE TIMING NUMBERS ARE ONLY A SYNTHESIS ESTIMATE.
      FOR ACCURATE TIMING INFORMATION PLEASE REFER TO THE TRACE REPORT
      GENERATED AFTER PLACE-and-ROUTE.

Clock Information:
------------------
-----------------------------------+------------------------+-------+
Clock Signal                       | Clock buffer(FF name)  | Load  |
-----------------------------------+------------------------+-------+
CLK                                | BUFGP                  | 208   |
M5/clk                             | NONE(M2/firdin_11)     | 13    |
M4/clk                             | BUFG                   | 43    |
-----------------------------------+------------------------+-------+
INFO:Xst:2169 - HDL ADVISOR - Some clock signals were not automatically buffered by XST with BUFG/BUFR resources. Please use the buffer_type constraint in order to insert these buffers to the clock signals to help prevent skew problems.

Asynchronous Control Signals Information:
----------------------------------------
No asynchronous control signals found in this design

Timing Summary:
---------------
Speed Grade: -3

   Minimum period: 4.526ns (Maximum Frequency: 220.938MHz)
   Minimum input arrival time before clock: 3.717ns
   Maximum output required time after clock: 3.820ns
   Maximum combinational path delay: No path found

Timing Details:
---------------
All values displayed in nanoseconds (ns)

=========================================================================
Timing constraint: Default period analysis for Clock 'CLK'
  Clock period: 4.526ns (frequency: 220.938MHz)
  Total number of paths / destination ports: 1154 / 376
-------------------------------------------------------------------------
Delay:               4.526ns (Levels of Logic = 15)
  Source:            M5/clkq_0 (FF)
  Destination:       M5/clkq_0 (FF)
  Source Clock:      CLK rising
  Destination Clock: CLK rising

  Data Path: M5/clkq_0 to M5/clkq_0
                                Gate     Net
    Cell:in->out      fanout   Delay   Delay  Logical Name (Net Name)
    ----------------------------------------  ------------
     FDR:C->Q              3   0.447   0.650  M5/clkq_0 (M5/clkq_0)
     INV:I->O              1   0.206   0.000  M5/Madd_clkq[31]_GND_6_o_add_1_OUT_lut<0>_INV_0 (M5/Madd_clkq[31]_GND_6_o_add_1_OUT_lut<0>)
     MUXCY:S->O            1   0.172   0.000  M5/Madd_clkq[31]_GND_6_o_add_1_OUT_cy<0> (M5/Madd_clkq[31]_GND_6_o_add_1_OUT_cy<0>)
     MUXCY:CI->O           1   0.019   0.000  M5/Madd_clkq[31]_GND_6_o_add_1_OUT_cy<1> (M5/Madd_clkq[31]_GND_6_o_add_1_OUT_cy<1>)
     MUXCY:CI->O           1   0.019   0.000  M5/Madd_clkq[31]_GND_6_o_add_1_OUT_cy<2> (M5/Madd_clkq[31]_GND_6_o_add_1_OUT_cy<2>)
     MUXCY:CI->O           1   0.019   0.000  M5/Madd_clkq[31]_GND_6_o_add_1_OUT_cy<3> (M5/Madd_clkq[31]_GND_6_o_add_1_OUT_cy<3>)
     MUXCY:CI->O           1   0.019   0.000  M5/Madd_clkq[31]_GND_6_o_add_1_OUT_cy<4> (M5/Madd_clkq[31]_GND_6_o_add_1_OUT_cy<4>)
     MUXCY:CI->O           1   0.019   0.000  M5/Madd_clkq[31]_GND_6_o_add_1_OUT_cy<5> (M5/Madd_clkq[31]_GND_6_o_add_1_OUT_cy<5>)
     XORCY:CI->O           2   0.180   0.864  M5/Madd_clkq[31]_GND_6_o_add_1_OUT_xor<6> (M5/clkq[31]_GND_6_o_add_1_OUT<6>)
     LUT5:I1->O            1   0.203   0.000  M5/Mcompar_n0001_lut<0> (M5/Mcompar_n0001_lut<0>)
     MUXCY:S->O            1   0.172   0.000  M5/Mcompar_n0001_cy<0> (M5/Mcompar_n0001_cy<0>)
     MUXCY:CI->O           1   0.019   0.000  M5/Mcompar_n0001_cy<1> (M5/Mcompar_n0001_cy<1>)
     MUXCY:CI->O           1   0.019   0.000  M5/Mcompar_n0001_cy<2> (M5/Mcompar_n0001_cy<2>)
     MUXCY:CI->O           1   0.019   0.000  M5/Mcompar_n0001_cy<3> (M5/Mcompar_n0001_cy<3>)
     MUXCY:CI->O           1   0.019   0.000  M5/Mcompar_n0001_cy<4> (M5/Mcompar_n0001_cy<4>)
     MUXCY:CI->O           7   0.258   0.773  M5/Mcompar_n0001_cy<5> (M5/Mcompar_n0001_cy<5>)
     FDR:R                     0.430          M5/clkq_0
    ----------------------------------------
    Total                      4.526ns (2.239ns logic, 2.287ns route)
                                       (49.5% logic, 50.5% route)

=========================================================================
Timing constraint: Default period analysis for Clock 'M4/clk'
  Clock period: 4.250ns (frequency: 235.280MHz)
  Total number of paths / destination ports: 392 / 67
-------------------------------------------------------------------------
Delay:               4.250ns (Levels of Logic = 4)
  Source:            M1/dacstate_2 (FF)
  Destination:       M1/dacout (FF)
  Source Clock:      M4/clk rising
  Destination Clock: M4/clk rising

  Data Path: M1/dacstate_2 to M1/dacout
                                Gate     Net
    Cell:in->out      fanout   Delay   Delay  Logical Name (Net Name)
    ----------------------------------------  ------------
     FD:C->Q               5   0.447   0.715  M1/dacstate_2 (M1/dacstate_2)
     LUT2:I1->O            8   0.205   0.907  M1/Mmux_dacstate[5]_GND_3_o_mux_2_OUT31 (M1/dacstate[5]_GND_3_o_mux_2_OUT<2>)
     LUT6:I4->O            1   0.203   0.684  M1/Mmux__n0209_7 (M1/Mmux__n0209_7)
     LUT6:I4->O            1   0.203   0.580  M1/dacstate[5]_GND_3_o_mux_2_OUT<4>1 (M1/_n0209)
     LUT6:I5->O            1   0.205   0.000  M1/dacout_rstpot (M1/dacout_rstpot)
     FD:D                      0.102          M1/dacout
    ----------------------------------------
    Total                      4.250ns (1.365ns logic, 2.885ns route)
                                       (32.1% logic, 67.9% route)

=========================================================================
Timing constraint: Default OFFSET IN BEFORE for Clock 'CLK'
  Total number of paths / destination ports: 25 / 25
-------------------------------------------------------------------------
Offset:              3.717ns (Levels of Logic = 2)
  Source:            SW1 (PAD)
  Destination:       M2/dacdata_11 (FF)
  Destination Clock: CLK rising

  Data Path: SW1 to M2/dacdata_11
                                Gate     Net
    Cell:in->out      fanout   Delay   Delay  Logical Name (Net Name)
    ----------------------------------------  ------------
     IBUF:I->O            14   1.222   1.062  SW1_IBUF (SW1_IBUF)
     LUT2:I0->O           12   0.203   0.908  M2/_n0041_inv1 (M2/_n0041_inv)
     FDE:CE                    0.322          M2/dacdata_0
    ----------------------------------------
    Total                      3.717ns (1.747ns logic, 1.970ns route)
                                       (47.0% logic, 53.0% route)

=========================================================================
Timing constraint: Default OFFSET IN BEFORE for Clock 'M5/clk'
  Total number of paths / destination ports: 12 / 12
-------------------------------------------------------------------------
Offset:              2.666ns (Levels of Logic = 2)
  Source:            SW0 (PAD)
  Destination:       M2/firdin_11 (FF)
  Destination Clock: M5/clk rising

  Data Path: SW0 to M2/firdin_11
                                Gate     Net
    Cell:in->out      fanout   Delay   Delay  Logical Name (Net Name)
    ----------------------------------------  ------------
     IBUF:I->O            12   1.222   1.137  SW0_IBUF (SW0_IBUF)
     LUT3:I0->O            1   0.205   0.000  M2/Mmux_adc1data[11]_adc0data[11]_mux_4_OUT13 (M2/adc1data[11]_adc0data[11]_mux_4_OUT<0>)
     FDE:D                     0.102          M2/firdin_0
    ----------------------------------------
    Total                      2.666ns (1.529ns logic, 1.137ns route)
                                       (57.4% logic, 42.6% route)

=========================================================================
Timing constraint: Default OFFSET IN BEFORE for Clock 'M4/clk'
  Total number of paths / destination ports: 24 / 24
-------------------------------------------------------------------------
Offset:              2.438ns (Levels of Logic = 2)
  Source:            JA3 (PAD)
  Destination:       M0/adc1data_11 (FF)
  Destination Clock: M4/clk rising

  Data Path: JA3 to M0/adc1data_11
                                Gate     Net
    Cell:in->out      fanout   Delay   Delay  Logical Name (Net Name)
    ----------------------------------------  ------------
     IBUF:I->O            12   1.222   0.909  JA3_IBUF (JA3_IBUF)
     LUT6:I5->O            1   0.205   0.000  M0/Mmux__n0354131 (M0/_n0447<0>)
     FDE:D                     0.102          M0/adc1data_0
    ----------------------------------------
    Total                      2.438ns (1.529ns logic, 0.909ns route)
                                       (62.7% logic, 37.3% route)

=========================================================================
Timing constraint: Default OFFSET OUT AFTER for Clock 'M4/clk'
  Total number of paths / destination ports: 6 / 6
-------------------------------------------------------------------------
Offset:              3.701ns (Levels of Logic = 1)
  Source:            M0/adccs (FF)
  Destination:       JA1 (PAD)
  Source Clock:      M4/clk rising

  Data Path: M0/adccs to JA1
                                Gate     Net
    Cell:in->out      fanout   Delay   Delay  Logical Name (Net Name)
    ----------------------------------------  ------------
     FD:C->Q               4   0.447   0.683  M0/adccs (M0/adccs)
     OBUF:I->O                 2.571          JA1_OBUF (JA1)
    ----------------------------------------
    Total                      3.701ns (3.018ns logic, 0.683ns route)
                                       (81.6% logic, 18.4% route)

=========================================================================
Timing constraint: Default OFFSET OUT AFTER for Clock 'CLK'
  Total number of paths / destination ports: 3 / 3
-------------------------------------------------------------------------
Offset:              3.820ns (Levels of Logic = 2)
  Source:            M3/blk00000003/blk0000002f (FF)
  Destination:       JC2 (PAD)
  Source Clock:      CLK rising

  Data Path: M3/blk00000003/blk0000002f to JC2
                                Gate     Net
    Cell:in->out      fanout   Delay   Delay  Logical Name (Net Name)
    ----------------------------------------  ------------
     FDSE:C->Q             8   0.447   0.802  blk0000002f (rfd)
     end scope: 'M3/blk00000003:rfd'
     end scope: 'M3:rfd'
     OBUF:I->O                 2.571          JC2_OBUF (JC2)
    ----------------------------------------
    Total                      3.820ns (3.018ns logic, 0.802ns route)
                                       (79.0% logic, 21.0% route)

=========================================================================

Cross Clock Domains Report:
--------------------------

Clock to Setup on destination clock CLK
---------------+---------+---------+---------+---------+
               | Src:Rise| Src:Fall| Src:Rise| Src:Fall|
Source Clock   |Dest:Rise|Dest:Rise|Dest:Fall|Dest:Fall|
---------------+---------+---------+---------+---------+
CLK            |    4.526|         |         |         |
M5/clk         |    1.473|         |         |         |
---------------+---------+---------+---------+---------+

Clock to Setup on destination clock M4/clk
---------------+---------+---------+---------+---------+
               | Src:Rise| Src:Fall| Src:Rise| Src:Fall|
Source Clock   |Dest:Rise|Dest:Rise|Dest:Fall|Dest:Fall|
---------------+---------+---------+---------+---------+
CLK            |    3.562|         |         |         |
M4/clk         |    4.250|         |         |         |
M5/clk         |    5.157|         |         |         |
---------------+---------+---------+---------+---------+

Clock to Setup on destination clock M5/clk
---------------+---------+---------+---------+---------+
               | Src:Rise| Src:Fall| Src:Rise| Src:Fall|
Source Clock   |Dest:Rise|Dest:Rise|Dest:Fall|Dest:Fall|
---------------+---------+---------+---------+---------+
M4/clk         |    2.893|         |         |         |
---------------+---------+---------+---------+---------+

=========================================================================


Total REAL time to Xst completion: 10.00 secs
Total CPU time to Xst completion: 10.53 secs
 
--> 

Total memory usage is 197804 kilobytes

Number of errors   :    0 (   0 filtered)
Number of warnings :   62 (   0 filtered)
Number of infos    :    5 (   0 filtered)

