Release 14.3 - ngc2edif P.40xd (nt)
Copyright (c) 1995-2012 Xilinx, Inc.  All rights reserved.
Reading design binBCDROM.ngc ...
WARNING:NetListWriters:298 - No output is written to binBCDROM.xncf, ignored.
Processing design ...
   Preping design's networks ...
   Preping design's macros ...
  finished :Prep
Writing EDIF netlist file binBCDROM.edif ...
ngc2edif: Total memory usage is 73004 kilobytes

Release 14.3 - ngc2edif P.40xd (nt)
Copyright (c) 1995-2012 Xilinx, Inc.  All rights reserved.
Reading design ROMbinBCD.ngc ...
WARNING:NetListWriters:298 - No output is written to ROMbinBCD.xncf, ignored.
Processing design ...
   Preping design's networks ...
   Preping design's macros ...
  finished :Prep
Writing EDIF netlist file ROMbinBCD.edif ...
ngc2edif: Total memory usage is 73004 kilobytes

