Release 14.3 - xst P.40xd (nt)
Copyright (c) 1995-2012 Xilinx, Inc.  All rights reserved.
--> Parameter TMPDIR set to xst/projnav.tmp


Total REAL time to Xst completion: 0.00 secs
Total CPU time to Xst completion: 0.21 secs
 
--> Parameter xsthdpdir set to xst


Total REAL time to Xst completion: 0.00 secs
Total CPU time to Xst completion: 0.21 secs
 
--> Reading design: ns3ad1da2.prj

TABLE OF CONTENTS
  1) Synthesis Options Summary
  2) HDL Parsing
  3) HDL Elaboration
  4) HDL Synthesis
       4.1) HDL Synthesis Report
  5) Advanced HDL Synthesis
       5.1) Advanced HDL Synthesis Report
  6) Low Level Synthesis
  7) Partition Report
  8) Design Summary
       8.1) Primitive and Black Box Usage
       8.2) Device utilization summary
       8.3) Partition Resource Summary
       8.4) Timing Report
            8.4.1) Clock Information
            8.4.2) Asynchronous Control Signals Information
            8.4.3) Timing Summary
            8.4.4) Timing Details
            8.4.5) Cross Clock Domains Report


=========================================================================
*                      Synthesis Options Summary                        *
=========================================================================
---- Source Parameters
Input File Name                    : "ns3ad1da2.prj"
Ignore Synthesis Constraint File   : NO

---- Target Parameters
Output File Name                   : "ns3ad1da2"
Output Format                      : NGC
Target Device                      : xc6slx16-3-csg324

---- Source Options
Top Module Name                    : ns3ad1da2
Automatic FSM Extraction           : YES
FSM Encoding Algorithm             : Auto
Safe Implementation                : No
FSM Style                          : LUT
RAM Extraction                     : Yes
RAM Style                          : Auto
ROM Extraction                     : Yes
Shift Register Extraction          : YES
ROM Style                          : Auto
Resource Sharing                   : YES
Asynchronous To Synchronous        : NO
Shift Register Minimum Size        : 2
Use DSP Block                      : Auto
Automatic Register Balancing       : No

---- Target Options
LUT Combining                      : Auto
Reduce Control Sets                : Auto
Add IO Buffers                     : YES
Global Maximum Fanout              : 100000
Add Generic Clock Buffer(BUFG)     : 16
Register Duplication               : YES
Optimize Instantiated Primitives   : NO
Use Clock Enable                   : Auto
Use Synchronous Set                : Auto
Use Synchronous Reset              : Auto
Pack IO Registers into IOBs        : Auto
Equivalent register Removal        : YES

---- General Options
Optimization Goal                  : Speed
Optimization Effort                : 1
Power Reduction                    : NO
Keep Hierarchy                     : No
Netlist Hierarchy                  : As_Optimized
RTL Output                         : Yes
Global Optimization                : AllClockNets
Read Cores                         : YES
Write Timing Constraints           : NO
Cross Clock Analysis               : NO
Hierarchy Separator                : /
Bus Delimiter                      : <>
Case Specifier                     : Maintain
Slice Utilization Ratio            : 100
BRAM Utilization Ratio             : 100
DSP48 Utilization Ratio            : 100
Auto BRAM Packing                  : NO
Slice Utilization Ratio Delta      : 5

=========================================================================


=========================================================================
*                          HDL Parsing                                  *
=========================================================================
Analyzing Verilog file "C:\s6EDPGA-v14\Chapter 4\adcdac\ns3ad1da2\remote_sources\_\_\_\Chapter 3\peripherals\da2dac.v" into library work
Parsing module <da2dac>.
Analyzing Verilog file "C:\s6EDPGA-v14\Chapter 4\adcdac\ns3ad1da2\remote_sources\_\_\_\Chapter 3\peripherals\ad1adc.v" into library work
Parsing module <ad1adc>.
Analyzing Verilog file "C:\s6EDPGA-v14\Chapter 3\peripherals\clock.v" into library work
Parsing module <clock>.
Analyzing Verilog file "C:\s6EDPGA-v14\Chapter 4\adcdac\ns3ad1da2\ns3ad1da2.v" into library work
Parsing module <ns3ad1da2>.
Parsing module <genad1da2>.

=========================================================================
*                            HDL Elaboration                            *
=========================================================================

Elaborating module <ns3ad1da2>.

Elaborating module <ad1adc>.

Elaborating module <da2dac>.
WARNING:HDLCompiler:189 - "C:\s6EDPGA-v14\Chapter 4\adcdac\ns3ad1da2\ns3ad1da2.v" Line 26: Size mismatch in connection of port <daccmd>. Formal port size is 2-bit while actual signal size is 1-bit.

Elaborating module <genad1da2>.
WARNING:HDLCompiler:189 - "C:\s6EDPGA-v14\Chapter 4\adcdac\ns3ad1da2\ns3ad1da2.v" Line 28: Size mismatch in connection of port <daccmd>. Formal port size is 2-bit while actual signal size is 1-bit.

Elaborating module <clock>.

=========================================================================
*                           HDL Synthesis                               *
=========================================================================

Synthesizing Unit <ns3ad1da2>.
    Related source file is "C:\s6EDPGA-v14\Chapter 4\adcdac\ns3ad1da2\ns3ad1da2.v".
    Summary:
	no macro.
Unit <ns3ad1da2> synthesized.

Synthesizing Unit <ad1adc>.
    Related source file is "C:\s6EDPGA-v14\Chapter 4\adcdac\ns3ad1da2\remote_sources\_\_\_\Chapter 3\peripherals\ad1adc.v".
    Found 1-bit register for signal <adcsck>.
    Found 1-bit register for signal <adccs>.
    Found 1-bit register for signal <davadc>.
    Found 12-bit register for signal <adc0data>.
    Found 12-bit register for signal <adc1data>.
    Found 7-bit register for signal <adcstate>.
    Found 64x7-bit Read Only RAM for signal <_n0180>
    Summary:
	inferred   1 RAM(s).
	inferred  34 D-type flip-flop(s).
	inferred  29 Multiplexer(s).
Unit <ad1adc> synthesized.

Synthesizing Unit <da2dac>.
    Related source file is "C:\s6EDPGA-v14\Chapter 4\adcdac\ns3ad1da2\remote_sources\_\_\_\Chapter 3\peripherals\da2dac.v".
    Found 1-bit register for signal <davdac>.
    Found 1-bit register for signal <dacsync>.
    Found 1-bit register for signal <dacsck>.
    Found 1-bit register for signal <dacout>.
    Found 6-bit register for signal <dacstate>.
    Found 64x6-bit Read Only RAM for signal <dacstate[5]_PWR_3_o_wide_mux_5_OUT>
    Summary:
	inferred   1 RAM(s).
	inferred  10 D-type flip-flop(s).
	inferred  34 Multiplexer(s).
Unit <da2dac> synthesized.

Synthesizing Unit <genad1da2>.
    Related source file is "C:\s6EDPGA-v14\Chapter 4\adcdac\ns3ad1da2\ns3ad1da2.v".
WARNING:Xst:2935 - Signal 'daccmd', unconnected in block 'genad1da2', is tied to its initial value (00).
    Register <adcdav> equivalent to <dacdav> has been removed
    Found 1-bit register for signal <dacdav>.
    Found 12-bit register for signal <dacdata>.
    Summary:
	inferred  13 D-type flip-flop(s).
	inferred   1 Multiplexer(s).
Unit <genad1da2> synthesized.

Synthesizing Unit <clock>.
    Related source file is "C:\s6EDPGA-v14\Chapter 3\peripherals\clock.v".
    Found 1-bit register for signal <sclclk>.
    Found 32-bit register for signal <clkq>.
    Found 32-bit adder for signal <clkq[31]_GND_5_o_add_1_OUT> created at line 12.
    Found 32-bit comparator greater for signal <n0001> created at line 13
    Summary:
	inferred   1 Adder/Subtractor(s).
	inferred  33 D-type flip-flop(s).
	inferred   1 Comparator(s).
Unit <clock> synthesized.

=========================================================================
HDL Synthesis Report

Macro Statistics
# RAMs                                                 : 2
 64x6-bit single-port Read Only RAM                    : 1
 64x7-bit single-port Read Only RAM                    : 1
# Adders/Subtractors                                   : 1
 32-bit adder                                          : 1
# Registers                                            : 15
 1-bit register                                        : 9
 12-bit register                                       : 3
 32-bit register                                       : 1
 6-bit register                                        : 1
 7-bit register                                        : 1
# Comparators                                          : 1
 32-bit comparator greater                             : 1
# Multiplexers                                         : 64
 1-bit 2-to-1 multiplexer                              : 37
 12-bit 2-to-1 multiplexer                             : 23
 6-bit 2-to-1 multiplexer                              : 2
 7-bit 2-to-1 multiplexer                              : 2

=========================================================================

=========================================================================
*                       Advanced HDL Synthesis                          *
=========================================================================


Synthesizing (advanced) Unit <ad1adc>.
INFO:Xst:3231 - The small RAM <Mram__n0180> will be implemented on LUTs in order to maximize performance and save block RAM resources. If you want to force its implementation on block, use option/constraint ram_style.
    -----------------------------------------------------------------------
    | ram_type           | Distributed                         |          |
    -----------------------------------------------------------------------
    | Port A                                                              |
    |     aspect ratio   | 64-word x 7-bit                     |          |
    |     weA            | connected to signal <GND>           | high     |
    |     addrA          | connected to signal <adcstate[6]_GND_2_o_mux_2_OUT<5:0>> |          |
    |     diA            | connected to signal <GND>           |          |
    |     doA            | connected to internal node          |          |
    -----------------------------------------------------------------------
Unit <ad1adc> synthesized (advanced).

Synthesizing (advanced) Unit <clock>.
The following registers are absorbed into counter <clkq>: 1 register on signal <clkq>.
Unit <clock> synthesized (advanced).

Synthesizing (advanced) Unit <da2dac>.
INFO:Xst:3231 - The small RAM <Mram_dacstate[5]_PWR_3_o_wide_mux_5_OUT> will be implemented on LUTs in order to maximize performance and save block RAM resources. If you want to force its implementation on block, use option/constraint ram_style.
    -----------------------------------------------------------------------
    | ram_type           | Distributed                         |          |
    -----------------------------------------------------------------------
    | Port A                                                              |
    |     aspect ratio   | 64-word x 6-bit                     |          |
    |     weA            | connected to signal <GND>           | high     |
    |     addrA          | connected to signal <dacstate[5]_GND_3_o_mux_2_OUT> |          |
    |     diA            | connected to signal <GND>           |          |
    |     doA            | connected to internal node          |          |
    -----------------------------------------------------------------------
Unit <da2dac> synthesized (advanced).

=========================================================================
Advanced HDL Synthesis Report

Macro Statistics
# RAMs                                                 : 2
 64x6-bit single-port distributed Read Only RAM        : 1
 64x7-bit single-port distributed Read Only RAM        : 1
# Adders/Subtractors                                   : 1
 32-bit adder                                          : 1
# Counters                                             : 1
 32-bit up counter                                     : 1
# Registers                                            : 58
 Flip-Flops                                            : 58
# Comparators                                          : 1
 32-bit comparator greater                             : 1
# Multiplexers                                         : 64
 1-bit 2-to-1 multiplexer                              : 37
 12-bit 2-to-1 multiplexer                             : 23
 6-bit 2-to-1 multiplexer                              : 2
 7-bit 2-to-1 multiplexer                              : 2

=========================================================================

=========================================================================
*                         Low Level Synthesis                           *
=========================================================================

Optimizing unit <ns3ad1da2> ...

Optimizing unit <genad1da2> ...

Optimizing unit <ad1adc> ...
WARNING:Xst:1293 - FF/Latch <adcstate_6> has a constant value of 0 in block <ad1adc>. This FF/Latch will be trimmed during the optimization process.

Optimizing unit <da2dac> ...
WARNING:Xst:1293 - FF/Latch <M0/adcstate_6> has a constant value of 0 in block <ns3ad1da2>. This FF/Latch will be trimmed during the optimization process.
WARNING:Xst:1896 - Due to other FF/Latch trimming, FF/Latch <M4/clkq_31> has a constant value of 0 in block <ns3ad1da2>. This FF/Latch will be trimmed during the optimization process.
WARNING:Xst:1896 - Due to other FF/Latch trimming, FF/Latch <M4/clkq_30> has a constant value of 0 in block <ns3ad1da2>. This FF/Latch will be trimmed during the optimization process.
WARNING:Xst:1896 - Due to other FF/Latch trimming, FF/Latch <M4/clkq_29> has a constant value of 0 in block <ns3ad1da2>. This FF/Latch will be trimmed during the optimization process.
WARNING:Xst:1896 - Due to other FF/Latch trimming, FF/Latch <M4/clkq_28> has a constant value of 0 in block <ns3ad1da2>. This FF/Latch will be trimmed during the optimization process.
WARNING:Xst:1896 - Due to other FF/Latch trimming, FF/Latch <M4/clkq_27> has a constant value of 0 in block <ns3ad1da2>. This FF/Latch will be trimmed during the optimization process.
WARNING:Xst:1896 - Due to other FF/Latch trimming, FF/Latch <M4/clkq_26> has a constant value of 0 in block <ns3ad1da2>. This FF/Latch will be trimmed during the optimization process.
WARNING:Xst:1896 - Due to other FF/Latch trimming, FF/Latch <M4/clkq_25> has a constant value of 0 in block <ns3ad1da2>. This FF/Latch will be trimmed during the optimization process.
WARNING:Xst:1896 - Due to other FF/Latch trimming, FF/Latch <M4/clkq_24> has a constant value of 0 in block <ns3ad1da2>. This FF/Latch will be trimmed during the optimization process.
WARNING:Xst:1896 - Due to other FF/Latch trimming, FF/Latch <M4/clkq_23> has a constant value of 0 in block <ns3ad1da2>. This FF/Latch will be trimmed during the optimization process.
WARNING:Xst:1896 - Due to other FF/Latch trimming, FF/Latch <M4/clkq_22> has a constant value of 0 in block <ns3ad1da2>. This FF/Latch will be trimmed during the optimization process.
WARNING:Xst:1896 - Due to other FF/Latch trimming, FF/Latch <M4/clkq_21> has a constant value of 0 in block <ns3ad1da2>. This FF/Latch will be trimmed during the optimization process.
WARNING:Xst:1896 - Due to other FF/Latch trimming, FF/Latch <M4/clkq_20> has a constant value of 0 in block <ns3ad1da2>. This FF/Latch will be trimmed during the optimization process.
WARNING:Xst:1896 - Due to other FF/Latch trimming, FF/Latch <M4/clkq_19> has a constant value of 0 in block <ns3ad1da2>. This FF/Latch will be trimmed during the optimization process.
WARNING:Xst:1896 - Due to other FF/Latch trimming, FF/Latch <M4/clkq_18> has a constant value of 0 in block <ns3ad1da2>. This FF/Latch will be trimmed during the optimization process.
WARNING:Xst:1896 - Due to other FF/Latch trimming, FF/Latch <M4/clkq_17> has a constant value of 0 in block <ns3ad1da2>. This FF/Latch will be trimmed during the optimization process.
WARNING:Xst:1896 - Due to other FF/Latch trimming, FF/Latch <M4/clkq_16> has a constant value of 0 in block <ns3ad1da2>. This FF/Latch will be trimmed during the optimization process.
WARNING:Xst:1896 - Due to other FF/Latch trimming, FF/Latch <M4/clkq_15> has a constant value of 0 in block <ns3ad1da2>. This FF/Latch will be trimmed during the optimization process.
WARNING:Xst:1896 - Due to other FF/Latch trimming, FF/Latch <M4/clkq_14> has a constant value of 0 in block <ns3ad1da2>. This FF/Latch will be trimmed during the optimization process.
WARNING:Xst:1896 - Due to other FF/Latch trimming, FF/Latch <M4/clkq_13> has a constant value of 0 in block <ns3ad1da2>. This FF/Latch will be trimmed during the optimization process.
WARNING:Xst:1896 - Due to other FF/Latch trimming, FF/Latch <M4/clkq_12> has a constant value of 0 in block <ns3ad1da2>. This FF/Latch will be trimmed during the optimization process.
WARNING:Xst:1896 - Due to other FF/Latch trimming, FF/Latch <M4/clkq_11> has a constant value of 0 in block <ns3ad1da2>. This FF/Latch will be trimmed during the optimization process.
WARNING:Xst:1896 - Due to other FF/Latch trimming, FF/Latch <M4/clkq_10> has a constant value of 0 in block <ns3ad1da2>. This FF/Latch will be trimmed during the optimization process.
WARNING:Xst:1896 - Due to other FF/Latch trimming, FF/Latch <M4/clkq_9> has a constant value of 0 in block <ns3ad1da2>. This FF/Latch will be trimmed during the optimization process.
WARNING:Xst:1896 - Due to other FF/Latch trimming, FF/Latch <M4/clkq_8> has a constant value of 0 in block <ns3ad1da2>. This FF/Latch will be trimmed during the optimization process.
WARNING:Xst:1896 - Due to other FF/Latch trimming, FF/Latch <M4/clkq_7> has a constant value of 0 in block <ns3ad1da2>. This FF/Latch will be trimmed during the optimization process.
WARNING:Xst:1896 - Due to other FF/Latch trimming, FF/Latch <M4/clkq_6> has a constant value of 0 in block <ns3ad1da2>. This FF/Latch will be trimmed during the optimization process.
WARNING:Xst:1896 - Due to other FF/Latch trimming, FF/Latch <M4/clkq_5> has a constant value of 0 in block <ns3ad1da2>. This FF/Latch will be trimmed during the optimization process.
WARNING:Xst:1896 - Due to other FF/Latch trimming, FF/Latch <M4/clkq_4> has a constant value of 0 in block <ns3ad1da2>. This FF/Latch will be trimmed during the optimization process.
WARNING:Xst:1896 - Due to other FF/Latch trimming, FF/Latch <M4/clkq_3> has a constant value of 0 in block <ns3ad1da2>. This FF/Latch will be trimmed during the optimization process.
WARNING:Xst:1896 - Due to other FF/Latch trimming, FF/Latch <M4/clkq_2> has a constant value of 0 in block <ns3ad1da2>. This FF/Latch will be trimmed during the optimization process.
WARNING:Xst:1896 - Due to other FF/Latch trimming, FF/Latch <M4/clkq_1> has a constant value of 0 in block <ns3ad1da2>. This FF/Latch will be trimmed during the optimization process.

Mapping all equations...
Building and optimizing final netlist ...
Found area constraint ratio of 100 (+ 5) on block ns3ad1da2, actual ratio is 1.

Final Macro Processing ...

=========================================================================
Final Register Report

Macro Statistics
# Registers                                            : 58
 Flip-Flops                                            : 58

=========================================================================

=========================================================================
*                           Partition Report                            *
=========================================================================

Partition Implementation Status
-------------------------------

  No Partitions were found in this design.

-------------------------------

=========================================================================
*                            Design Summary                             *
=========================================================================

Top Level Output File Name         : ns3ad1da2.ngc

Primitive and Black Box Usage:
------------------------------
# BELS                             : 116
#      GND                         : 1
#      INV                         : 2
#      LUT1                        : 2
#      LUT2                        : 15
#      LUT3                        : 13
#      LUT4                        : 17
#      LUT5                        : 9
#      LUT6                        : 42
#      MUXCY                       : 9
#      MUXF7                       : 3
#      VCC                         : 1
#      XORCY                       : 2
# FlipFlops/Latches                : 58
#      FD                          : 18
#      FDE                         : 36
#      FDR                         : 4
# Clock Buffers                    : 2
#      BUFG                        : 1
#      BUFGP                       : 1
# IO Buffers                       : 10
#      IBUF                        : 3
#      OBUF                        : 7

Device utilization summary:
---------------------------

Selected Device : 6slx16csg324-3 


Slice Logic Utilization: 
 Number of Slice Registers:              58  out of  18224     0%  
 Number of Slice LUTs:                  100  out of   9112     1%  
    Number used as Logic:               100  out of   9112     1%  

Slice Logic Distribution: 
 Number of LUT Flip Flop pairs used:    101
   Number with an unused Flip Flop:      43  out of    101    42%  
   Number with an unused LUT:             1  out of    101     0%  
   Number of fully used LUT-FF pairs:    57  out of    101    56%  
   Number of unique control sets:         5

IO Utilization: 
 Number of IOs:                          11
 Number of bonded IOBs:                  11  out of    232     4%  

Specific Feature Utilization:
 Number of BUFG/BUFGCTRLs:                2  out of     16    12%  

---------------------------
Partition Resource Summary:
---------------------------

  No Partitions were found in this design.

---------------------------


=========================================================================
Timing Report

NOTE: THESE TIMING NUMBERS ARE ONLY A SYNTHESIS ESTIMATE.
      FOR ACCURATE TIMING INFORMATION PLEASE REFER TO THE TRACE REPORT
      GENERATED AFTER PLACE-and-ROUTE.

Clock Information:
------------------
-----------------------------------+------------------------+-------+
Clock Signal                       | Clock buffer(FF name)  | Load  |
-----------------------------------+------------------------+-------+
CLK                                | BUFGP                  | 15    |
M4/sclclk                          | BUFG                   | 43    |
-----------------------------------+------------------------+-------+

Asynchronous Control Signals Information:
----------------------------------------
No asynchronous control signals found in this design

Timing Summary:
---------------
Speed Grade: -3

   Minimum period: 4.023ns (Maximum Frequency: 248.558MHz)
   Minimum input arrival time before clock: 2.800ns
   Maximum output required time after clock: 3.701ns
   Maximum combinational path delay: No path found

Timing Details:
---------------
All values displayed in nanoseconds (ns)

=========================================================================
Timing constraint: Default period analysis for Clock 'M4/sclclk'
  Clock period: 4.023ns (frequency: 248.558MHz)
  Total number of paths / destination ports: 394 / 67
-------------------------------------------------------------------------
Delay:               4.023ns (Levels of Logic = 3)
  Source:            M0/adcstate_4 (FF)
  Destination:       M0/adcstate_4 (FF)
  Source Clock:      M4/sclclk rising
  Destination Clock: M4/sclclk rising

  Data Path: M0/adcstate_4 to M0/adcstate_4
                                Gate     Net
    Cell:in->out      fanout   Delay   Delay  Logical Name (Net Name)
    ----------------------------------------  ------------
     FDR:C->Q             14   0.447   0.958  M0/adcstate_4 (M0/adcstate_4)
     LUT2:I1->O           20   0.205   1.321  M0/Mmux_adcstate[6]_GND_2_o_mux_2_OUT51 (M0/adcstate[6]_GND_2_o_mux_2_OUT<4>)
     LUT6:I3->O            1   0.205   0.580  M0_Mram__n018051 (M0/_n0180<2>)
     LUT4:I3->O            1   0.205   0.000  M0/Mmux_adcstate[6]_adcstate[6]_mux_51_OUT61 (M0/adcstate[6]_adcstate[6]_mux_51_OUT<5>)
     FD:D                      0.102          M0/adcstate_5
    ----------------------------------------
    Total                      4.023ns (1.164ns logic, 2.859ns route)
                                       (28.9% logic, 71.1% route)

=========================================================================
Timing constraint: Default period analysis for Clock 'CLK'
  Clock period: 3.616ns (frequency: 276.522MHz)
  Total number of paths / destination ports: 4 / 2
-------------------------------------------------------------------------
Delay:               3.616ns (Levels of Logic = 12)
  Source:            M4/clkq_0 (FF)
  Destination:       M4/sclclk (FF)
  Source Clock:      CLK rising
  Destination Clock: CLK rising

  Data Path: M4/clkq_0 to M4/sclclk
                                Gate     Net
    Cell:in->out      fanout   Delay   Delay  Logical Name (Net Name)
    ----------------------------------------  ------------
     FD:C->Q               2   0.447   0.616  M4/clkq_0 (M4/clkq_0)
     INV:I->O              1   0.206   0.000  M4/Madd_clkq[31]_GND_5_o_add_1_OUT_lut<0>_INV_0 (M4/Madd_clkq[31]_GND_5_o_add_1_OUT_lut<0>)
     MUXCY:S->O            0   0.172   0.000  M4/Madd_clkq[31]_GND_5_o_add_1_OUT_cy<0> (M4/Madd_clkq[31]_GND_5_o_add_1_OUT_cy<0>)
     XORCY:CI->O           1   0.180   0.580  M4/Madd_clkq[31]_GND_5_o_add_1_OUT_xor<1> (M4/Mcompar_n0001_lut<0>)
     LUT1:I0->O            1   0.205   0.000  M4/Mcompar_n0001_cy<0>_rt (M4/Mcompar_n0001_cy<0>_rt)
     MUXCY:S->O            1   0.172   0.000  M4/Mcompar_n0001_cy<0> (M4/Mcompar_n0001_cy<0>)
     MUXCY:CI->O           1   0.019   0.000  M4/Mcompar_n0001_cy<1> (M4/Mcompar_n0001_cy<1>)
     MUXCY:CI->O           1   0.019   0.000  M4/Mcompar_n0001_cy<2> (M4/Mcompar_n0001_cy<2>)
     MUXCY:CI->O           1   0.019   0.000  M4/Mcompar_n0001_cy<3> (M4/Mcompar_n0001_cy<3>)
     MUXCY:CI->O           1   0.019   0.000  M4/Mcompar_n0001_cy<4> (M4/Mcompar_n0001_cy<4>)
     MUXCY:CI->O           1   0.019   0.000  M4/Mcompar_n0001_cy<5> (M4/Mcompar_n0001_cy<5>)
     MUXCY:CI->O           2   0.019   0.617  M4/Mcompar_n0001_cy<6> (M4/Mcompar_n0001_cy<6>)
     LUT2:I1->O            1   0.205   0.000  M4/sclclk_rstpot (M4/sclclk_rstpot)
     FD:D                      0.102          M4/sclclk
    ----------------------------------------
    Total                      3.616ns (1.803ns logic, 1.813ns route)
                                       (49.9% logic, 50.1% route)

=========================================================================
Timing constraint: Default OFFSET IN BEFORE for Clock 'CLK'
  Total number of paths / destination ports: 12 / 12
-------------------------------------------------------------------------
Offset:              2.666ns (Levels of Logic = 2)
  Source:            SW0 (PAD)
  Destination:       M3/dacdata_11 (FF)
  Destination Clock: CLK rising

  Data Path: SW0 to M3/dacdata_11
                                Gate     Net
    Cell:in->out      fanout   Delay   Delay  Logical Name (Net Name)
    ----------------------------------------  ------------
     IBUF:I->O            12   1.222   1.137  SW0_IBUF (SW0_IBUF)
     LUT3:I0->O            1   0.205   0.000  M3/Mmux_adc1data[11]_adc0data[11]_mux_4_OUT13 (M3/adc1data[11]_adc0data[11]_mux_4_OUT<0>)
     FDE:D                     0.102          M3/dacdata_0
    ----------------------------------------
    Total                      2.666ns (1.529ns logic, 1.137ns route)
                                       (57.4% logic, 42.6% route)

=========================================================================
Timing constraint: Default OFFSET IN BEFORE for Clock 'M4/sclclk'
  Total number of paths / destination ports: 24 / 24
-------------------------------------------------------------------------
Offset:              2.800ns (Levels of Logic = 2)
  Source:            JA3 (PAD)
  Destination:       M0/adc1data_7 (FF)
  Destination Clock: M4/sclclk rising

  Data Path: JA3 to M0/adc1data_7
                                Gate     Net
    Cell:in->out      fanout   Delay   Delay  Logical Name (Net Name)
    ----------------------------------------  ------------
     IBUF:I->O            12   1.222   1.273  JA3_IBUF (JA3_IBUF)
     LUT6:I0->O            1   0.203   0.000  M0/Mmux__n0354131 (M0/_n0447<0>)
     FDE:D                     0.102          M0/adc1data_0
    ----------------------------------------
    Total                      2.800ns (1.527ns logic, 1.273ns route)
                                       (54.5% logic, 45.5% route)

=========================================================================
Timing constraint: Default OFFSET OUT AFTER for Clock 'M4/sclclk'
  Total number of paths / destination ports: 6 / 6
-------------------------------------------------------------------------
Offset:              3.701ns (Levels of Logic = 1)
  Source:            M0/adccs (FF)
  Destination:       JA1 (PAD)
  Source Clock:      M4/sclclk rising

  Data Path: M0/adccs to JA1
                                Gate     Net
    Cell:in->out      fanout   Delay   Delay  Logical Name (Net Name)
    ----------------------------------------  ------------
     FD:C->Q               4   0.447   0.683  M0/adccs (M0/adccs)
     OBUF:I->O                 2.571          JA1_OBUF (JA1)
    ----------------------------------------
    Total                      3.701ns (3.018ns logic, 0.683ns route)
                                       (81.6% logic, 18.4% route)

=========================================================================

Cross Clock Domains Report:
--------------------------

Clock to Setup on destination clock CLK
---------------+---------+---------+---------+---------+
               | Src:Rise| Src:Fall| Src:Rise| Src:Fall|
Source Clock   |Dest:Rise|Dest:Rise|Dest:Fall|Dest:Fall|
---------------+---------+---------+---------+---------+
CLK            |    3.616|         |         |         |
M4/sclclk      |    2.893|         |         |         |
---------------+---------+---------+---------+---------+

Clock to Setup on destination clock M4/sclclk
---------------+---------+---------+---------+---------+
               | Src:Rise| Src:Fall| Src:Rise| Src:Fall|
Source Clock   |Dest:Rise|Dest:Rise|Dest:Fall|Dest:Fall|
---------------+---------+---------+---------+---------+
CLK            |    4.766|         |         |         |
M4/sclclk      |    4.023|         |         |         |
---------------+---------+---------+---------+---------+

=========================================================================


Total REAL time to Xst completion: 8.00 secs
Total CPU time to Xst completion: 8.49 secs
 
--> 

Total memory usage is 193088 kilobytes

Number of errors   :    0 (   0 filtered)
Number of warnings :   36 (   0 filtered)
Number of infos    :    2 (   0 filtered)

