INFO:sim:172 - Generating IP...
Applying current project options...
Finished applying current project options.
Resolving generics for 'sinelut1'...
WARNING:sim - Verilog simulation file type 'Behavioral' is not valid for this
   core. Overriding with simulation file type 'Structural'.
WARNING:sim - A core named 'sinelut1' already exists in the project. Output
   products for this core may be overwritten.
Applying external generics to 'sinelut1'...
Delivering associated files for 'sinelut1'...
Delivering EJava files for 'sinelut1'...
Generating implementation netlist for 'sinelut1'...
INFO:sim - Pre-processing HDL files for 'sinelut1'...
Running synthesis for 'sinelut1'
Running ngcbuild...
Writing VEO instantiation template for 'sinelut1'...
WARNING:sim - Verilog simulation file type 'Behavioral' is not valid for this
   core. Overriding with simulation file type 'Structural'.
Writing Verilog structural simulation model for 'sinelut1'...
WARNING:sim - Verilog simulation file type 'Behavioral' is not valid for this
   core. Overriding with simulation file type 'Structural'.
Delivered 3 files into directory C:/s6EDPGA-v14/Chapter
4/sincoslut/ns3sincosdtmf/ipcore_dir/tmp/_cg/sinelut1
Delivered 1 file into directory C:/s6EDPGA-v14/Chapter
4/sincoslut/ns3sincosdtmf/ipcore_dir/tmp/_cg/sinelut1
Generating ASY schematic symbol...
INFO:sim:949 - Finished generation of ASY schematic symbol.
Generating SYM schematic symbol for 'sinelut1'...
Generating metadata file...
Regenerating ISE project file for 'sinelut1'...
Generating ISE project...
XCO file found: sinelut1.xco
XMDF file found: sinelut1_xmdf.tcl
Adding C:/s6EDPGA-v14/Chapter
4/sincoslut/ns3sincosdtmf/ipcore_dir/tmp/_cg/sinelut1.asy -view all -origin_type
imported
Adding C:/s6EDPGA-v14/Chapter
4/sincoslut/ns3sincosdtmf/ipcore_dir/tmp/_cg/sinelut1.ngc -view all -origin_type
created
Checking file "C:/s6EDPGA-v14/Chapter
4/sincoslut/ns3sincosdtmf/ipcore_dir/tmp/_cg/sinelut1.ngc" for project device
match ...
File "C:/s6EDPGA-v14/Chapter
4/sincoslut/ns3sincosdtmf/ipcore_dir/tmp/_cg/sinelut1.ngc" device information
matches project device.
Adding C:/s6EDPGA-v14/Chapter
4/sincoslut/ns3sincosdtmf/ipcore_dir/tmp/_cg/sinelut1.sym -view all -origin_type
imported
Adding C:/s6EDPGA-v14/Chapter
4/sincoslut/ns3sincosdtmf/ipcore_dir/tmp/_cg/sinelut1.v -view all -origin_type
created
INFO:HDLCompiler:1845 - Analyzing Verilog file "C:/s6EDPGA-v14/Chapter
   4/sincoslut/ns3sincosdtmf/ipcore_dir/tmp/_cg/sinelut1.v" into library work
INFO:ProjectMgmt - Parsing design hierarchy completed successfully.
Adding C:/s6EDPGA-v14/Chapter
4/sincoslut/ns3sincosdtmf/ipcore_dir/tmp/_cg/sinelut1.veo -view all -origin_type
imported
INFO:TclTasksC:2116 - The automatic calculation of top has been turned-off.
   Please set the new top explicitly by running the "project set top" command.
   To re-calculate the new top automatically, set the "Auto Implementation Top"
   property to true.
Top level has been set to "/sinelut1"
Generating README file...
Generating FLIST file...
INFO:sim:948 - Finished FLIST file generation.
Moving files to output directory...
Finished moving files to output directory
Wrote CGP file for project 'sinelut1'.
