--------------------------------------------------------------------------------
Release 14.7 Trace  (nt64)
Copyright (c) 1995-2013 Xilinx, Inc.  All rights reserved.

C:\Xilinx\14.7\ISE_DS\ISE\bin\nt64\unwrapped\trce.exe -intstyle ise -v 3 -s 3
-n 3 -fastpaths -xml lab3_topmodule.twx lab3_topmodule.ncd -o
lab3_topmodule.twr lab3_topmodule.pcf -ucf atlys.ucf

Design file:              lab3_topmodule.ncd
Physical constraint file: lab3_topmodule.pcf
Device,package,speed:     xc6slx45,csg324,C,-3 (PRODUCTION 1.23 2013-10-13)
Report level:             verbose report

Environment Variable      Effect 
--------------------      ------ 
NONE                      No environment variables were set
--------------------------------------------------------------------------------

INFO:Timing:2698 - No timing constraints found, doing default enumeration.
INFO:Timing:3412 - To improve timing, see the Timing Closure User Guide (UG612).
INFO:Timing:2752 - To get complete path coverage, use the unconstrained paths 
   option. All paths that are not constrained will be reported in the 
   unconstrained paths section(s) of the report.
INFO:Timing:3339 - The clock-to-out numbers in this timing report are based on 
   a 50 Ohm transmission line loading model.  For the details of this model, 
   and for more information on accounting for different loading conditions, 
   please see the device datasheet.



Data Sheet report:
-----------------
All values displayed in nanoseconds (ns)

Setup/Hold to clock CLK
------------+------------+------------+------------+------------+------------------+--------+
            |Max Setup to|  Process   |Max Hold to |  Process   |                  | Clock  |
Source      | clk (edge) |   Corner   | clk (edge) |   Corner   |Internal Clock(s) | Phase  |
------------+------------+------------+------------+------------+------------------+--------+
SW<0>       |    4.816(R)|      SLOW  |   -2.943(R)|      FAST  |CLK_BUFGP         |   0.000|
SW<1>       |    4.310(R)|      SLOW  |   -2.635(R)|      FAST  |CLK_BUFGP         |   0.000|
SW<2>       |    4.351(R)|      SLOW  |   -2.655(R)|      FAST  |CLK_BUFGP         |   0.000|
SW<3>       |    3.052(R)|      SLOW  |   -1.819(R)|      FAST  |CLK_BUFGP         |   0.000|
SW<4>       |    1.990(R)|      SLOW  |   -1.270(R)|      FAST  |CLK_BUFGP         |   0.000|
SW<5>       |    2.614(R)|      SLOW  |   -1.700(R)|      FAST  |CLK_BUFGP         |   0.000|
SW<6>       |    2.393(R)|      SLOW  |   -1.553(R)|      FAST  |CLK_BUFGP         |   0.000|
SW<7>       |    2.505(R)|      SLOW  |   -1.461(R)|      FAST  |CLK_BUFGP         |   0.000|
------------+------------+------------+------------+------------+------------------+--------+

Clock to Setup on destination clock CLK
---------------+---------+---------+---------+---------+
               | Src:Rise| Src:Fall| Src:Rise| Src:Fall|
Source Clock   |Dest:Rise|Dest:Rise|Dest:Fall|Dest:Fall|
---------------+---------+---------+---------+---------+
CLK            |    5.211|         |         |         |
---------------+---------+---------+---------+---------+


Analysis completed Wed Feb 26 23:26:08 2014 
--------------------------------------------------------------------------------

Trace Settings:
-------------------------
Trace Settings 

Peak Memory Usage: 309 MB



