ISim log file
Running: /home/students/tuc56100/xilinx/lab12/tb_bp_cu_isim_beh.exe -intstyle ise -gui -tclbatch isim.cmd -wdb /home/students/tuc56100/xilinx/lab12/tb_bp_cu_isim_beh.wdb 
ISim O.76xd (signature 0x8ddf5b5d)
This is a Full version of ISim.
Time resolution is 1 ps
# onerror resume
# wave add /
# run 1000 ns
Simulator is doing circuit initialization process.
Inputs: rst, ir -- Outputs: rf_s, alu_s, rf_w_addr, rf_rq_addr, rf_w_wr, ud_flags, datam_addr
Finished circuit initialization process.
1 xxxxxxxxxxxxxxxx | 0 000 0000 0000 00 0 00000000
0 0000010100001111 | 0 000 0000 0000 00 0 00000000
0 0000010100001111 | 0 000 1111 0000 00 0 00001111
0 0000010100001111 | 1 000 0101 0000 11 0 00001111
0 0001111011110000 | 0 000 1111 0000 00 0 00001111
0 0001111011110000 | 0 000 0000 1111 00 0 11110000
0 0001111011110000 | 1 000 1110 1111 00 0 11110000
0 0010000000110111 | 0 000 0000 1111 00 0 11110000
0 0010000000110111 | 0 000 0111 0011 00 0 00110111
0 0010000000110111 | 0 000 0011 0111 11 1 00110111
0 0011000000000010 | 0 000 0111 0011 00 0 00110111
0 0011000000000010 | 0 000 0010 0000 00 0 00000010
0 0011000000000010 | 0 010 0000 0010 11 1 00000010
0 0100000000101001 | 0 000 0010 0000 00 0 00000010
0 0100000000101001 | 0 000 1001 0010 00 0 00101001
0 0100000000101001 | 0 011 0010 1001 11 1 00101001
Simulation complete!!!
Stopped at time : 331 ns : File "/home/students/tuc56100/xilinx/lab12/tb_bp_cu.v" Line 98
# restart
# run all
Simulator is doing circuit initialization process.
Inputs: rst, ir -- Outputs: rf_s, alu_s, rf_w_addr, rf_rq_addr, rf_w_wr, ud_flags, datam_addr
Finished circuit initialization process.
1 xxxxxxxxxxxxxxxx | 0 000 0000 0000 00 0 00000000
0 0000010100001111 | 0 000 0000 0000 00 0 00000000
0 0000010100001111 | 0 000 1111 0000 00 0 00001111
0 0000010100001111 | 1 000 0101 0000 11 0 00001111
0 0001111011110000 | 0 000 1111 0000 00 0 00001111
0 0001111011110000 | 0 000 0000 1111 00 0 11110000
0 0001111011110000 | 1 000 1110 1111 00 0 11110000
0 0010000000110111 | 0 000 0000 1111 00 0 11110000
0 0010000000110111 | 0 000 0111 0011 00 0 00110111
0 0010000000110111 | 0 000 0011 0111 11 1 00110111
0 0011000000000010 | 0 000 0111 0011 00 0 00110111
0 0011000000000010 | 0 000 0010 0000 00 0 00000010
0 0011000000000010 | 0 010 0000 0010 11 1 00000010
0 0100000000101001 | 0 000 0010 0000 00 0 00000010
0 0100000000101001 | 0 000 1001 0010 00 0 00101001
0 0100000000101001 | 0 011 0010 1001 11 1 00101001
Simulation complete!!!
Stopped at time : 331 ns : File "/home/students/tuc56100/xilinx/lab12/tb_bp_cu.v" Line 98
