INFO:sim:172 - Generating IP...
Customizing IP...
Qt: Untested Windows version 6.2 detected!
Release 14.7 - Xilinx CORE Generator IP GUI Launcher P.20131013 (nt64)
Copyright (c) 1995-2013 Xilinx, Inc.  All rights reserved.
Finished Customizing.
Generating IP...
WARNING:sim:472 - The chosen IP does not support a Verilog behavioral model,
   generating a Verilog structural model instead.
XST: HDL Elaboration
XST: HDL Synthesis
XST: Advanced HDL Synthesis
XST: Low Level Synthesis
XST: Partition Report
XST: Design Summary
Generating Implementation files.
Generating NGC file.
Generating Verilog structural model.
Finished Generation.
Generating IP instantiation template...
Generating ASY schematic symbol...
INFO:sim:949 - Finished generation of ASY schematic symbol.
Generating SYM schematic symbol for 'filter'...
Generating metadata file...
Generating ISE project...
XCO file found: filter.xco
XMDF file found: filter_xmdf.tcl
Adding
C:/Users/vmartin/Documents/GitHub/embeddedLab/xilinx/lab7/ipcore_dir/tmp/_cg/fil
ter.asy -view all -origin_type imported
Adding
C:/Users/vmartin/Documents/GitHub/embeddedLab/xilinx/lab7/ipcore_dir/tmp/_cg/fil
ter.ngc -view all -origin_type created
Checking file
"C:/Users/vmartin/Documents/GitHub/embeddedLab/xilinx/lab7/ipcore_dir/tmp/_cg/fi
lter.ngc" for project device match ...
File
"C:/Users/vmartin/Documents/GitHub/embeddedLab/xilinx/lab7/ipcore_dir/tmp/_cg/fi
lter.ngc" device information matches project device.
Adding
C:/Users/vmartin/Documents/GitHub/embeddedLab/xilinx/lab7/ipcore_dir/tmp/_cg/fil
ter.sym -view all -origin_type imported
Adding
C:/Users/vmartin/Documents/GitHub/embeddedLab/xilinx/lab7/ipcore_dir/tmp/_cg/fil
ter.v -view all -origin_type created
INFO:HDLCompiler:1845 - Analyzing Verilog file
   "C:/Users/vmartin/Documents/GitHub/embeddedLab/xilinx/lab7/ipcore_dir/tmp/_cg
   /filter.v" into library work
INFO:ProjectMgmt - Parsing design hierarchy completed successfully.
Adding
C:/Users/vmartin/Documents/GitHub/embeddedLab/xilinx/lab7/ipcore_dir/tmp/_cg/fil
ter.veo -view all -origin_type imported
INFO:TclTasksC:2116 - The automatic calculation of top has been turned-off.
   Please set the new top explicitly by running the "project set top" command.
   To re-calculate the new top automatically, set the "Auto Implementation Top"
   property to true.
Top level has been set to "/filter"
Generating README file...
Generating FLIST file...
INFO:sim:948 - Finished FLIST file generation.
Launching README viewer...
Moving files to output directory...
Finished moving files to output directory
Wrote CGP file for project 'filter'.
