INFO:sim:172 - Generating IP...
Customizing IP...
Release 14.3 - Xilinx CORE Generator IP GUI Launcher P.40xd (nt)
Copyright (c) 1995-2012 Xilinx, Inc.  All rights reserved.
Finished Customizing.
Generating IP...
WARNING:sim:472 - The chosen IP does not support a Verilog behavioral model,
   generating a Verilog structural model instead.
XST: HDL Parsing
XST: HDL Elaboration
XST: HDL Synthesis
XST: Advanced HDL Synthesis
XST: Low Level Synthesis
Generating Implementation files.
Generating NGC file.
Generating Verilog structural model.
Finished Generation.
Generating IP instantiation template...
Generating ASY schematic symbol...
INFO:sim:949 - Finished generation of ASY schematic symbol.
Generating SYM schematic symbol for 'binbcddiv'...
Generating metadata file...
Generating ISE project...
XCO file found: binbcddiv.xco
XMDF file found: binbcddiv_xmdf.tcl
Adding C:/s6EDPGA-v14/Chapter 2/binBCDdivider/ipcore_dir/tmp/_cg/binbcddiv.asy
-view all -origin_type imported
Adding C:/s6EDPGA-v14/Chapter 2/binBCDdivider/ipcore_dir/tmp/_cg/binbcddiv.ngc
-view all -origin_type created
Checking file "C:/s6EDPGA-v14/Chapter
2/binBCDdivider/ipcore_dir/tmp/_cg/binbcddiv.ngc" for project device match ...
File "C:/s6EDPGA-v14/Chapter 2/binBCDdivider/ipcore_dir/tmp/_cg/binbcddiv.ngc"
device information matches project device.
Adding C:/s6EDPGA-v14/Chapter 2/binBCDdivider/ipcore_dir/tmp/_cg/binbcddiv.sym
-view all -origin_type imported
Adding C:/s6EDPGA-v14/Chapter 2/binBCDdivider/ipcore_dir/tmp/_cg/binbcddiv.v
-view all -origin_type created
INFO:HDLCompiler:1845 - Analyzing Verilog file "C:/s6EDPGA-v14/Chapter
   2/binBCDdivider/ipcore_dir/tmp/_cg/binbcddiv.v" into library work
INFO:ProjectMgmt - Parsing design hierarchy completed successfully.
Adding C:/s6EDPGA-v14/Chapter 2/binBCDdivider/ipcore_dir/tmp/_cg/binbcddiv.veo
-view all -origin_type imported
INFO:TclTasksC:2116 - The automatic calculation of top has been turned-off.
   Please set the new top explicitly by running the "project set top" command.
   To re-calculate the new top automatically, set the "Auto Implementation Top"
   property to true.
Top level has been set to "/binbcddiv"
Generating README file...
Generating FLIST file...
INFO:sim:948 - Finished FLIST file generation.
Launching README viewer...
Moving files to output directory...
Finished moving files to output directory
Wrote CGP file for project 'binbcddiv'.
