--------------------------------------------------------------------------------
Release 13.3 Trace  (lin64)
Copyright (c) 1995-2011 Xilinx, Inc.  All rights reserved.

/data/fhiggins/xilinx_se/ISE_DS/ISE/bin/lin64/unwrapped/trce -intstyle ise -v 3
-s 4 -n 3 -fastpaths -xml lab3_top_io_wrapper.twx lab3_top_io_wrapper.ncd -o
lab3_top_io_wrapper.twr lab3_top_io_wrapper.pcf -ucf 2612_lab3.ucf

Design file:              lab3_top_io_wrapper.ncd
Physical constraint file: lab3_top_io_wrapper.pcf
Device,package,speed:     xc3s500e,fg320,-4 (PRODUCTION 1.27 2011-10-03)
Report level:             verbose report

Environment Variable      Effect 
--------------------      ------ 
NONE                      No environment variables were set
--------------------------------------------------------------------------------

INFO:Timing:2698 - No timing constraints found, doing default enumeration.
INFO:Timing:2752 - To get complete path coverage, use the unconstrained paths 
   option. All paths that are not constrained will be reported in the 
   unconstrained paths section(s) of the report.
INFO:Timing:3339 - The clock-to-out numbers in this timing report are based on 
   a 50 Ohm transmission line loading model.  For the details of this model, 
   and for more information on accounting for different loading conditions, 
   please see the device datasheet.
INFO:Timing:3390 - This architecture does not support a default System Jitter 
   value, please add SYSTEM_JITTER constraint to the UCF to modify the Clock 
   Uncertainty calculation.
INFO:Timing:3389 - This architecture does not support 'Discrete Jitter' and 
   'Phase Error' calculations, these terms will be zero in the Clock 
   Uncertainty calculation.  Please make appropriate modification to 
   SYSTEM_JITTER to account for the unsupported Discrete Jitter and Phase 
   Error.



Data Sheet report:
-----------------
All values displayed in nanoseconds (ns)

Pad to Pad
---------------+---------------+---------+
Source Pad     |Destination Pad|  Delay  |
---------------+---------------+---------+
sw<0>          |seg<0>         |    8.083|
sw<0>          |seg<1>         |    8.637|
sw<0>          |seg<2>         |    7.401|
sw<0>          |seg<3>         |    7.838|
sw<0>          |seg<4>         |    7.062|
sw<0>          |seg<5>         |    7.173|
sw<0>          |seg<6>         |    6.869|
sw<1>          |seg<0>         |    7.179|
sw<1>          |seg<1>         |    7.733|
sw<1>          |seg<2>         |    7.494|
sw<1>          |seg<3>         |    7.804|
sw<1>          |seg<4>         |    8.465|
sw<1>          |seg<5>         |    7.349|
sw<1>          |seg<6>         |    6.835|
sw<2>          |seg<0>         |    7.718|
sw<2>          |seg<1>         |    8.272|
sw<2>          |seg<2>         |    7.884|
sw<2>          |seg<3>         |    8.368|
sw<2>          |seg<4>         |    8.827|
sw<2>          |seg<5>         |    7.711|
sw<2>          |seg<6>         |    7.399|
sw<3>          |seg<0>         |    7.891|
sw<3>          |seg<1>         |    8.445|
sw<3>          |seg<2>         |    8.204|
sw<3>          |seg<3>         |    8.459|
sw<3>          |seg<4>         |    9.120|
sw<3>          |seg<5>         |    8.004|
sw<3>          |seg<6>         |    7.490|
sw<4>          |seg<0>         |    7.796|
sw<4>          |seg<1>         |    8.350|
sw<4>          |seg<2>         |    8.586|
sw<4>          |seg<3>         |    8.353|
sw<4>          |seg<4>         |    9.414|
sw<4>          |seg<5>         |    8.298|
sw<4>          |seg<6>         |    7.569|
---------------+---------------+---------+


Analysis completed Tue Sep 11 19:40:27 2012 
--------------------------------------------------------------------------------

Trace Settings:
-------------------------
Trace Settings 

Peak Memory Usage: 345 MB



